{"/media/jzq520cxm/32C4F0C5C4F08C7B/yidengschool/ai-spa/src/utils/avatarGenerator.ts": {"path":"/media/jzq520cxm/32C4F0C5C4F08C7B/yidengschool/ai-spa/src/utils/avatarGenerator.ts","statementMap":{"0":{"start":{"line":1,"column":13},"end":{"line":1,"column":70}},"1":{"start":{"line":1,"column":99},"end":{"line":1,"column":221}},"2":{"start":{"line":1,"column":119},"end":{"line":1,"column":221}},"3":{"start":{"line":1,"column":222},"end":{"line":1,"column":389}},"4":{"start":{"line":1,"column":259},"end":{"line":1,"column":279}},"5":{"start":{"line":1,"column":310},"end":{"line":1,"column":339}},"6":{"start":{"line":1,"column":363},"end":{"line":1,"column":385}},"7":{"start":{"line":1,"column":418},"end":{"line":15,"column":51}},"8":{"start":{"line":1,"column":428},"end":{"line":1,"column":476}},"9":{"start":{"line":1,"column":467},"end":{"line":1,"column":476}},"10":{"start":{"line":1,"column":495},"end":{"line":1,"column":509}},"11":{"start":{"line":1,"column":510},"end":{"line":1,"column":544}},"12":{"start":{"line":1,"column":535},"end":{"line":1,"column":544}},"13":{"start":{"line":1,"column":557},"end":{"line":1,"column":591}},"14":{"start":{"line":1,"column":602},"end":{"line":15,"column":3}},"15":{"start":{"line":15,"column":4},"end":{"line":15,"column":50}},"16":{"start":{"line":15,"column":79},"end":{"line":15,"column":432}},"17":{"start":{"line":15,"column":89},"end":{"line":15,"column":175}},"18":{"start":{"line":15,"column":129},"end":{"line":15,"column":174}},"19":{"start":{"line":15,"column":186},"end":{"line":15,"column":235}},"20":{"start":{"line":15,"column":236},"end":{"line":15,"column":301}},"21":{"start":{"line":15,"column":255},"end":{"line":15,"column":300}},"22":{"start":{"line":15,"column":318},"end":{"line":15,"column":333}},"23":{"start":{"line":15,"column":353},"end":{"line":15,"column":369}},"24":{"start":{"line":15,"column":370},"end":{"line":15,"column":431}},"25":{"start":{"line":15,"column":451},"end":{"line":15,"column":765}},"26":{"start":{"line":15,"column":461},"end":{"line":15,"column":511}},"27":{"start":{"line":15,"column":500},"end":{"line":15,"column":511}},"28":{"start":{"line":15,"column":530},"end":{"line":15,"column":544}},"29":{"start":{"line":15,"column":545},"end":{"line":15,"column":581}},"30":{"start":{"line":15,"column":570},"end":{"line":15,"column":581}},"31":{"start":{"line":15,"column":598},"end":{"line":15,"column":631}},"32":{"start":{"line":15,"column":647},"end":{"line":15,"column":659}},"33":{"start":{"line":15,"column":660},"end":{"line":15,"column":704}},"34":{"start":{"line":15,"column":693},"end":{"line":15,"column":704}},"35":{"start":{"line":15,"column":704},"end":{"line":15,"column":764}},"36":{"start":{"line":15,"column":786},"end":{"line":15,"column":981}},"37":{"start":{"line":15,"column":796},"end":{"line":15,"column":844}},"38":{"start":{"line":15,"column":835},"end":{"line":15,"column":844}},"39":{"start":{"line":15,"column":863},"end":{"line":15,"column":870}},"40":{"start":{"line":15,"column":871},"end":{"line":15,"column":918}},"41":{"start":{"line":15,"column":898},"end":{"line":15,"column":918}},"42":{"start":{"line":15,"column":918},"end":{"line":15,"column":980}},"43":{"start":{"line":15,"column":1004},"end":{"line":15,"column":1218}},"44":{"start":{"line":15,"column":1016},"end":{"line":15,"column":1060}},"45":{"start":{"line":15,"column":1047},"end":{"line":15,"column":1060}},"46":{"start":{"line":15,"column":1060},"end":{"line":15,"column":1217}},"47":{"start":{"line":15,"column":1099},"end":{"line":15,"column":1108}},"48":{"start":{"line":15,"column":1109},"end":{"line":15,"column":1138}},"49":{"start":{"line":15,"column":1124},"end":{"line":15,"column":1137}},"50":{"start":{"line":15,"column":1138},"end":{"line":15,"column":1169}},"51":{"start":{"line":15,"column":1154},"end":{"line":15,"column":1168}},"52":{"start":{"line":15,"column":1169},"end":{"line":15,"column":1181}},"53":{"start":{"line":15,"column":1181},"end":{"line":15,"column":1215}},"54":{"start":{"line":15,"column":1196},"end":{"line":15,"column":1210}}},"fnMap":{"0":{"name":"_export","decl":{"start":{"line":1,"column":79},"end":{"line":1,"column":86}},"loc":{"start":{"line":1,"column":98},"end":{"line":1,"column":222}},"line":1},"1":{"name":"(anonymous_1)","decl":{"start":{"line":1,"column":239},"end":{"line":1,"column":240}},"loc":{"start":{"line":1,"column":258},"end":{"line":1,"column":280}},"line":1},"2":{"name":"(anonymous_2)","decl":{"start":{"line":1,"column":281},"end":{"line":1,"column":282}},"loc":{"start":{"line":1,"column":309},"end":{"line":1,"column":340}},"line":1},"3":{"name":"(anonymous_3)","decl":{"start":{"line":1,"column":341},"end":{"line":1,"column":342}},"loc":{"start":{"line":1,"column":362},"end":{"line":1,"column":386}},"line":1},"4":{"name":"(anonymous_4)","decl":{"start":{"line":1,"column":418},"end":{"line":1,"column":419}},"loc":{"start":{"line":1,"column":427},"end":{"line":15,"column":51}},"line":1},"5":{"name":"(anonymous_5)","decl":{"start":{"line":15,"column":79},"end":{"line":15,"column":80}},"loc":{"start":{"line":15,"column":88},"end":{"line":15,"column":432}},"line":15},"6":{"name":"(anonymous_6)","decl":{"start":{"line":15,"column":451},"end":{"line":15,"column":452}},"loc":{"start":{"line":15,"column":460},"end":{"line":15,"column":765}},"line":15},"7":{"name":"(anonymous_7)","decl":{"start":{"line":15,"column":786},"end":{"line":15,"column":787}},"loc":{"start":{"line":15,"column":795},"end":{"line":15,"column":981}},"line":15},"8":{"name":"(anonymous_8)","decl":{"start":{"line":15,"column":1004},"end":{"line":15,"column":1005}},"loc":{"start":{"line":15,"column":1015},"end":{"line":15,"column":1218}},"line":15},"9":{"name":"(anonymous_9)","decl":{"start":{"line":15,"column":1079},"end":{"line":15,"column":1080}},"loc":{"start":{"line":15,"column":1088},"end":{"line":15,"column":1216}},"line":15},"10":{"name":"(anonymous_10)","decl":{"start":{"line":15,"column":1120},"end":{"line":15,"column":1121}},"loc":{"start":{"line":15,"column":1124},"end":{"line":15,"column":1137}},"line":15},"11":{"name":"(anonymous_11)","decl":{"start":{"line":15,"column":1150},"end":{"line":15,"column":1151}},"loc":{"start":{"line":15,"column":1154},"end":{"line":15,"column":1168}},"line":15},"12":{"name":"(anonymous_12)","decl":{"start":{"line":15,"column":1192},"end":{"line":15,"column":1193}},"loc":{"start":{"line":15,"column":1196},"end":{"line":15,"column":1210}},"line":15}},"branchMap":{"0":{"loc":{"start":{"line":1,"column":428},"end":{"line":1,"column":476}},"type":"if","locations":[{"start":{"line":1,"column":428},"end":{"line":1,"column":476}},{"start":{},"end":{}}],"line":1},"1":{"loc":{"start":{"line":1,"column":431},"end":{"line":1,"column":466}},"type":"binary-expr","locations":[{"start":{"line":1,"column":431},"end":{"line":1,"column":439}},{"start":{"line":1,"column":441},"end":{"line":1,"column":466}}],"line":1},"2":{"loc":{"start":{"line":1,"column":510},"end":{"line":1,"column":544}},"type":"if","locations":[{"start":{"line":1,"column":510},"end":{"line":1,"column":544}},{"start":{},"end":{}}],"line":1},"3":{"loc":{"start":{"line":15,"column":89},"end":{"line":15,"column":175}},"type":"if","locations":[{"start":{"line":15,"column":89},"end":{"line":15,"column":175}},{"start":{},"end":{}}],"line":15},"4":{"loc":{"start":{"line":15,"column":92},"end":{"line":15,"column":127}},"type":"binary-expr","locations":[{"start":{"line":15,"column":92},"end":{"line":15,"column":100}},{"start":{"line":15,"column":102},"end":{"line":15,"column":127}}],"line":15},"5":{"loc":{"start":{"line":15,"column":186},"end":{"line":15,"column":235}},"type":"cond-expr","locations":[{"start":{"line":15,"column":211},"end":{"line":15,"column":227}},{"start":{"line":15,"column":228},"end":{"line":15,"column":235}}],"line":15},"6":{"loc":{"start":{"line":15,"column":236},"end":{"line":15,"column":301}},"type":"if","locations":[{"start":{"line":15,"column":236},"end":{"line":15,"column":301}},{"start":{},"end":{}}],"line":15},"7":{"loc":{"start":{"line":15,"column":461},"end":{"line":15,"column":511}},"type":"if","locations":[{"start":{"line":15,"column":461},"end":{"line":15,"column":511}},{"start":{},"end":{}}],"line":15},"8":{"loc":{"start":{"line":15,"column":464},"end":{"line":15,"column":499}},"type":"binary-expr","locations":[{"start":{"line":15,"column":464},"end":{"line":15,"column":472}},{"start":{"line":15,"column":474},"end":{"line":15,"column":499}}],"line":15},"9":{"loc":{"start":{"line":15,"column":545},"end":{"line":15,"column":581}},"type":"if","locations":[{"start":{"line":15,"column":545},"end":{"line":15,"column":581}},{"start":{},"end":{}}],"line":15},"10":{"loc":{"start":{"line":15,"column":598},"end":{"line":15,"column":631}},"type":"cond-expr","locations":[{"start":{"line":15,"column":628},"end":{"line":15,"column":629}},{"start":{"line":15,"column":630},"end":{"line":15,"column":631}}],"line":15},"11":{"loc":{"start":{"line":15,"column":660},"end":{"line":15,"column":704}},"type":"if","locations":[{"start":{"line":15,"column":660},"end":{"line":15,"column":704}},{"start":{},"end":{}}],"line":15},"12":{"loc":{"start":{"line":15,"column":796},"end":{"line":15,"column":844}},"type":"if","locations":[{"start":{"line":15,"column":796},"end":{"line":15,"column":844}},{"start":{},"end":{}}],"line":15},"13":{"loc":{"start":{"line":15,"column":799},"end":{"line":15,"column":834}},"type":"binary-expr","locations":[{"start":{"line":15,"column":799},"end":{"line":15,"column":807}},{"start":{"line":15,"column":809},"end":{"line":15,"column":834}}],"line":15},"14":{"loc":{"start":{"line":15,"column":871},"end":{"line":15,"column":918}},"type":"if","locations":[{"start":{"line":15,"column":871},"end":{"line":15,"column":918}},{"start":{},"end":{}}],"line":15},"15":{"loc":{"start":{"line":15,"column":1016},"end":{"line":15,"column":1060}},"type":"if","locations":[{"start":{"line":15,"column":1016},"end":{"line":15,"column":1060}},{"start":{},"end":{}}],"line":15},"16":{"loc":{"start":{"line":15,"column":1019},"end":{"line":15,"column":1046}},"type":"binary-expr","locations":[{"start":{"line":15,"column":1019},"end":{"line":15,"column":1023}},{"start":{"line":15,"column":1025},"end":{"line":15,"column":1046}}],"line":15}},"s":{"0":1,"1":1,"2":3,"3":1,"4":17,"5":61,"6":7,"7":1,"8":61,"9":14,"10":47,"11":47,"12":10,"13":37,"14":37,"15":37,"16":1,"17":37,"18":0,"19":37,"20":37,"21":15,"22":22,"23":22,"24":22,"25":1,"26":37,"27":0,"28":37,"29":37,"30":0,"31":37,"32":37,"33":37,"34":0,"35":37,"36":1,"37":17,"38":7,"39":10,"40":10,"41":5,"42":5,"43":1,"44":7,"45":4,"46":3,"47":3,"48":3,"49":1,"50":3,"51":1,"52":3,"53":3,"54":3},"f":{"0":1,"1":17,"2":61,"3":7,"4":61,"5":37,"6":37,"7":17,"8":7,"9":3,"10":1,"11":1,"12":3},"b":{"0":[14,47],"1":[61,51],"2":[10,37],"3":[0,37],"4":[37,37],"5":[23,14],"6":[15,22],"7":[0,37],"8":[37,37],"9":[0,37],"10":[23,14],"11":[0,37],"12":[7,10],"13":[17,11],"14":[5,5],"15":[4,3],"16":[7,4]},"inputSourceMap":{"0":"{","1":"\"","2":"v","3":"e","4":"r","5":"s","6":"i","7":"o","8":"n","9":"\"","10":":","11":"3","12":",","13":"\"","14":"s","15":"o","16":"u","17":"r","18":"c","19":"e","20":"s","21":"\"","22":":","23":"[","24":"\"","25":"/","26":"m","27":"e","28":"d","29":"i","30":"a","31":"/","32":"j","33":"z","34":"q","35":"5","36":"2","37":"0","38":"c","39":"x","40":"m","41":"/","42":"3","43":"2","44":"C","45":"4","46":"F","47":"0","48":"C","49":"5","50":"C","51":"4","52":"F","53":"0","54":"8","55":"C","56":"7","57":"B","58":"/","59":"y","60":"i","61":"d","62":"e","63":"n","64":"g","65":"s","66":"c","67":"h","68":"o","69":"o","70":"l","71":"/","72":"a","73":"i","74":"-","75":"s","76":"p","77":"a","78":"/","79":"s","80":"r","81":"c","82":"/","83":"u","84":"t","85":"i","86":"l","87":"s","88":"/","89":"a","90":"v","91":"a","92":"t","93":"a","94":"r","95":"G","96":"e","97":"n","98":"e","99":"r","100":"a","101":"t","102":"o","103":"r","104":".","105":"t","106":"s","107":"\"","108":"]","109":",","110":"\"","111":"s","112":"o","113":"u","114":"r","115":"c","116":"e","117":"s","118":"C","119":"o","120":"n","121":"t","122":"e","123":"n","124":"t","125":"\"","126":":","127":"[","128":"\"","129":"/","130":"/","131":" ","132":"s","133":"r","134":"c","135":"/","136":"u","137":"t","138":"i","139":"l","140":"s","141":"/","142":"a","143":"v","144":"a","145":"t","146":"a","147":"r","148":"G","149":"e","150":"n","151":"e","152":"r","153":"a","154":"t","155":"o","156":"r","157":".","158":"t","159":"s","160":"\\","161":"n","162":"\\","163":"n","164":"/","165":"*","166":"*","167":"\\","168":"n","169":" ","170":"*","171":" ","172":"生","173":"成","174":"基","175":"于","176":"地","177":"址","178":"的","179":"渐","180":"变","181":"色","182":"头","183":"像","184":"\\","185":"n","186":" ","187":"*","188":"/","189":"\\","190":"n","191":"e","192":"x","193":"p","194":"o","195":"r","196":"t","197":" ","198":"c","199":"o","200":"n","201":"s","202":"t","203":" ","204":"g","205":"e","206":"n","207":"e","208":"r","209":"a","210":"t","211":"e","212":"G","213":"r","214":"a","215":"d","216":"i","217":"e","218":"n","219":"t","220":"A","221":"v","222":"a","223":"t","224":"a","225":"r","226":" ","227":"=","228":" ","229":"(","230":"a","231":"d","232":"d","233":"r","234":"e","235":"s","236":"s","237":":","238":" ","239":"s","240":"t","241":"r","242":"i","243":"n","244":"g","245":" ","246":"|","247":" ","248":"n","249":"u","250":"l","251":"l","252":" ","253":"|","254":" ","255":"u","256":"n","257":"d","258":"e","259":"f","260":"i","261":"n","262":"e","263":"d","264":")","265":":","266":" ","267":"s","268":"t","269":"r","270":"i","271":"n","272":"g","273":" ","274":"=","275":">","276":" ","277":"{","278":"\\","279":"n","280":" ","281":" ","282":" ","283":" ","284":"i","285":"f","286":" ","287":"(","288":"!","289":"a","290":"d","291":"d","292":"r","293":"e","294":"s","295":"s","296":" ","297":"|","298":"|","299":" ","300":"t","301":"y","302":"p","303":"e","304":"o","305":"f","306":" ","307":"a","308":"d","309":"d","310":"r","311":"e","312":"s","313":"s","314":" ","315":"!","316":"=","317":"=","318":" ","319":"'","320":"s","321":"t","322":"r","323":"i","324":"n","325":"g","326":"'","327":")","328":" ","329":"r","330":"e","331":"t","332":"u","333":"r","334":"n","335":" ","336":"'","337":"'","338":";","339":"\\","340":"n","341":"\\","342":"n","343":" ","344":" ","345":" ","346":" ","347":"/","348":"/","349":" ","350":"确","351":"保","352":"地","353":"址","354":"格","355":"式","356":"正","357":"确","358":"\\","359":"n","360":" ","361":" ","362":" ","363":" ","364":"c","365":"o","366":"n","367":"s","368":"t","369":" ","370":"c","371":"l","372":"e","373":"a","374":"n","375":"A","376":"d","377":"d","378":"r","379":"e","380":"s","381":"s","382":" ","383":"=","384":" ","385":"a","386":"d","387":"d","388":"r","389":"e","390":"s","391":"s","392":".","393":"t","394":"r","395":"i","396":"m","397":"(","398":")","399":";","400":"\\","401":"n","402":" ","403":" ","404":" ","405":" ","406":"i","407":"f","408":" ","409":"(","410":"c","411":"l","412":"e","413":"a","414":"n","415":"A","416":"d","417":"d","418":"r","419":"e","420":"s","421":"s","422":".","423":"l","424":"e","425":"n","426":"g","427":"t","428":"h","429":" ","430":"<","431":" ","432":"6","433":")","434":" ","435":"r","436":"e","437":"t","438":"u","439":"r","440":"n","441":" ","442":"'","443":"'","444":";","445":"\\","446":"n","447":"\\","448":"n","449":" ","450":" ","451":" ","452":" ","453":"/","454":"/","455":" ","456":"基","457":"于","458":"地","459":"址","460":"生","461":"成","462":"颜","463":"色","464":"\\","465":"n","466":" ","467":" ","468":" ","469":" ","470":"c","471":"o","472":"n","473":"s","474":"t","475":" ","476":"c","477":"o","478":"l","479":"o","480":"r","481":"s","482":" ","483":"=","484":" ","485":"g","486":"e","487":"t","488":"C","489":"o","490":"l","491":"o","492":"r","493":"s","494":"F","495":"r","496":"o","497":"m","498":"A","499":"d","500":"d","501":"r","502":"e","503":"s","504":"s","505":"(","506":"c","507":"l","508":"e","509":"a","510":"n","511":"A","512":"d","513":"d","514":"r","515":"e","516":"s","517":"s","518":")","519":";","520":"\\","521":"n","522":"\\","523":"n","524":" ","525":" ","526":" ","527":" ","528":"c","529":"o","530":"n","531":"s","532":"t","533":" ","534":"s","535":"v","536":"g","537":" ","538":"=","539":" ","540":"`","541":"\\","542":"n","543":" ","544":" ","545":" ","546":" ","547":"<","548":"s","549":"v","550":"g","551":" ","552":"w","553":"i","554":"d","555":"t","556":"h","557":"=","558":"\\","559":"\"","560":"4","561":"0","562":"\\","563":"\"","564":" ","565":"h","566":"e","567":"i","568":"g","569":"h","570":"t","571":"=","572":"\\","573":"\"","574":"4","575":"0","576":"\\","577":"\"","578":" ","579":"v","580":"i","581":"e","582":"w","583":"B","584":"o","585":"x","586":"=","587":"\\","588":"\"","589":"0","590":" ","591":"0","592":" ","593":"4","594":"0","595":" ","596":"4","597":"0","598":"\\","599":"\"","600":" ","601":"x","602":"m","603":"l","604":"n","605":"s","606":"=","607":"\\","608":"\"","609":"h","610":"t","611":"t","612":"p","613":":","614":"/","615":"/","616":"w","617":"w","618":"w","619":".","620":"w","621":"3","622":".","623":"o","624":"r","625":"g","626":"/","627":"2","628":"0","629":"0","630":"0","631":"/","632":"s","633":"v","634":"g","635":"\\","636":"\"","637":">","638":"\\","639":"n","640":" ","641":" ","642":" ","643":" ","644":" ","645":" ","646":"<","647":"d","648":"e","649":"f","650":"s","651":">","652":"\\","653":"n","654":" ","655":" ","656":" ","657":" ","658":" ","659":" ","660":" ","661":" ","662":"<","663":"l","664":"i","665":"n","666":"e","667":"a","668":"r","669":"G","670":"r","671":"a","672":"d","673":"i","674":"e","675":"n","676":"t","677":" ","678":"i","679":"d","680":"=","681":"\\","682":"\"","683":"g","684":"r","685":"a","686":"d","687":"-","688":"$","689":"{","690":"c","691":"l","692":"e","693":"a","694":"n","695":"A","696":"d","697":"d","698":"r","699":"e","700":"s","701":"s","702":".","703":"s","704":"l","705":"i","706":"c","707":"e","708":"(","709":"2","710":",","711":" ","712":"8","713":")","714":"}","715":"\\","716":"\"","717":" ","718":"x","719":"1","720":"=","721":"\\","722":"\"","723":"0","724":"%","725":"\\","726":"\"","727":" ","728":"y","729":"1","730":"=","731":"\\","732":"\"","733":"0","734":"%","735":"\\","736":"\"","737":" ","738":"x","739":"2","740":"=","741":"\\","742":"\"","743":"1","744":"0","745":"0","746":"%","747":"\\","748":"\"","749":" ","750":"y","751":"2","752":"=","753":"\\","754":"\"","755":"1","756":"0","757":"0","758":"%","759":"\\","760":"\"","761":">","762":"\\","763":"n","764":" ","765":" ","766":" ","767":" ","768":" ","769":" ","770":" ","771":" ","772":" ","773":" ","774":"<","775":"s","776":"t","777":"o","778":"p","779":" ","780":"o","781":"f","782":"f","783":"s","784":"e","785":"t","786":"=","787":"\\","788":"\"","789":"0","790":"%","791":"\\","792":"\"","793":" ","794":"s","795":"t","796":"y","797":"l","798":"e","799":"=","800":"\\","801":"\"","802":"s","803":"t","804":"o","805":"p","806":"-","807":"c","808":"o","809":"l","810":"o","811":"r","812":":","813":"$","814":"{","815":"c","816":"o","817":"l","818":"o","819":"r","820":"s","821":".","822":"p","823":"r","824":"i","825":"m","826":"a","827":"r","828":"y","829":"}","830":";","831":"s","832":"t","833":"o","834":"p","835":"-","836":"o","837":"p","838":"a","839":"c","840":"i","841":"t","842":"y","843":":","844":"1","845":"\\","846":"\"","847":" ","848":"/","849":">","850":"\\","851":"n","852":" ","853":" ","854":" ","855":" ","856":" ","857":" ","858":" ","859":" ","860":" ","861":" ","862":"<","863":"s","864":"t","865":"o","866":"p","867":" ","868":"o","869":"f","870":"f","871":"s","872":"e","873":"t","874":"=","875":"\\","876":"\"","877":"1","878":"0","879":"0","880":"%","881":"\\","882":"\"","883":" ","884":"s","885":"t","886":"y","887":"l","888":"e","889":"=","890":"\\","891":"\"","892":"s","893":"t","894":"o","895":"p","896":"-","897":"c","898":"o","899":"l","900":"o","901":"r","902":":","903":"$","904":"{","905":"c","906":"o","907":"l","908":"o","909":"r","910":"s","911":".","912":"s","913":"e","914":"c","915":"o","916":"n","917":"d","918":"a","919":"r","920":"y","921":"}","922":";","923":"s","924":"t","925":"o","926":"p","927":"-","928":"o","929":"p","930":"a","931":"c","932":"i","933":"t","934":"y","935":":","936":"1","937":"\\","938":"\"","939":" ","940":"/","941":">","942":"\\","943":"n","944":" ","945":" ","946":" ","947":" ","948":" ","949":" ","950":" ","951":" ","952":"<","953":"/","954":"l","955":"i","956":"n","957":"e","958":"a","959":"r","960":"G","961":"r","962":"a","963":"d","964":"i","965":"e","966":"n","967":"t","968":">","969":"\\","970":"n","971":" ","972":" ","973":" ","974":" ","975":" ","976":" ","977":"<","978":"/","979":"d","980":"e","981":"f","982":"s","983":">","984":"\\","985":"n","986":" ","987":" ","988":" ","989":" ","990":" ","991":" ","992":"<","993":"c","994":"i","995":"r","996":"c","997":"l","998":"e","999":" ","1000":"c","1001":"x","1002":"=","1003":"\\","1004":"\"","1005":"2","1006":"0","1007":"\\","1008":"\"","1009":" ","1010":"c","1011":"y","1012":"=","1013":"\\","1014":"\"","1015":"2","1016":"0","1017":"\\","1018":"\"","1019":" ","1020":"r","1021":"=","1022":"\\","1023":"\"","1024":"2","1025":"0","1026":"\\","1027":"\"","1028":" ","1029":"f","1030":"i","1031":"l","1032":"l","1033":"=","1034":"\\","1035":"\"","1036":"u","1037":"r","1038":"l","1039":"(","1040":"#","1041":"g","1042":"r","1043":"a","1044":"d","1045":"-","1046":"$","1047":"{","1048":"c","1049":"l","1050":"e","1051":"a","1052":"n","1053":"A","1054":"d","1055":"d","1056":"r","1057":"e","1058":"s","1059":"s","1060":".","1061":"s","1062":"l","1063":"i","1064":"c","1065":"e","1066":"(","1067":"2","1068":",","1069":" ","1070":"8","1071":")","1072":"}","1073":")","1074":"\\","1075":"\"","1076":" ","1077":"/","1078":">","1079":"\\","1080":"n","1081":" ","1082":" ","1083":" ","1084":" ","1085":" ","1086":" ","1087":"<","1088":"t","1089":"e","1090":"x","1091":"t","1092":" ","1093":"x","1094":"=","1095":"\\","1096":"\"","1097":"2","1098":"0","1099":"\\","1100":"\"","1101":" ","1102":"y","1103":"=","1104":"\\","1105":"\"","1106":"2","1107":"6","1108":"\\","1109":"\"","1110":" ","1111":"f","1112":"o","1113":"n","1114":"t","1115":"-","1116":"f","1117":"a","1118":"m","1119":"i","1120":"l","1121":"y","1122":"=","1123":"\\","1124":"\"","1125":"A","1126":"r","1127":"i","1128":"a","1129":"l","1130":",","1131":" ","1132":"s","1133":"a","1134":"n","1135":"s","1136":"-","1137":"s","1138":"e","1139":"r","1140":"i","1141":"f","1142":"\\","1143":"\"","1144":" ","1145":"f","1146":"o","1147":"n","1148":"t","1149":"-","1150":"s","1151":"i","1152":"z","1153":"e","1154":"=","1155":"\\","1156":"\"","1157":"1","1158":"6","1159":"\\","1160":"\"","1161":" ","1162":"f","1163":"o","1164":"n","1165":"t","1166":"-","1167":"w","1168":"e","1169":"i","1170":"g","1171":"h","1172":"t","1173":"=","1174":"\\","1175":"\"","1176":"b","1177":"o","1178":"l","1179":"d","1180":"\\","1181":"\"","1182":" ","1183":"\\","1184":"n","1185":" ","1186":" ","1187":" ","1188":" ","1189":" ","1190":" ","1191":" ","1192":" ","1193":" ","1194":" ","1195":" ","1196":" ","1197":"t","1198":"e","1199":"x","1200":"t","1201":"-","1202":"a","1203":"n","1204":"c","1205":"h","1206":"o","1207":"r","1208":"=","1209":"\\","1210":"\"","1211":"m","1212":"i","1213":"d","1214":"d","1215":"l","1216":"e","1217":"\\","1218":"\"","1219":" ","1220":"f","1221":"i","1222":"l","1223":"l","1224":"=","1225":"\\","1226":"\"","1227":"w","1228":"h","1229":"i","1230":"t","1231":"e","1232":"\\","1233":"\"","1234":">","1235":"\\","1236":"n","1237":" ","1238":" ","1239":" ","1240":" ","1241":" ","1242":" ","1243":" ","1244":" ","1245":"$","1246":"{","1247":"g","1248":"e","1249":"t","1250":"I","1251":"n","1252":"i","1253":"t","1254":"i","1255":"a","1256":"l","1257":"s","1258":"(","1259":"c","1260":"l","1261":"e","1262":"a","1263":"n","1264":"A","1265":"d","1266":"d","1267":"r","1268":"e","1269":"s","1270":"s","1271":")","1272":"}","1273":"\\","1274":"n","1275":" ","1276":" ","1277":" ","1278":" ","1279":" ","1280":" ","1281":"<","1282":"/","1283":"t","1284":"e","1285":"x","1286":"t","1287":">","1288":"\\","1289":"n","1290":" ","1291":" ","1292":" ","1293":" ","1294":"<","1295":"/","1296":"s","1297":"v","1298":"g","1299":">","1300":"\\","1301":"n","1302":" ","1303":" ","1304":"`","1305":";","1306":"\\","1307":"n","1308":"\\","1309":"n","1310":" ","1311":" ","1312":" ","1313":" ","1314":"r","1315":"e","1316":"t","1317":"u","1318":"r","1319":"n","1320":" ","1321":"`","1322":"d","1323":"a","1324":"t","1325":"a","1326":":","1327":"i","1328":"m","1329":"a","1330":"g","1331":"e","1332":"/","1333":"s","1334":"v","1335":"g","1336":"+","1337":"x","1338":"m","1339":"l","1340":";","1341":"b","1342":"a","1343":"s","1344":"e","1345":"6","1346":"4","1347":",","1348":"$","1349":"{","1350":"b","1351":"t","1352":"o","1353":"a","1354":"(","1355":"s","1356":"v","1357":"g","1358":")","1359":"}","1360":"`","1361":";","1362":"\\","1363":"n","1364":"}","1365":";","1366":"\\","1367":"n","1368":"\\","1369":"n","1370":"/","1371":"*","1372":"*","1373":"\\","1374":"n","1375":" ","1376":"*","1377":" ","1378":"基","1379":"于","1380":"地","1381":"址","1382":"生","1383":"成","1384":"颜","1385":"色","1386":"\\","1387":"n","1388":" ","1389":"*","1390":"/","1391":"\\","1392":"n","1393":"c","1394":"o","1395":"n","1396":"s","1397":"t","1398":" ","1399":"g","1400":"e","1401":"t","1402":"C","1403":"o","1404":"l","1405":"o","1406":"r","1407":"s","1408":"F","1409":"r","1410":"o","1411":"m","1412":"A","1413":"d","1414":"d","1415":"r","1416":"e","1417":"s","1418":"s","1419":" ","1420":"=","1421":" ","1422":"(","1423":"a","1424":"d","1425":"d","1426":"r","1427":"e","1428":"s","1429":"s","1430":":","1431":" ","1432":"s","1433":"t","1434":"r","1435":"i","1436":"n","1437":"g","1438":")","1439":" ","1440":"=","1441":">","1442":" ","1443":"{","1444":"\\","1445":"n","1446":" ","1447":" ","1448":" ","1449":" ","1450":"i","1451":"f","1452":" ","1453":"(","1454":"!","1455":"a","1456":"d","1457":"d","1458":"r","1459":"e","1460":"s","1461":"s","1462":" ","1463":"|","1464":"|","1465":" ","1466":"t","1467":"y","1468":"p","1469":"e","1470":"o","1471":"f","1472":" ","1473":"a","1474":"d","1475":"d","1476":"r","1477":"e","1478":"s","1479":"s","1480":" ","1481":"!","1482":"=","1483":"=","1484":" ","1485":"'","1486":"s","1487":"t","1488":"r","1489":"i","1490":"n","1491":"g","1492":"'","1493":")","1494":" ","1495":"{","1496":"\\","1497":"n","1498":" ","1499":" ","1500":" ","1501":" ","1502":" ","1503":" ","1504":" ","1505":" ","1506":"r","1507":"e","1508":"t","1509":"u","1510":"r","1511":"n","1512":" ","1513":"{","1514":" ","1515":"p","1516":"r","1517":"i","1518":"m","1519":"a","1520":"r","1521":"y","1522":":","1523":" ","1524":"'","1525":"#","1526":"6","1527":"6","1528":"6","1529":"6","1530":"6","1531":"6","1532":"'","1533":",","1534":" ","1535":"s","1536":"e","1537":"c","1538":"o","1539":"n","1540":"d","1541":"a","1542":"r","1543":"y","1544":":","1545":" ","1546":"'","1547":"#","1548":"9","1549":"9","1550":"9","1551":"9","1552":"9","1553":"9","1554":"'","1555":" ","1556":"}","1557":";","1558":"\\","1559":"n","1560":" ","1561":" ","1562":" ","1563":" ","1564":"}","1565":"\\","1566":"n","1567":"\\","1568":"n","1569":" ","1570":" ","1571":" ","1572":" ","1573":"c","1574":"o","1575":"n","1576":"s","1577":"t","1578":" ","1579":"h","1580":"a","1581":"s","1582":"h","1583":" ","1584":"=","1585":" ","1586":"a","1587":"d","1588":"d","1589":"r","1590":"e","1591":"s","1592":"s","1593":".","1594":"s","1595":"t","1596":"a","1597":"r","1598":"t","1599":"s","1600":"W","1601":"i","1602":"t","1603":"h","1604":"(","1605":"'","1606":"0","1607":"x","1608":"'","1609":")","1610":" ","1611":"?","1612":" ","1613":"a","1614":"d","1615":"d","1616":"r","1617":"e","1618":"s","1619":"s","1620":".","1621":"s","1622":"l","1623":"i","1624":"c","1625":"e","1626":"(","1627":"2","1628":")","1629":" ","1630":":","1631":" ","1632":"a","1633":"d","1634":"d","1635":"r","1636":"e","1637":"s","1638":"s","1639":";","1640":" ","1641":"/","1642":"/","1643":" ","1644":"移","1645":"除","1646":" ","1647":"0","1648":"x","1649":"\\","1650":"n","1651":"\\","1652":"n","1653":" ","1654":" ","1655":" ","1656":" ","1657":"/","1658":"/","1659":" ","1660":"确","1661":"保","1662":"有","1663":"足","1664":"够","1665":"的","1666":"字","1667":"符","1668":"\\","1669":"n","1670":" ","1671":" ","1672":" ","1673":" ","1674":"i","1675":"f","1676":" ","1677":"(","1678":"h","1679":"a","1680":"s","1681":"h","1682":".","1683":"l","1684":"e","1685":"n","1686":"g","1687":"t","1688":"h","1689":" ","1690":"<","1691":" ","1692":"1","1693":"2","1694":")","1695":" ","1696":"{","1697":"\\","1698":"n","1699":" ","1700":" ","1701":" ","1702":" ","1703":" ","1704":" ","1705":" ","1706":" ","1707":"r","1708":"e","1709":"t","1710":"u","1711":"r","1712":"n","1713":" ","1714":"{","1715":" ","1716":"p","1717":"r","1718":"i","1719":"m","1720":"a","1721":"r","1722":"y","1723":":","1724":" ","1725":"'","1726":"#","1727":"6","1728":"6","1729":"6","1730":"6","1731":"6","1732":"6","1733":"'","1734":",","1735":" ","1736":"s","1737":"e","1738":"c","1739":"o","1740":"n","1741":"d","1742":"a","1743":"r","1744":"y","1745":":","1746":" ","1747":"'","1748":"#","1749":"9","1750":"9","1751":"9","1752":"9","1753":"9","1754":"9","1755":"'","1756":" ","1757":"}","1758":";","1759":"\\","1760":"n","1761":" ","1762":" ","1763":" ","1764":" ","1765":"}","1766":"\\","1767":"n","1768":"\\","1769":"n","1770":" ","1771":" ","1772":" ","1773":" ","1774":"/","1775":"/","1776":" ","1777":"使","1778":"用","1779":"地","1780":"址","1781":"的","1782":"不","1783":"同","1784":"部","1785":"分","1786":"生","1787":"成","1788":"两","1789":"个","1790":"颜","1791":"色","1792":"\\","1793":"n","1794":" ","1795":" ","1796":" ","1797":" ","1798":"c","1799":"o","1800":"n","1801":"s","1802":"t","1803":" ","1804":"p","1805":"r","1806":"i","1807":"m","1808":"a","1809":"r","1810":"y","1811":"H","1812":"e","1813":"x","1814":" ","1815":"=","1816":" ","1817":"h","1818":"a","1819":"s","1820":"h","1821":".","1822":"s","1823":"l","1824":"i","1825":"c","1826":"e","1827":"(","1828":"0","1829":",","1830":" ","1831":"6","1832":")","1833":";","1834":"\\","1835":"n","1836":" ","1837":" ","1838":" ","1839":" ","1840":"c","1841":"o","1842":"n","1843":"s","1844":"t","1845":" ","1846":"s","1847":"e","1848":"c","1849":"o","1850":"n","1851":"d","1852":"a","1853":"r","1854":"y","1855":"H","1856":"e","1857":"x","1858":" ","1859":"=","1860":" ","1861":"h","1862":"a","1863":"s","1864":"h","1865":".","1866":"s","1867":"l","1868":"i","1869":"c","1870":"e","1871":"(","1872":"6","1873":",","1874":" ","1875":"1","1876":"2","1877":")","1878":";","1879":"\\","1880":"n","1881":"\\","1882":"n","1883":" ","1884":" ","1885":" ","1886":" ","1887":"r","1888":"e","1889":"t","1890":"u","1891":"r","1892":"n","1893":" ","1894":"{","1895":"\\","1896":"n","1897":" ","1898":" ","1899":" ","1900":" ","1901":" ","1902":" ","1903":" ","1904":" ","1905":"p","1906":"r","1907":"i","1908":"m","1909":"a","1910":"r","1911":"y","1912":":","1913":" ","1914":"`","1915":"#","1916":"$","1917":"{","1918":"p","1919":"r","1920":"i","1921":"m","1922":"a","1923":"r","1924":"y","1925":"H","1926":"e","1927":"x","1928":"}","1929":"`","1930":",","1931":"\\","1932":"n","1933":" ","1934":" ","1935":" ","1936":" ","1937":" ","1938":" ","1939":" ","1940":" ","1941":"s","1942":"e","1943":"c","1944":"o","1945":"n","1946":"d","1947":"a","1948":"r","1949":"y","1950":":","1951":" ","1952":"`","1953":"#","1954":"$","1955":"{","1956":"s","1957":"e","1958":"c","1959":"o","1960":"n","1961":"d","1962":"a","1963":"r","1964":"y","1965":"H","1966":"e","1967":"x","1968":"}","1969":"`","1970":",","1971":"\\","1972":"n","1973":" ","1974":" ","1975":" ","1976":" ","1977":"}","1978":";","1979":"\\","1980":"n","1981":"}","1982":";","1983":"\\","1984":"n","1985":"\\","1986":"n","1987":"/","1988":"*","1989":"*","1990":"\\","1991":"n","1992":" ","1993":"*","1994":" ","1995":"从","1996":"地","1997":"址","1998":"生","1999":"成","2000":"首","2001":"字","2002":"母","2003":"\\","2004":"n","2005":" ","2006":"*","2007":"/","2008":"\\","2009":"n","2010":"c","2011":"o","2012":"n","2013":"s","2014":"t","2015":" ","2016":"g","2017":"e","2018":"t","2019":"I","2020":"n","2021":"i","2022":"t","2023":"i","2024":"a","2025":"l","2026":"s","2027":" ","2028":"=","2029":" ","2030":"(","2031":"a","2032":"d","2033":"d","2034":"r","2035":"e","2036":"s","2037":"s","2038":":","2039":" ","2040":"s","2041":"t","2042":"r","2043":"i","2044":"n","2045":"g","2046":" ","2047":"|","2048":" ","2049":"n","2050":"u","2051":"l","2052":"l","2053":" ","2054":"|","2055":" ","2056":"u","2057":"n","2058":"d","2059":"e","2060":"f","2061":"i","2062":"n","2063":"e","2064":"d","2065":")","2066":":","2067":" ","2068":"s","2069":"t","2070":"r","2071":"i","2072":"n","2073":"g","2074":" ","2075":"=","2076":">","2077":" ","2078":"{","2079":"\\","2080":"n","2081":" ","2082":" ","2083":" ","2084":" ","2085":"i","2086":"f","2087":" ","2088":"(","2089":"!","2090":"a","2091":"d","2092":"d","2093":"r","2094":"e","2095":"s","2096":"s","2097":" ","2098":"|","2099":"|","2100":" ","2101":"t","2102":"y","2103":"p","2104":"e","2105":"o","2106":"f","2107":" ","2108":"a","2109":"d","2110":"d","2111":"r","2112":"e","2113":"s","2114":"s","2115":" ","2116":"!","2117":"=","2118":"=","2119":" ","2120":"'","2121":"s","2122":"t","2123":"r","2124":"i","2125":"n","2126":"g","2127":"'","2128":")","2129":" ","2130":"r","2131":"e","2132":"t","2133":"u","2134":"r","2135":"n","2136":" ","2137":"'","2138":"?","2139":"?","2140":"'","2141":";","2142":"\\","2143":"n","2144":"\\","2145":"n","2146":" ","2147":" ","2148":" ","2149":" ","2150":"c","2151":"o","2152":"n","2153":"s","2154":"t","2155":" ","2156":"c","2157":"l","2158":"e","2159":"a","2160":"n","2161":"A","2162":"d","2163":"d","2164":"r","2165":"e","2166":"s","2167":"s","2168":" ","2169":"=","2170":" ","2171":"a","2172":"d","2173":"d","2174":"r","2175":"e","2176":"s","2177":"s","2178":".","2179":"t","2180":"r","2181":"i","2182":"m","2183":"(","2184":")","2185":";","2186":"\\","2187":"n","2188":"\\","2189":"n","2190":" ","2191":" ","2192":" ","2193":" ","2194":"/","2195":"/","2196":" ","2197":"确","2198":"保","2199":"地","2200":"址","2201":"长","2202":"度","2203":"足","2204":"够","2205":"\\","2206":"n","2207":" ","2208":" ","2209":" ","2210":" ","2211":"i","2212":"f","2213":" ","2214":"(","2215":"c","2216":"l","2217":"e","2218":"a","2219":"n","2220":"A","2221":"d","2222":"d","2223":"r","2224":"e","2225":"s","2226":"s","2227":".","2228":"l","2229":"e","2230":"n","2231":"g","2232":"t","2233":"h","2234":" ","2235":"<","2236":" ","2237":"4","2238":")","2239":" ","2240":"r","2241":"e","2242":"t","2243":"u","2244":"r","2245":"n","2246":" ","2247":"'","2248":"?","2249":"?","2250":"'","2251":";","2252":"\\","2253":"n","2254":"\\","2255":"n","2256":" ","2257":" ","2258":" ","2259":" ","2260":"/","2261":"/","2262":" ","2263":"取","2264":"地","2265":"址","2266":"的","2267":"前","2268":"两","2269":"个","2270":"字","2271":"符","2272":"作","2273":"为","2274":"首","2275":"字","2276":"母","2277":"（","2278":"去","2279":"掉","2280":"0","2281":"x","2282":"）","2283":"\\","2284":"n","2285":" ","2286":" ","2287":" ","2288":" ","2289":"c","2290":"o","2291":"n","2292":"s","2293":"t","2294":" ","2295":"s","2296":"t","2297":"a","2298":"r","2299":"t","2300":"I","2301":"n","2302":"d","2303":"e","2304":"x","2305":" ","2306":"=","2307":" ","2308":"c","2309":"l","2310":"e","2311":"a","2312":"n","2313":"A","2314":"d","2315":"d","2316":"r","2317":"e","2318":"s","2319":"s","2320":".","2321":"s","2322":"t","2323":"a","2324":"r","2325":"t","2326":"s","2327":"W","2328":"i","2329":"t","2330":"h","2331":"(","2332":"'","2333":"0","2334":"x","2335":"'","2336":")","2337":" ","2338":"?","2339":" ","2340":"2","2341":" ","2342":":","2343":" ","2344":"0","2345":";","2346":"\\","2347":"n","2348":" ","2349":" ","2350":" ","2351":" ","2352":"c","2353":"o","2354":"n","2355":"s","2356":"t","2357":" ","2358":"e","2359":"n","2360":"d","2361":"I","2362":"n","2363":"d","2364":"e","2365":"x","2366":" ","2367":"=","2368":" ","2369":"s","2370":"t","2371":"a","2372":"r","2373":"t","2374":"I","2375":"n","2376":"d","2377":"e","2378":"x","2379":" ","2380":"+","2381":" ","2382":"2","2383":";","2384":"\\","2385":"n","2386":"\\","2387":"n","2388":" ","2389":" ","2390":" ","2391":" ","2392":"i","2393":"f","2394":" ","2395":"(","2396":"c","2397":"l","2398":"e","2399":"a","2400":"n","2401":"A","2402":"d","2403":"d","2404":"r","2405":"e","2406":"s","2407":"s","2408":".","2409":"l","2410":"e","2411":"n","2412":"g","2413":"t","2414":"h","2415":" ","2416":"<","2417":"=","2418":" ","2419":"e","2420":"n","2421":"d","2422":"I","2423":"n","2424":"d","2425":"e","2426":"x","2427":")","2428":" ","2429":"r","2430":"e","2431":"t","2432":"u","2433":"r","2434":"n","2435":" ","2436":"'","2437":"?","2438":"?","2439":"'","2440":";","2441":"\\","2442":"n","2443":"\\","2444":"n","2445":" ","2446":" ","2447":" ","2448":" ","2449":"r","2450":"e","2451":"t","2452":"u","2453":"r","2454":"n","2455":" ","2456":"c","2457":"l","2458":"e","2459":"a","2460":"n","2461":"A","2462":"d","2463":"d","2464":"r","2465":"e","2466":"s","2467":"s","2468":".","2469":"s","2470":"l","2471":"i","2472":"c","2473":"e","2474":"(","2475":"s","2476":"t","2477":"a","2478":"r","2479":"t","2480":"I","2481":"n","2482":"d","2483":"e","2484":"x","2485":",","2486":" ","2487":"e","2488":"n","2489":"d","2490":"I","2491":"n","2492":"d","2493":"e","2494":"x","2495":")","2496":".","2497":"t","2498":"o","2499":"U","2500":"p","2501":"p","2502":"e","2503":"r","2504":"C","2505":"a","2506":"s","2507":"e","2508":"(","2509":")","2510":";","2511":"\\","2512":"n","2513":"}","2514":";","2515":"\\","2516":"n","2517":"\\","2518":"n","2519":"/","2520":"*","2521":"*","2522":"\\","2523":"n","2524":" ","2525":"*","2526":" ","2527":"格","2528":"式","2529":"化","2530":"地","2531":"址","2532":"显","2533":"示","2534":"\\","2535":"n","2536":" ","2537":"*","2538":"/","2539":"\\","2540":"n","2541":"e","2542":"x","2543":"p","2544":"o","2545":"r","2546":"t","2547":" ","2548":"c","2549":"o","2550":"n","2551":"s","2552":"t","2553":" ","2554":"f","2555":"o","2556":"r","2557":"m","2558":"a","2559":"t","2560":"A","2561":"d","2562":"d","2563":"r","2564":"e","2565":"s","2566":"s","2567":" ","2568":"=","2569":" ","2570":"(","2571":"a","2572":"d","2573":"d","2574":"r","2575":"e","2576":"s","2577":"s","2578":":","2579":" ","2580":"s","2581":"t","2582":"r","2583":"i","2584":"n","2585":"g","2586":" ","2587":"|","2588":" ","2589":"n","2590":"u","2591":"l","2592":"l","2593":" ","2594":"|","2595":" ","2596":"u","2597":"n","2598":"d","2599":"e","2600":"f","2601":"i","2602":"n","2603":"e","2604":"d","2605":")","2606":":","2607":" ","2608":"s","2609":"t","2610":"r","2611":"i","2612":"n","2613":"g","2614":" ","2615":"=","2616":">","2617":" ","2618":"{","2619":"\\","2620":"n","2621":" ","2622":" ","2623":" ","2624":" ","2625":"i","2626":"f","2627":" ","2628":"(","2629":"!","2630":"a","2631":"d","2632":"d","2633":"r","2634":"e","2635":"s","2636":"s","2637":" ","2638":"|","2639":"|","2640":" ","2641":"t","2642":"y","2643":"p","2644":"e","2645":"o","2646":"f","2647":" ","2648":"a","2649":"d","2650":"d","2651":"r","2652":"e","2653":"s","2654":"s","2655":" ","2656":"!","2657":"=","2658":"=","2659":" ","2660":"'","2661":"s","2662":"t","2663":"r","2664":"i","2665":"n","2666":"g","2667":"'","2668":")","2669":" ","2670":"r","2671":"e","2672":"t","2673":"u","2674":"r","2675":"n","2676":" ","2677":"'","2678":"'","2679":";","2680":"\\","2681":"n","2682":"\\","2683":"n","2684":" ","2685":" ","2686":" ","2687":" ","2688":"c","2689":"o","2690":"n","2691":"s","2692":"t","2693":" ","2694":"c","2695":"l","2696":"e","2697":"a","2698":"n","2699":"A","2700":"d","2701":"d","2702":"r","2703":"e","2704":"s","2705":"s","2706":" ","2707":"=","2708":" ","2709":"a","2710":"d","2711":"d","2712":"r","2713":"e","2714":"s","2715":"s","2716":";","2717":"\\","2718":"n","2719":"\\","2720":"n","2721":" ","2722":" ","2723":" ","2724":" ","2725":"i","2726":"f","2727":" ","2728":"(","2729":"c","2730":"l","2731":"e","2732":"a","2733":"n","2734":"A","2735":"d","2736":"d","2737":"r","2738":"e","2739":"s","2740":"s","2741":".","2742":"l","2743":"e","2744":"n","2745":"g","2746":"t","2747":"h","2748":" ","2749":"<","2750":"=","2751":" ","2752":"1","2753":"0","2754":")","2755":" ","2756":"r","2757":"e","2758":"t","2759":"u","2760":"r","2761":"n","2762":" ","2763":"c","2764":"l","2765":"e","2766":"a","2767":"n","2768":"A","2769":"d","2770":"d","2771":"r","2772":"e","2773":"s","2774":"s","2775":";","2776":"\\","2777":"n","2778":"\\","2779":"n","2780":" ","2781":" ","2782":" ","2783":" ","2784":"r","2785":"e","2786":"t","2787":"u","2788":"r","2789":"n","2790":" ","2791":"`","2792":"$","2793":"{","2794":"c","2795":"l","2796":"e","2797":"a","2798":"n","2799":"A","2800":"d","2801":"d","2802":"r","2803":"e","2804":"s","2805":"s","2806":".","2807":"s","2808":"l","2809":"i","2810":"c","2811":"e","2812":"(","2813":"0","2814":",","2815":" ","2816":"6","2817":")","2818":"}","2819":".","2820":".","2821":".","2822":"$","2823":"{","2824":"c","2825":"l","2826":"e","2827":"a","2828":"n","2829":"A","2830":"d","2831":"d","2832":"r","2833":"e","2834":"s","2835":"s","2836":".","2837":"s","2838":"l","2839":"i","2840":"c","2841":"e","2842":"(","2843":"-","2844":"4","2845":")","2846":"}","2847":"`","2848":";","2849":"\\","2850":"n","2851":"}","2852":";","2853":"\\","2854":"n","2855":"\\","2856":"n","2857":"/","2858":"*","2859":"*","2860":"\\","2861":"n","2862":" ","2863":"*","2864":" ","2865":"验","2866":"证","2867":"图","2868":"片","2869":"U","2870":"R","2871":"L","2872":"是","2873":"否","2874":"有","2875":"效","2876":"\\","2877":"n","2878":" ","2879":"*","2880":"/","2881":"\\","2882":"n","2883":"e","2884":"x","2885":"p","2886":"o","2887":"r","2888":"t","2889":" ","2890":"c","2891":"o","2892":"n","2893":"s","2894":"t","2895":" ","2896":"i","2897":"s","2898":"V","2899":"a","2900":"l","2901":"i","2902":"d","2903":"I","2904":"m","2905":"a","2906":"g","2907":"e","2908":"U","2909":"r","2910":"l","2911":" ","2912":"=","2913":" ","2914":"a","2915":"s","2916":"y","2917":"n","2918":"c","2919":" ","2920":"(","2921":"u","2922":"r","2923":"l","2924":":","2925":" ","2926":"s","2927":"t","2928":"r","2929":"i","2930":"n","2931":"g","2932":")","2933":":","2934":" ","2935":"P","2936":"r","2937":"o","2938":"m","2939":"i","2940":"s","2941":"e","2942":"<","2943":"b","2944":"o","2945":"o","2946":"l","2947":"e","2948":"a","2949":"n","2950":">","2951":" ","2952":"=","2953":">","2954":" ","2955":"{","2956":"\\","2957":"n","2958":" ","2959":" ","2960":" ","2961":" ","2962":"i","2963":"f","2964":" ","2965":"(","2966":"!","2967":"u","2968":"r","2969":"l","2970":" ","2971":"|","2972":"|","2973":" ","2974":"t","2975":"y","2976":"p","2977":"e","2978":"o","2979":"f","2980":" ","2981":"u","2982":"r","2983":"l","2984":" ","2985":"!","2986":"=","2987":"=","2988":" ","2989":"'","2990":"s","2991":"t","2992":"r","2993":"i","2994":"n","2995":"g","2996":"'","2997":")","2998":" ","2999":"r","3000":"e","3001":"t","3002":"u","3003":"r","3004":"n","3005":" ","3006":"f","3007":"a","3008":"l","3009":"s","3010":"e","3011":";","3012":"\\","3013":"n","3014":"\\","3015":"n","3016":" ","3017":" ","3018":" ","3019":" ","3020":"r","3021":"e","3022":"t","3023":"u","3024":"r","3025":"n","3026":" ","3027":"n","3028":"e","3029":"w","3030":" ","3031":"P","3032":"r","3033":"o","3034":"m","3035":"i","3036":"s","3037":"e","3038":"(","3039":"r","3040":"e","3041":"s","3042":"o","3043":"l","3044":"v","3045":"e","3046":" ","3047":"=","3048":">","3049":" ","3050":"{","3051":"\\","3052":"n","3053":" ","3054":" ","3055":" ","3056":" ","3057":" ","3058":" ","3059":" ","3060":" ","3061":"c","3062":"o","3063":"n","3064":"s","3065":"t","3066":" ","3067":"i","3068":"m","3069":"g","3070":" ","3071":"=","3072":" ","3073":"n","3074":"e","3075":"w","3076":" ","3077":"I","3078":"m","3079":"a","3080":"g","3081":"e","3082":"(","3083":")","3084":";","3085":"\\","3086":"n","3087":" ","3088":" ","3089":" ","3090":" ","3091":" ","3092":" ","3093":" ","3094":" ","3095":"i","3096":"m","3097":"g","3098":".","3099":"o","3100":"n","3101":"l","3102":"o","3103":"a","3104":"d","3105":" ","3106":"=","3107":" ","3108":"(","3109":")","3110":" ","3111":"=","3112":">","3113":" ","3114":"r","3115":"e","3116":"s","3117":"o","3118":"l","3119":"v","3120":"e","3121":"(","3122":"t","3123":"r","3124":"u","3125":"e","3126":")","3127":";","3128":"\\","3129":"n","3130":" ","3131":" ","3132":" ","3133":" ","3134":" ","3135":" ","3136":" ","3137":" ","3138":"i","3139":"m","3140":"g","3141":".","3142":"o","3143":"n","3144":"e","3145":"r","3146":"r","3147":"o","3148":"r","3149":" ","3150":"=","3151":" ","3152":"(","3153":")","3154":" ","3155":"=","3156":">","3157":" ","3158":"r","3159":"e","3160":"s","3161":"o","3162":"l","3163":"v","3164":"e","3165":"(","3166":"f","3167":"a","3168":"l","3169":"s","3170":"e","3171":")","3172":";","3173":"\\","3174":"n","3175":" ","3176":" ","3177":" ","3178":" ","3179":" ","3180":" ","3181":" ","3182":" ","3183":"i","3184":"m","3185":"g","3186":".","3187":"s","3188":"r","3189":"c","3190":" ","3191":"=","3192":" ","3193":"u","3194":"r","3195":"l","3196":";","3197":"\\","3198":"n","3199":" ","3200":" ","3201":" ","3202":" ","3203":" ","3204":" ","3205":" ","3206":" ","3207":"/","3208":"/","3209":" ","3210":"5","3211":"秒","3212":"超","3213":"时","3214":"\\","3215":"n","3216":" ","3217":" ","3218":" ","3219":" ","3220":" ","3221":" ","3222":" ","3223":" ","3224":"s","3225":"e","3226":"t","3227":"T","3228":"i","3229":"m","3230":"e","3231":"o","3232":"u","3233":"t","3234":"(","3235":"(","3236":")","3237":" ","3238":"=","3239":">","3240":" ","3241":"r","3242":"e","3243":"s","3244":"o","3245":"l","3246":"v","3247":"e","3248":"(","3249":"f","3250":"a","3251":"l","3252":"s","3253":"e","3254":")","3255":",","3256":" ","3257":"5","3258":"0","3259":"0","3260":"0","3261":")","3262":";","3263":"\\","3264":"n","3265":" ","3266":" ","3267":" ","3268":" ","3269":"}","3270":")","3271":";","3272":"\\","3273":"n","3274":"}","3275":";","3276":"\\","3277":"n","3278":"\"","3279":"]","3280":",","3281":"\"","3282":"n","3283":"a","3284":"m","3285":"e","3286":"s","3287":"\"","3288":":","3289":"[","3290":"\"","3291":"f","3292":"o","3293":"r","3294":"m","3295":"a","3296":"t","3297":"A","3298":"d","3299":"d","3300":"r","3301":"e","3302":"s","3303":"s","3304":"\"","3305":",","3306":"\"","3307":"g","3308":"e","3309":"n","3310":"e","3311":"r","3312":"a","3313":"t","3314":"e","3315":"G","3316":"r","3317":"a","3318":"d","3319":"i","3320":"e","3321":"n","3322":"t","3323":"A","3324":"v","3325":"a","3326":"t","3327":"a","3328":"r","3329":"\"","3330":",","3331":"\"","3332":"i","3333":"s","3334":"V","3335":"a","3336":"l","3337":"i","3338":"d","3339":"I","3340":"m","3341":"a","3342":"g","3343":"e","3344":"U","3345":"r","3346":"l","3347":"\"","3348":",","3349":"\"","3350":"a","3351":"d","3352":"d","3353":"r","3354":"e","3355":"s","3356":"s","3357":"\"","3358":",","3359":"\"","3360":"c","3361":"l","3362":"e","3363":"a","3364":"n","3365":"A","3366":"d","3367":"d","3368":"r","3369":"e","3370":"s","3371":"s","3372":"\"","3373":",","3374":"\"","3375":"t","3376":"r","3377":"i","3378":"m","3379":"\"","3380":",","3381":"\"","3382":"l","3383":"e","3384":"n","3385":"g","3386":"t","3387":"h","3388":"\"","3389":",","3390":"\"","3391":"c","3392":"o","3393":"l","3394":"o","3395":"r","3396":"s","3397":"\"","3398":",","3399":"\"","3400":"g","3401":"e","3402":"t","3403":"C","3404":"o","3405":"l","3406":"o","3407":"r","3408":"s","3409":"F","3410":"r","3411":"o","3412":"m","3413":"A","3414":"d","3415":"d","3416":"r","3417":"e","3418":"s","3419":"s","3420":"\"","3421":",","3422":"\"","3423":"s","3424":"v","3425":"g","3426":"\"","3427":",","3428":"\"","3429":"s","3430":"l","3431":"i","3432":"c","3433":"e","3434":"\"","3435":",","3436":"\"","3437":"p","3438":"r","3439":"i","3440":"m","3441":"a","3442":"r","3443":"y","3444":"\"","3445":",","3446":"\"","3447":"s","3448":"e","3449":"c","3450":"o","3451":"n","3452":"d","3453":"a","3454":"r","3455":"y","3456":"\"","3457":",","3458":"\"","3459":"g","3460":"e","3461":"t","3462":"I","3463":"n","3464":"i","3465":"t","3466":"i","3467":"a","3468":"l","3469":"s","3470":"\"","3471":",","3472":"\"","3473":"b","3474":"t","3475":"o","3476":"a","3477":"\"","3478":",","3479":"\"","3480":"h","3481":"a","3482":"s","3483":"h","3484":"\"","3485":",","3486":"\"","3487":"s","3488":"t","3489":"a","3490":"r","3491":"t","3492":"s","3493":"W","3494":"i","3495":"t","3496":"h","3497":"\"","3498":",","3499":"\"","3500":"p","3501":"r","3502":"i","3503":"m","3504":"a","3505":"r","3506":"y","3507":"H","3508":"e","3509":"x","3510":"\"","3511":",","3512":"\"","3513":"s","3514":"e","3515":"c","3516":"o","3517":"n","3518":"d","3519":"a","3520":"r","3521":"y","3522":"H","3523":"e","3524":"x","3525":"\"","3526":",","3527":"\"","3528":"s","3529":"t","3530":"a","3531":"r","3532":"t","3533":"I","3534":"n","3535":"d","3536":"e","3537":"x","3538":"\"","3539":",","3540":"\"","3541":"e","3542":"n","3543":"d","3544":"I","3545":"n","3546":"d","3547":"e","3548":"x","3549":"\"","3550":",","3551":"\"","3552":"t","3553":"o","3554":"U","3555":"p","3556":"p","3557":"e","3558":"r","3559":"C","3560":"a","3561":"s","3562":"e","3563":"\"","3564":",","3565":"\"","3566":"u","3567":"r","3568":"l","3569":"\"","3570":",","3571":"\"","3572":"P","3573":"r","3574":"o","3575":"m","3576":"i","3577":"s","3578":"e","3579":"\"","3580":",","3581":"\"","3582":"r","3583":"e","3584":"s","3585":"o","3586":"l","3587":"v","3588":"e","3589":"\"","3590":",","3591":"\"","3592":"i","3593":"m","3594":"g","3595":"\"","3596":",","3597":"\"","3598":"I","3599":"m","3600":"a","3601":"g","3602":"e","3603":"\"","3604":",","3605":"\"","3606":"o","3607":"n","3608":"l","3609":"o","3610":"a","3611":"d","3612":"\"","3613":",","3614":"\"","3615":"o","3616":"n","3617":"e","3618":"r","3619":"r","3620":"o","3621":"r","3622":"\"","3623":",","3624":"\"","3625":"s","3626":"r","3627":"c","3628":"\"","3629":",","3630":"\"","3631":"s","3632":"e","3633":"t","3634":"T","3635":"i","3636":"m","3637":"e","3638":"o","3639":"u","3640":"t","3641":"\"","3642":"]","3643":",","3644":"\"","3645":"m","3646":"a","3647":"p","3648":"p","3649":"i","3650":"n","3651":"g","3652":"s","3653":"\"","3654":":","3655":"\"","3656":"m","3657":"P","3658":"A","3659":"k","3660":"F","3661":"a","3662":"A","3663":",","3664":"u","3665":"B","3666":"A","3667":"A","3668":"A","3669":"A","3670":",","3671":"m","3672":"B","3673":"A","3674":"7","3675":"E","3676":"A","3677":"C","3678":",","3679":"g","3680":"C","3681":"A","3682":"A","3683":"A","3684":"A","3685":",","3686":"4","3687":"B","3688":"A","3689":"0","3690":"F","3691":"A","3692":"C","3693":",","3694":"y","3695":"B","3696":"A","3697":"A","3698":"A","3699":"A","3700":",","3701":"m","3702":"B","3703":"A","3704":"1","3705":"F","3706":"N","3707":",","3708":"M","3709":"A","3710":"A","3711":"M","3712":"D","3713":",","3714":"u","3715":"B","3716":"A","3717":"A","3718":"y","3719":"B","3720":",","3721":"A","3722":"A","3723":"A","3724":"C","3725":"E","3726":",","3727":"U","3728":"A","3729":"C","3730":"n","3731":"C","3732":",","3733":"G","3734":"A","3735":"A","3736":"I","3737":",","3738":"C","3739":"A","3740":"A","3741":"C","3742":"A","3743":",","3744":"S","3745":"A","3746":"A","3747":"W","3748":",","3749":"O","3750":"A","3751":"A","3752":"O","3753":"A","3754":",","3755":"U","3756":"A","3757":"A","3758":"Y","3759":",","3760":"S","3761":"A","3762":"A","3763":"U","3764":",","3765":"M","3766":"A","3767":"A","3768":"O","3769":",","3770":"G","3771":"A","3772":"G","3773":"p","3774":"D","3775":",","3776":"M","3777":"A","3778":"A","3779":"M","3780":"C","3781":",","3782":"a","3783":"A","3784":"A","3785":"e","3786":"D","3787":",","3788":"Q","3789":"A","3790":"A","3791":"Q","3792":"E","3793":",","3794":"I","3795":"A","3796":"A","3797":"I","3798":",","3799":"G","3800":"A","3801":"C","3802":"j","3803":"C","3804":",","3805":"G","3806":"A","3807":"A","3808":"I","3809":"D","3810":",","3811":"a","3812":"A","3813":"A","3814":"a","3815":"E","3816":",","3817":"M","3818":"A","3819":"A","3820":"M","3821":",","3822":"C","3823":"A","3824":"A","3825":"G","3826":",","3827":"E","3828":"A","3829":"A","3830":"G","3831":",","3832":"M","3833":"A","3834":"A","3835":"O","3836":",","3837":"G","3838":"A","3839":"G","3840":"p","3841":"C","3842":",","3843":"M","3844":"A","3845":"A","3846":"M","3847":"C","3848":",","3849":"O","3850":"A","3851":"A","3852":"S","3853":"C","3854":",","3855":"q","3856":"B","3857":"A","3858":"A","3859":"q","3860":"B","3861":"J","3862":",","3863":"c","3864":"A","3865":"E","3866":"p","3867":"C","3868":",","3869":"M","3870":"A","3871":"A","3872":"M","3873":"K","3874":",","3875":"I","3876":"A","3877":"A","3878":"M","3879":";","3880":"A","3881":"A","3882":"C","3883":"h","3884":"B","3885":";","3886":"A","3887":"A","3888":"C","3889":"A","3890":";","3891":"A","3892":"A","3893":"C","3894":"A","3895":",","3896":"i","3897":"C","3898":"A","3899":"A","3900":"i","3901":"C","3902":",","3903":"E","3904":"A","3905":"A","3906":"E","3907":"L","3908":",","3909":"a","3910":"A","3911":"A","3912":"a","3913":"M","3914":",","3915":"K","3916":"A","3917":"A","3918":"K","3919":",","3920":"C","3921":"A","3922":"A","3923":"C","3924":",","3925":"E","3926":"A","3927":"A","3928":"G","3929":",","3930":"G","3931":"A","3932":"A","3933":"G","3934":";","3935":"A","3936":"A","3937":"C","3938":"5","3939":"D","3940":",","3941":"8","3942":"C","3943":"A","3944":"A","3945":"8","3946":"C","3947":",","3948":"E","3949":"A","3950":"A","3951":"E","3952":"H","3953":",","3954":"O","3955":"A","3956":"A","3957":"O","3958":"I","3959":",","3960":"O","3961":"A","3962":"A","3963":"O","3964":",","3965":"C","3966":"A","3967":"A","3968":"C","3969":";","3970":"A","3971":"A","3972":"C","3973":"/","3974":"D","3975":",","3976":"g","3977":"D","3978":"A","3979":"A","3980":"g","3981":"D","3982":",","3983":"E","3984":"A","3985":"A","3986":"E","3987":"J","3988":",","3989":"O","3990":"A","3991":"A","3992":"O","3993":"K","3994":",","3995":"S","3996":"A","3997":"A","3998":"S","3999":",","4000":"C","4001":"A","4002":"A","4003":"C","4004":";","4005":"A","4006":"A","4007":"C","4008":"n","4009":"E","4010":";","4011":"A","4012":"A","4013":"C","4014":"A","4015":";","4016":"A","4017":"A","4018":"C","4019":"A","4020":",","4021":"q","4022":"D","4023":"A","4024":"A","4025":"q","4026":"D","4027":",","4028":"E","4029":"A","4030":"A","4031":"E","4032":"R","4033":",","4034":"a","4035":"A","4036":"A","4037":"a","4038":"M","4039":",","4040":"K","4041":"A","4042":"A","4043":"K","4044":",","4045":"C","4046":"A","4047":"A","4048":"C","4049":",","4050":"E","4051":"A","4052":"A","4053":"G","4054":",","4055":"G","4056":"A","4057":"A","4058":"G","4059":";","4060":"A","4061":"A","4062":"C","4063":"h","4064":"F","4065":";","4066":"A","4067":"A","4068":"C","4069":"A","4070":";","4071":"A","4072":"A","4073":"C","4074":"A","4075":",","4076":"Q","4077":"A","4078":"A","4079":"Q","4080":",","4081":"E","4082":"A","4083":"A","4084":"E","4085":"G","4086":",","4087":"Y","4088":"A","4089":"A","4090":"Y","4091":"T","4092":";","4093":"A","4094":"A","4095":"C","4096":"t","4097":"B","4098":";","4099":"A","4100":"A","4101":"C","4102":"A","4103":";","4104":"A","4105":"A","4106":"C","4107":"A","4108":",","4109":"E","4110":"A","4111":"A","4112":"E","4113":",","4114":"C","4115":"A","4116":"A","4117":"C","4118":",","4119":"C","4120":"A","4121":"E","4122":"C","4123":",","4124":"M","4125":"A","4126":"A","4127":"O","4128":",","4129":"C","4130":"A","4131":"A","4132":"C","4133":",","4134":"0","4135":"B","4136":"A","4137":"A","4138":"0","4139":"B","4140":",","4141":"E","4142":"A","4143":"A","4144":"E","4145":"U","4146":",","4147":"K","4148":"A","4149":"A","4150":"K","4151":"L","4152":",","4153":"K","4154":"A","4155":"A","4156":"K","4157":",","4158":"C","4159":"A","4160":"A","4161":"C","4162":",","4163":"A","4164":"A","4165":"C","4166":"n","4167":"D","4168":",","4169":"E","4170":"A","4171":"K","4172":"A","4173":",","4174":"M","4175":"A","4176":"A","4177":"M","4178":"D","4179":",","4180":"q","4181":"B","4182":"A","4183":"A","4184":"u","4185":"B","4186":",","4187":"A","4188":"A","4189":"A","4190":"C","4191":"L","4192":",","4193":"U","4194":"A","4195":"C","4196":"1","4197":"B","4198":",","4199":"G","4200":"A","4201":"A","4202":"I","4203":",","4204":"C","4205":"A","4206":"A","4207":"C","4208":"A","4209":",","4210":"S","4211":"A","4212":"A","4213":"W","4214":",","4215":"O","4216":"A","4217":"A","4218":"O","4219":"A","4220":",","4221":"U","4222":"A","4223":"A","4224":"Y","4225":",","4226":"S","4227":"A","4228":"A","4229":"U","4230":",","4231":"C","4232":"A","4233":"C","4234":"z","4235":"C","4236":",","4237":"M","4238":"A","4239":"A","4240":"O","4241":",","4242":"C","4243":"A","4244":"A","4245":"E","4246":"Q","4247":",","4248":"Q","4249":"A","4250":"A","4251":"S","4252":",","4253":"U","4254":"A","4255":"A","4256":"W","4257":"C","4258":",","4259":"U","4260":"A","4261":"A","4262":"W","4263":",","4264":"S","4265":"A","4266":"A","4267":"U","4268":",","4269":"C","4270":"A","4271":"C","4272":"t","4273":"D","4274":",","4275":"C","4276":"A","4277":"E","4278":"A","4279":",","4280":"M","4281":"A","4282":"A","4283":"M","4284":"G","4285":",","4286":"K","4287":"A","4288":"A","4289":"O","4290":"Z","4291":",","4292":"Q","4293":"A","4294":"A","4295":"Q","4296":"a","4297":",","4298":"U","4299":"A","4300":"A","4301":"U","4302":",","4303":"C","4304":"A","4305":"A","4306":"C","4307":",","4308":"M","4309":"A","4310":"A","4311":"Q","4312":"b","4313":",","4314":"Q","4315":"A","4316":"A","4317":"Q","4318":"O","4319":",","4320":"K","4321":"A","4322":"A","4323":"K","4324":",","4325":"C","4326":"A","4327":"A","4328":"C","4329":",","4330":"G","4331":"A","4332":"A","4333":"K","4334":"P","4335":",","4336":"Q","4337":"A","4338":"G","4339":"3","4340":"D","4341":",","4342":"G","4343":"A","4344":"A","4345":"I","4346":"Y","4347":",","4348":"K","4349":"A","4350":"A","4351":"K","4352":"T","4353":",","4354":"M","4355":"A","4356":"A","4357":"M","4358":",","4359":"C","4360":"A","4361":"A","4362":"G","4363":",","4364":"G","4365":"A","4366":"A","4367":"I","4368":",","4369":"C","4370":"A","4371":"C","4372":"l","4373":"B","4374":",","4375":"M","4376":"A","4377":"A","4378":"O","4379":",","4380":"C","4381":"A","4382":"A","4383":"E","4384":"K","4385":",","4386":"Q","4387":"A","4388":"A","4389":"S","4390":",","4391":"U","4392":"A","4393":"A","4394":"W","4395":"C","4396":",","4397":"U","4398":"A","4399":"A","4400":"W","4401":",","4402":"S","4403":"A","4404":"A","4405":"U","4406":",","4407":"C","4408":"A","4409":"C","4410":"t","4411":"D","4412":",","4413":"C","4414":"A","4415":"G","4416":"A","4417":",","4418":"M","4419":"A","4420":"A","4421":"M","4422":"K","4423":",","4424":"W","4425":"A","4426":"A","4427":"a","4428":"F","4429":",","4430":"K","4431":"A","4432":"A","4433":"K","4434":"L","4435":",","4436":"K","4437":"A","4438":"A","4439":"K","4440":",","4441":"C","4442":"A","4443":"A","4444":"C","4445":",","4446":"E","4447":"A","4448":"A","4449":"G","4450":",","4451":"G","4452":"A","4453":"C","4454":"j","4455":"C","4456":",","4457":"M","4458":"A","4459":"A","4460":"M","4461":"Q","4462":",","4463":"a","4464":"A","4465":"A","4466":"e","4467":"H","4468":",","4469":"K","4470":"A","4471":"A","4472":"K","4473":"L","4474":",","4475":"K","4476":"A","4477":"A","4478":"K","4479":",","4480":"C","4481":"A","4482":"A","4483":"C","4484":",","4485":"E","4486":"A","4487":"A","4488":"G","4489":",","4490":"I","4491":"A","4492":"E","4493":"n","4494":"C","4495":",","4496":"M","4497":"A","4498":"A","4499":"O","4500":",","4501":"C","4502":"A","4503":"C","4504":"H","4505":"C","4506":",","4507":"Q","4508":"A","4509":"A","4510":"S","4511":",","4512":"C","4513":"A","4514":"A","4515":"C","4516":",","4517":"C","4518":"A","4519":"A","4520":"C","4521":",","4522":"E","4523":"A","4524":"A","4525":"E","4526":"M","4527":",","4528":"W","4529":"A","4530":"A","4531":"W","4532":",","4533":"C","4534":"A","4535":"A","4536":"C","4537":",","4538":"C","4539":"A","4540":"C","4541":"z","4542":"B","4543":"L","4544":",","4545":"U","4546":"A","4547":"A","4548":"W","4549":",","4550":"C","4551":"A","4552":"A","4553":"C","4554":",","4555":"C","4556":"A","4557":"A","4558":"C","4559":",","4560":"E","4561":"A","4562":"A","4563":"E","4564":"M","4565":",","4566":"a","4567":"A","4568":"A","4569":"a","4570":",","4571":"C","4572":"A","4573":"A","4574":"C","4575":",","4576":"A","4577":"A","4578":"C","4579":"j","4580":"C","4581":",","4582":"C","4583":"A","4584":"C","4585":"J","4586":",","4587":"E","4588":"A","4589":"K","4590":"A","4591":",","4592":"M","4593":"A","4594":"A","4595":"M","4596":"L","4597":",","4598":"Y","4599":"A","4600":"A","4601":"c","4602":",","4603":"A","4604":"A","4605":"A","4606":"C","4607":"V","4608":",","4609":"U","4610":"A","4611":"C","4612":"j","4613":"B","4614":",","4615":"G","4616":"A","4617":"A","4618":"I","4619":",","4620":"C","4621":"A","4622":"A","4623":"C","4624":"A","4625":",","4626":"S","4627":"A","4628":"A","4629":"W","4630":",","4631":"O","4632":"A","4633":"A","4634":"O","4635":"A","4636":",","4637":"U","4638":"A","4639":"A","4640":"Y","4641":",","4642":"S","4643":"A","4644":"A","4645":"U","4646":",","4647":"M","4648":"A","4649":"A","4650":"O","4651":",","4652":"K","4653":"A","4654":"E","4655":"p","4656":"D","4657":",","4658":"M","4659":"A","4660":"A","4661":"M","4662":"C","4663":",","4664":"a","4665":"A","4666":"A","4667":"e","4668":"D","4669":",","4670":"Q","4671":"A","4672":"A","4673":"Q","4674":"E","4675":",","4676":"I","4677":"A","4678":"A","4679":"I","4680":",","4681":"G","4682":"A","4683":"G","4684":"j","4685":"C","4686":",","4687":"G","4688":"A","4689":"A","4690":"I","4691":"D","4692":",","4693":"a","4694":"A","4695":"A","4696":"a","4697":"E","4698":",","4699":"M","4700":"A","4701":"A","4702":"M","4703":",","4704":"C","4705":"A","4706":"A","4707":"G","4708":",","4709":"E","4710":"A","4711":"A","4712":"G","4713":",","4714":"M","4715":"A","4716":"A","4717":"O","4718":",","4719":"K","4720":"A","4721":"G","4722":"p","4723":"C","4724":",","4725":"M","4726":"A","4727":"A","4728":"M","4729":"a","4730":",","4731":"W","4732":"A","4733":"A","4734":"a","4735":"f","4736":",","4737":"a","4738":"A","4739":"A","4740":"a","4741":"Y","4742":",","4743":"U","4744":"A","4745":"A","4746":"U","4747":",","4748":"C","4749":"A","4750":"A","4751":"C","4752":",","4753":"M","4754":"A","4755":"A","4756":"Q","4757":",","4758":"E","4759":"A","4760":"A","4761":"I","4762":",","4763":"E","4764":"A","4765":"C","4766":"v","4767":"D","4768":",","4769":"M","4770":"A","4771":"A","4772":"M","4773":"I","4774":",","4775":"S","4776":"A","4777":"A","4778":"W","4779":"D","4780":",","4781":"W","4782":"A","4783":"A","4784":"a","4785":",","4786":"E","4787":"A","4788":"E","4789":"9","4790":"B","4791":",","4792":"G","4793":"A","4794":"A","4795":"I","4796":"f","4797":",","4798":"a","4799":"A","4800":"A","4801":"a","4802":"E","4803":",","4804":"M","4805":"A","4806":"A","4807":"M","4808":",","4809":"E","4810":"A","4811":"A","4812":"I","4813":"c","4814":",","4815":"S","4816":"A","4817":"A","4818":"U","4819":",","4820":"M","4821":"A","4822":"A","4823":"O","4824":",","4825":"K","4826":"A","4827":"E","4828":"5","4829":"C","4830":",","4831":"O","4832":"A","4833":"A","4834":"O","4835":"h","4836":"B","4837":",","4838":"a","4839":"A","4840":"A","4841":"a","4842":"M","4843":",","4844":"K","4845":"A","4846":"A","4847":"K","4848":",","4849":"C","4850":"A","4851":"A","4852":"C","4853":"S","4854":",","4855":"W","4856":"A","4857":"A","4858":"Y","4859":"C","4860":",","4861":"U","4862":"A","4863":"A","4864":"U","4865":"C","4866":",","4867":"W","4868":"A","4869":"A","4870":"W","4871":",","4872":"E","4873":"A","4874":"C","4875":"/","4876":"D","4877":",","4878":"E","4879":"A","4880":"K","4881":"O","4882":",","4883":"M","4884":"A","4885":"A","4886":"M","4887":"r","4888":"B","4889":",","4890":"c","4891":"A","4892":"A","4893":"g","4894":"B","4895":",","4896":"A","4897":"A","4898":"A","4899":"C","4900":"G","4901":",","4902":"U","4903":"A","4904":"C","4905":"1","4906":"B","4907":",","4908":"G","4909":"A","4910":"A","4911":"I","4912":",","4913":"C","4914":"A","4915":"A","4916":"C","4917":"A","4918":",","4919":"S","4920":"A","4921":"A","4922":"W","4923":",","4924":"O","4925":"A","4926":"A","4927":"O","4928":"A","4929":",","4930":"U","4931":"A","4932":"A","4933":"Y","4934":",","4935":"S","4936":"A","4937":"A","4938":"U","4939":",","4940":"M","4941":"A","4942":"A","4943":"O","4944":",","4945":"G","4946":"A","4947":"E","4948":"p","4949":"D","4950":",","4951":"M","4952":"A","4953":"A","4954":"M","4955":"C","4956":",","4957":"a","4958":"A","4959":"A","4960":"e","4961":"D","4962":",","4963":"Q","4964":"A","4965":"E","4966":"r","4967":"B","4968":",","4969":"G","4970":"A","4971":"A","4972":"I","4973":"C","4974":",","4975":"a","4976":"A","4977":"A","4978":"a","4979":"E","4980":",","4981":"M","4982":"A","4983":"A","4984":"M","4985":",","4986":"E","4987":"A","4988":"A","4989":"I","4990":",","4991":"G","4992":"A","4993":"A","4994":"I","4995":",","4996":"O","4997":"A","4998":"A","4999":"O","5000":"F","5001":",","5002":"a","5003":"A","5004":"E","5005":"t","5006":"C","5007":",","5008":"M","5009":"A","5010":"A","5011":"O","5012":",","5013":"C","5014":"A","5015":"A","5016":"C","5017":",","5018":"E","5019":"A","5020":"A","5021":"E","5022":"A","5023":",","5024":"a","5025":"A","5026":"A","5027":"a","5028":"M","5029":",","5030":"K","5031":"A","5032":"A","5033":"K","5034":",","5035":"C","5036":"A","5037":"A","5038":"C","5039":",","5040":"E","5041":"A","5042":"A","5043":"G","5044":",","5045":"G","5046":"A","5047":"A","5048":"G","5049":",","5050":"G","5051":"A","5052":"A","5053":"G","5054":",","5055":"E","5056":"A","5057":"A","5058":"E","5059":"N","5060":",","5061":"a","5062":"A","5063":"A","5064":"a","5065":"M","5066":",","5067":"K","5068":"A","5069":"A","5070":"K","5071":",","5072":"C","5073":"A","5074":"A","5075":"C","5076":",","5077":"C","5078":"A","5079":"A","5080":"C","5081":",","5082":"G","5083":"A","5084":"A","5085":"G","5086":",","5087":"C","5088":"A","5089":"A","5090":"C","5091":",","5092":"A","5093":"A","5094":"C","5095":"p","5096":"E","5097":",","5098":"E","5099":"A","5100":"K","5101":"O","5102":",","5103":"M","5104":"A","5105":"A","5106":"M","5107":"R","5108":",","5109":"g","5110":"B","5111":"A","5112":"A","5113":"k","5114":"B","5115":",","5116":"M","5117":"A","5118":"A","5119":"O","5120":"o","5121":"B","5122":",","5123":"M","5124":"A","5125":"C","5126":"l","5127":"C","5128":",","5129":"G","5130":"A","5131":"A","5132":"I","5133":",","5134":"C","5135":"A","5136":"A","5137":"C","5138":"A","5139":",","5140":"K","5141":"A","5142":"A","5143":"O","5144":",","5145":"O","5146":"A","5147":"A","5148":"O","5149":"A","5150":",","5151":"M","5152":"A","5153":"A","5154":"Q","5155":",","5156":"S","5157":"A","5158":"A","5159":"U","5160":",","5161":"O","5162":"A","5163":"A","5164":"O","5165":",","5166":"M","5167":"A","5168":"E","5169":"5","5170":"C","5171":",","5172":"O","5173":"A","5174":"A","5175":"O","5176":",","5177":"I","5178":"A","5179":"A","5180":"I","5181":"C","5182":",","5183":"Q","5184":"A","5185":"A","5186":"Q","5187":"C","5188":",","5189":"U","5190":"A","5191":"C","5192":"f","5193":",","5194":"M","5195":"A","5196":"A","5197":"M","5198":"C","5199":",","5200":"I","5201":"A","5202":"A","5203":"M","5204":",","5205":"I","5206":"A","5207":"A","5208":"I","5209":"C","5210":",","5211":"K","5212":"A","5213":"C","5214":"h","5215":"B","5216":"D","5217":",","5218":"C","5219":"A","5220":"A","5221":"A","5222":"A","5223":",","5224":"I","5225":"A","5226":"A","5227":"I","5228":"E","5229":",","5230":"M","5231":"A","5232":"A","5233":"M","5234":",","5235":"C","5236":"A","5237":"A","5238":"G","5239":",","5240":"I","5241":"A","5242":"A","5243":"M","5244":"H","5245":",","5246":"Q","5247":"A","5248":"A","5249":"Q","5250":",","5251":"K","5252":"A","5253":"C","5254":"3","5255":"B","5256":"C","5257":",","5258":"C","5259":"A","5260":"A","5261":"A","5262":"A","5263":",","5264":"I","5265":"A","5266":"A","5267":"I","5268":"G","5269":",","5270":"O","5271":"A","5272":"A","5273":"O","5274":",","5275":"C","5276":"A","5277":"A","5278":"G","5279":",","5280":"I","5281":"A","5282":"A","5283":"M","5284":"J","5285":",","5286":"Q","5287":"A","5288":"A","5289":"Q","5290":",","5291":"M","5292":"A","5293":"C","5294":"5","5295":"B","5296":"C","5297":",","5298":"C","5299":"A","5300":"A","5301":"A","5302":"A","5303":",","5304":"I","5305":"A","5306":"A","5307":"I","5308":"I","5309":",","5310":"G","5311":"A","5312":"A","5313":"G","5314":",","5315":"C","5316":"A","5317":"A","5318":"G","5319":"P","5320":",","5321":"I","5322":"A","5323":"E","5324":"V","5325":"Q","5326":",","5327":"W","5328":"A","5329":"A","5330":"W","5331":",","5332":"I","5333":"A","5334":"A","5335":"M","5336":"N","5337":",","5338":"Q","5339":"A","5340":"A","5341":"Q","5342":",","5343":"O","5344":"A","5345":"A","5346":"Q","5347":",","5348":"I","5349":"A","5350":"C","5351":"r","5352":"C","5353":",","5354":"E","5355":"A","5356":"C","5357":"J","5358":"\"","5359":"}"},"_coverageSchema":"1a1c01bbd47fc00a2c39e90264f33305004495a9","hash":"3afc5e9443832055acdf2aa6e48ae45773b0463a"}
,"/media/jzq520cxm/32C4F0C5C4F08C7B/yidengschool/ai-spa/src/utils/index.ts": {"path":"/media/jzq520cxm/32C4F0C5C4F08C7B/yidengschool/ai-spa/src/utils/index.ts","statementMap":{"0":{"start":{"line":1,"column":13},"end":{"line":1,"column":70}},"1":{"start":{"line":1,"column":70},"end":{"line":1,"column":184}},"2":{"start":{"line":1,"column":154},"end":{"line":1,"column":180}},"3":{"start":{"line":1,"column":210},"end":{"line":1,"column":686}},"4":{"start":{"line":1,"column":248},"end":{"line":1,"column":269}},"5":{"start":{"line":1,"column":260},"end":{"line":1,"column":269}},"6":{"start":{"line":1,"column":291},"end":{"line":1,"column":314}},"7":{"start":{"line":1,"column":335},"end":{"line":1,"column":356}},"8":{"start":{"line":1,"column":357},"end":{"line":1,"column":422}},"9":{"start":{"line":1,"column":407},"end":{"line":1,"column":421}},"10":{"start":{"line":1,"column":441},"end":{"line":1,"column":490}},"11":{"start":{"line":1,"column":503},"end":{"line":1,"column":540}},"12":{"start":{"line":1,"column":551},"end":{"line":1,"column":604}},"13":{"start":{"line":1,"column":618},"end":{"line":1,"column":650}},"14":{"start":{"line":1,"column":651},"end":{"line":1,"column":685}}},"fnMap":{"0":{"name":"(anonymous_0)","decl":{"start":{"line":1,"column":143},"end":{"line":1,"column":144}},"loc":{"start":{"line":1,"column":153},"end":{"line":1,"column":181}},"line":1},"1":{"name":"(anonymous_1)","decl":{"start":{"line":1,"column":210},"end":{"line":1,"column":211}},"loc":{"start":{"line":1,"column":247},"end":{"line":1,"column":686}},"line":1}},"branchMap":{"0":{"loc":{"start":{"line":1,"column":219},"end":{"line":1,"column":232}},"type":"default-arg","locations":[{"start":{"line":1,"column":231},"end":{"line":1,"column":232}}],"line":1},"1":{"loc":{"start":{"line":1,"column":233},"end":{"line":1,"column":244}},"type":"default-arg","locations":[{"start":{"line":1,"column":243},"end":{"line":1,"column":244}}],"line":1},"2":{"loc":{"start":{"line":1,"column":248},"end":{"line":1,"column":269}},"type":"if","locations":[{"start":{"line":1,"column":248},"end":{"line":1,"column":269}},{"start":{},"end":{}}],"line":1},"3":{"loc":{"start":{"line":1,"column":357},"end":{"line":1,"column":422}},"type":"if","locations":[{"start":{"line":1,"column":357},"end":{"line":1,"column":422}},{"start":{},"end":{}}],"line":1},"4":{"loc":{"start":{"line":1,"column":441},"end":{"line":1,"column":490}},"type":"cond-expr","locations":[{"start":{"line":1,"column":466},"end":{"line":1,"column":482}},{"start":{"line":1,"column":483},"end":{"line":1,"column":490}}],"line":1},"5":{"loc":{"start":{"line":1,"column":551},"end":{"line":1,"column":604}},"type":"cond-expr","locations":[{"start":{"line":1,"column":567},"end":{"line":1,"column":601}},{"start":{"line":1,"column":602},"end":{"line":1,"column":604}}],"line":1},"6":{"loc":{"start":{"line":1,"column":618},"end":{"line":1,"column":650}},"type":"cond-expr","locations":[{"start":{"line":1,"column":643},"end":{"line":1,"column":647}},{"start":{"line":1,"column":648},"end":{"line":1,"column":650}}],"line":1}},"s":{"0":1,"1":1,"2":1044,"3":1,"4":1044,"5":3,"6":1041,"7":1041,"8":1041,"9":8,"10":1033,"11":1033,"12":1033,"13":1033,"14":1033},"f":{"0":1044,"1":1044},"b":{"0":[1025],"1":[1026],"2":[3,1041],"3":[8,1033],"4":[1030,3],"5":[1029,4],"6":[1030,3]},"inputSourceMap":{"0":"{","1":"\"","2":"v","3":"e","4":"r","5":"s","6":"i","7":"o","8":"n","9":"\"","10":":","11":"3","12":",","13":"\"","14":"s","15":"o","16":"u","17":"r","18":"c","19":"e","20":"s","21":"\"","22":":","23":"[","24":"\"","25":"/","26":"m","27":"e","28":"d","29":"i","30":"a","31":"/","32":"j","33":"z","34":"q","35":"5","36":"2","37":"0","38":"c","39":"x","40":"m","41":"/","42":"3","43":"2","44":"C","45":"4","46":"F","47":"0","48":"C","49":"5","50":"C","51":"4","52":"F","53":"0","54":"8","55":"C","56":"7","57":"B","58":"/","59":"y","60":"i","61":"d","62":"e","63":"n","64":"g","65":"s","66":"c","67":"h","68":"o","69":"o","70":"l","71":"/","72":"a","73":"i","74":"-","75":"s","76":"p","77":"a","78":"/","79":"s","80":"r","81":"c","82":"/","83":"u","84":"t","85":"i","86":"l","87":"s","88":"/","89":"i","90":"n","91":"d","92":"e","93":"x","94":".","95":"t","96":"s","97":"\"","98":"]","99":",","100":"\"","101":"s","102":"o","103":"u","104":"r","105":"c","106":"e","107":"s","108":"C","109":"o","110":"n","111":"t","112":"e","113":"n","114":"t","115":"\"","116":":","117":"[","118":"\"","119":"/","120":"/","121":" ","122":"W","123":"e","124":"b","125":"3","126":" ","127":"E","128":"V","129":"M","130":" ","131":"钱","132":"包","133":"地","134":"址","135":"格","136":"式","137":"化","138":"函","139":"数","140":"\\","141":"n","142":"e","143":"x","144":"p","145":"o","146":"r","147":"t","148":" ","149":"c","150":"o","151":"n","152":"s","153":"t","154":" ","155":"f","156":"o","157":"r","158":"m","159":"a","160":"t","161":"W","162":"a","163":"l","164":"l","165":"e","166":"t","167":"A","168":"d","169":"d","170":"r","171":"e","172":"s","173":"s","174":" ","175":"=","176":" ","177":"(","178":"\\","179":"n","180":" ","181":" ","182":" ","183":" ","184":"a","185":"d","186":"d","187":"r","188":"e","189":"s","190":"s","191":":","192":" ","193":"s","194":"t","195":"r","196":"i","197":"n","198":"g","199":",","200":"\\","201":"n","202":" ","203":" ","204":" ","205":" ","206":"s","207":"t","208":"a","209":"r","210":"t","211":"L","212":"e","213":"n","214":"g","215":"t","216":"h","217":":","218":" ","219":"n","220":"u","221":"m","222":"b","223":"e","224":"r","225":" ","226":"=","227":" ","228":"6","229":",","230":"\\","231":"n","232":" ","233":" ","234":" ","235":" ","236":"e","237":"n","238":"d","239":"L","240":"e","241":"n","242":"g","243":"t","244":"h","245":":","246":" ","247":"n","248":"u","249":"m","250":"b","251":"e","252":"r","253":" ","254":"=","255":" ","256":"4","257":",","258":"\\","259":"n","260":")","261":":","262":" ","263":"s","264":"t","265":"r","266":"i","267":"n","268":"g","269":" ","270":"=","271":">","272":" ","273":"{","274":"\\","275":"n","276":" ","277":" ","278":" ","279":" ","280":"i","281":"f","282":" ","283":"(","284":"!","285":"a","286":"d","287":"d","288":"r","289":"e","290":"s","291":"s","292":")","293":" ","294":"r","295":"e","296":"t","297":"u","298":"r","299":"n","300":" ","301":"'","302":"'","303":";","304":"\\","305":"n","306":" ","307":" ","308":" ","309":" ","310":"/","311":"/","312":" ","313":"处","314":"理","315":"负","316":"数","317":"参","318":"数","319":"\\","320":"n","321":" ","322":" ","323":" ","324":" ","325":"c","326":"o","327":"n","328":"s","329":"t","330":" ","331":"s","332":"a","333":"f","334":"e","335":"S","336":"t","337":"a","338":"r","339":"t","340":"L","341":"e","342":"n","343":"g","344":"t","345":"h","346":" ","347":"=","348":" ","349":"M","350":"a","351":"t","352":"h","353":".","354":"m","355":"a","356":"x","357":"(","358":"0","359":",","360":" ","361":"s","362":"t","363":"a","364":"r","365":"t","366":"L","367":"e","368":"n","369":"g","370":"t","371":"h","372":")","373":";","374":"\\","375":"n","376":" ","377":" ","378":" ","379":" ","380":"c","381":"o","382":"n","383":"s","384":"t","385":" ","386":"s","387":"a","388":"f","389":"e","390":"E","391":"n","392":"d","393":"L","394":"e","395":"n","396":"g","397":"t","398":"h","399":" ","400":"=","401":" ","402":"M","403":"a","404":"t","405":"h","406":".","407":"m","408":"a","409":"x","410":"(","411":"0","412":",","413":" ","414":"e","415":"n","416":"d","417":"L","418":"e","419":"n","420":"g","421":"t","422":"h","423":")","424":";","425":"\\","426":"n","427":" ","428":" ","429":" ","430":" ","431":"/","432":"/","433":" ","434":"检","435":"查","436":"地","437":"址","438":"长","439":"度","440":"是","441":"否","442":"足","443":"够","444":"进","445":"行","446":"格","447":"式","448":"化","449":"\\","450":"n","451":" ","452":" ","453":" ","454":" ","455":"i","456":"f","457":" ","458":"(","459":"a","460":"d","461":"d","462":"r","463":"e","464":"s","465":"s","466":".","467":"l","468":"e","469":"n","470":"g","471":"t","472":"h","473":" ","474":"<","475":"=","476":" ","477":"s","478":"a","479":"f","480":"e","481":"S","482":"t","483":"a","484":"r","485":"t","486":"L","487":"e","488":"n","489":"g","490":"t","491":"h","492":" ","493":"+","494":" ","495":"s","496":"a","497":"f","498":"e","499":"E","500":"n","501":"d","502":"L","503":"e","504":"n","505":"g","506":"t","507":"h","508":")","509":" ","510":"{","511":"\\","512":"n","513":" ","514":" ","515":" ","516":" ","517":" ","518":" ","519":" ","520":" ","521":"r","522":"e","523":"t","524":"u","525":"r","526":"n","527":" ","528":"a","529":"d","530":"d","531":"r","532":"e","533":"s","534":"s","535":";","536":"\\","537":"n","538":" ","539":" ","540":" ","541":" ","542":"}","543":"\\","544":"n","545":" ","546":" ","547":" ","548":" ","549":"/","550":"/","551":" ","552":"移","553":"除","554":"可","555":"能","556":"的","557":"前","558":"缀","559":"\\","560":"n","561":" ","562":" ","563":" ","564":" ","565":"c","566":"o","567":"n","568":"s","569":"t","570":" ","571":"c","572":"l","573":"e","574":"a","575":"n","576":"A","577":"d","578":"d","579":"r","580":"e","581":"s","582":"s","583":" ","584":"=","585":" ","586":"a","587":"d","588":"d","589":"r","590":"e","591":"s","592":"s","593":".","594":"s","595":"t","596":"a","597":"r","598":"t","599":"s","600":"W","601":"i","602":"t","603":"h","604":"(","605":"'","606":"0","607":"x","608":"'","609":")","610":" ","611":"?","612":" ","613":"a","614":"d","615":"d","616":"r","617":"e","618":"s","619":"s","620":".","621":"s","622":"l","623":"i","624":"c","625":"e","626":"(","627":"2","628":")","629":" ","630":":","631":" ","632":"a","633":"d","634":"d","635":"r","636":"e","637":"s","638":"s","639":";","640":"\\","641":"n","642":" ","643":" ","644":" ","645":" ","646":"/","647":"/","648":" ","649":"获","650":"取","651":"起","652":"始","653":"和","654":"结","655":"束","656":"部","657":"分","658":"\\","659":"n","660":" ","661":" ","662":" ","663":" ","664":"c","665":"o","666":"n","667":"s","668":"t","669":" ","670":"s","671":"t","672":"a","673":"r","674":"t","675":" ","676":"=","677":" ","678":"c","679":"l","680":"e","681":"a","682":"n","683":"A","684":"d","685":"d","686":"r","687":"e","688":"s","689":"s","690":".","691":"s","692":"l","693":"i","694":"c","695":"e","696":"(","697":"0","698":",","699":" ","700":"s","701":"a","702":"f","703":"e","704":"S","705":"t","706":"a","707":"r","708":"t","709":"L","710":"e","711":"n","712":"g","713":"t","714":"h","715":")","716":";","717":"\\","718":"n","719":" ","720":" ","721":" ","722":" ","723":"c","724":"o","725":"n","726":"s","727":"t","728":" ","729":"e","730":"n","731":"d","732":" ","733":"=","734":" ","735":"s","736":"a","737":"f","738":"e","739":"E","740":"n","741":"d","742":"L","743":"e","744":"n","745":"g","746":"t","747":"h","748":" ","749":">","750":" ","751":"0","752":" ","753":"?","754":" ","755":"c","756":"l","757":"e","758":"a","759":"n","760":"A","761":"d","762":"d","763":"r","764":"e","765":"s","766":"s","767":".","768":"s","769":"l","770":"i","771":"c","772":"e","773":"(","774":"-","775":"s","776":"a","777":"f","778":"e","779":"E","780":"n","781":"d","782":"L","783":"e","784":"n","785":"g","786":"t","787":"h","788":")","789":" ","790":":","791":" ","792":"'","793":"'","794":";","795":"\\","796":"n","797":" ","798":" ","799":" ","800":" ","801":"/","802":"/","803":" ","804":"如","805":"果","806":"原","807":"地","808":"址","809":"有","810":"0","811":"x","812":"前","813":"缀","814":"，","815":"添","816":"加","817":"回","818":"去","819":"\\","820":"n","821":" ","822":" ","823":" ","824":" ","825":"c","826":"o","827":"n","828":"s","829":"t","830":" ","831":"p","832":"r","833":"e","834":"f","835":"i","836":"x","837":" ","838":"=","839":" ","840":"a","841":"d","842":"d","843":"r","844":"e","845":"s","846":"s","847":".","848":"s","849":"t","850":"a","851":"r","852":"t","853":"s","854":"W","855":"i","856":"t","857":"h","858":"(","859":"'","860":"0","861":"x","862":"'","863":")","864":" ","865":"?","866":" ","867":"'","868":"0","869":"x","870":"'","871":" ","872":":","873":" ","874":"'","875":"'","876":";","877":"\\","878":"n","879":" ","880":" ","881":" ","882":" ","883":"r","884":"e","885":"t","886":"u","887":"r","888":"n","889":" ","890":"`","891":"$","892":"{","893":"p","894":"r","895":"e","896":"f","897":"i","898":"x","899":"}","900":"$","901":"{","902":"s","903":"t","904":"a","905":"r","906":"t","907":"}","908":".","909":".","910":".","911":"$","912":"{","913":"e","914":"n","915":"d","916":"}","917":"`","918":";","919":"\\","920":"n","921":"}","922":";","923":"\\","924":"n","925":"\"","926":"]","927":",","928":"\"","929":"n","930":"a","931":"m","932":"e","933":"s","934":"\"","935":":","936":"[","937":"\"","938":"f","939":"o","940":"r","941":"m","942":"a","943":"t","944":"W","945":"a","946":"l","947":"l","948":"e","949":"t","950":"A","951":"d","952":"d","953":"r","954":"e","955":"s","956":"s","957":"\"","958":",","959":"\"","960":"a","961":"d","962":"d","963":"r","964":"e","965":"s","966":"s","967":"\"","968":",","969":"\"","970":"s","971":"t","972":"a","973":"r","974":"t","975":"L","976":"e","977":"n","978":"g","979":"t","980":"h","981":"\"","982":",","983":"\"","984":"e","985":"n","986":"d","987":"L","988":"e","989":"n","990":"g","991":"t","992":"h","993":"\"","994":",","995":"\"","996":"s","997":"a","998":"f","999":"e","1000":"S","1001":"t","1002":"a","1003":"r","1004":"t","1005":"L","1006":"e","1007":"n","1008":"g","1009":"t","1010":"h","1011":"\"","1012":",","1013":"\"","1014":"M","1015":"a","1016":"t","1017":"h","1018":"\"","1019":",","1020":"\"","1021":"m","1022":"a","1023":"x","1024":"\"","1025":",","1026":"\"","1027":"s","1028":"a","1029":"f","1030":"e","1031":"E","1032":"n","1033":"d","1034":"L","1035":"e","1036":"n","1037":"g","1038":"t","1039":"h","1040":"\"","1041":",","1042":"\"","1043":"l","1044":"e","1045":"n","1046":"g","1047":"t","1048":"h","1049":"\"","1050":",","1051":"\"","1052":"c","1053":"l","1054":"e","1055":"a","1056":"n","1057":"A","1058":"d","1059":"d","1060":"r","1061":"e","1062":"s","1063":"s","1064":"\"","1065":",","1066":"\"","1067":"s","1068":"t","1069":"a","1070":"r","1071":"t","1072":"s","1073":"W","1074":"i","1075":"t","1076":"h","1077":"\"","1078":",","1079":"\"","1080":"s","1081":"l","1082":"i","1083":"c","1084":"e","1085":"\"","1086":",","1087":"\"","1088":"s","1089":"t","1090":"a","1091":"r","1092":"t","1093":"\"","1094":",","1095":"\"","1096":"e","1097":"n","1098":"d","1099":"\"","1100":",","1101":"\"","1102":"p","1103":"r","1104":"e","1105":"f","1106":"i","1107":"x","1108":"\"","1109":"]","1110":",","1111":"\"","1112":"m","1113":"a","1114":"p","1115":"p","1116":"i","1117":"n","1118":"g","1119":"s","1120":"\"","1121":":","1122":"\"","1123":"o","1124":"G","1125":"A","1126":"C","1127":"a","1128":"A","1129":",","1130":"6","1131":"D","1132":"A","1133":"A","1134":"A","1135":"A","1136":",","1137":"u","1138":"B","1139":"A","1140":"A","1141":"N","1142":",","1143":"M","1144":"A","1145":"A","1146":"M","1147":"A","1148":",","1149":"o","1150":"B","1151":"A","1152":"A","1153":"s","1154":"B","1155":",","1156":"C","1157":"A","1158":"C","1159":"/","1160":"B","1161":"C","1162":",","1163":"Q","1164":"A","1165":"C","1166":"A","1167":"C","1168":",","1169":"Y","1170":"A","1171":"A","1172":"s","1173":"B","1174":",","1175":"C","1176":"A","1177":"A","1178":"C","1179":",","1180":"C","1181":"A","1182":"C","1183":"v","1184":"B","1185":"C","1186":",","1187":"U","1188":"A","1189":"A","1190":"o","1191":"B","1192":",","1193":"C","1194":"A","1195":"A","1196":"C","1197":",","1198":"I","1199":"A","1200":"E","1201":"r","1202":"B","1203":",","1204":"G","1205":"A","1206":"A","1207":"I","1208":",","1209":"C","1210":"A","1211":"A","1212":"C","1213":"F","1214":",","1215":"Q","1216":"A","1217":"A","1218":"S","1219":",","1220":"M","1221":"A","1222":"A","1223":"O","1224":",","1225":"G","1226":"A","1227":"E","1228":"r","1229":"B","1230":",","1231":"M","1232":"A","1233":"A","1234":"M","1235":"G","1236":",","1237":"g","1238":"B","1239":"A","1240":"A","1241":"k","1242":"B","1243":"C","1244":",","1245":"K","1246":"A","1247":"A","1248":"K","1249":"C","1250":",","1251":"G","1252":"A","1253":"A","1254":"G","1255":",","1256":"C","1257":"A","1258":"A","1259":"C","1260":",","1261":"E","1262":"A","1263":"A","1264":"G","1265":"J","1266":",","1267":"a","1268":"A","1269":"C","1270":"p","1271":"C","1272":",","1273":"M","1274":"A","1275":"A","1276":"M","1277":"K","1278":",","1279":"c","1280":"A","1281":"A","1282":"g","1283":"B","1284":"F","1285":",","1286":"K","1287":"A","1288":"A","1289":"K","1290":"C","1291":",","1292":"G","1293":"A","1294":"A","1295":"G","1296":",","1297":"C","1298":"A","1299":"A","1300":"C","1301":",","1302":"E","1303":"A","1304":"A","1305":"G","1306":"H","1307":",","1308":"W","1309":"A","1310":"E","1311":"l","1312":"C","1313":",","1314":"G","1315":"A","1316":"A","1317":"I","1318":"F","1319":",","1320":"Q","1321":"A","1322":"A","1323":"Q","1324":"O","1325":",","1326":"M","1327":"A","1328":"A","1329":"M","1330":",","1331":"E","1332":"A","1333":"A","1334":"I","1335":"J","1336":",","1337":"g","1338":"B","1339":"A","1340":"A","1341":"k","1342":"B","1343":"G","1344":",","1345":"c","1346":"A","1347":"A","1348":"e","1349":",","1350":"C","1351":"A","1352":"C","1353":"n","1354":"D","1355":",","1356":"O","1357":"A","1358":"A","1359":"O","1360":"N","1361":",","1362":"O","1363":"A","1364":"C","1365":"X","1366":",","1367":"C","1368":"A","1369":"E","1370":"A","1371":",","1372":"M","1373":"A","1374":"A","1375":"M","1376":"Q","1377":",","1378":"a","1379":"A","1380":"A","1381":"e","1382":"R","1383":",","1384":"Q","1385":"A","1386":"A","1387":"Q","1388":"S","1389":",","1390":"U","1391":"A","1392":"A","1393":"U","1394":",","1395":"C","1396":"A","1397":"A","1398":"C","1399":",","1400":"M","1401":"A","1402":"A","1403":"Q","1404":"T","1405":",","1406":"Q","1407":"A","1408":"A","1409":"Q","1410":"U","1411":",","1412":"K","1413":"A","1414":"A","1415":"K","1416":",","1417":"C","1418":"A","1419":"A","1420":"C","1421":",","1422":"G","1423":"A","1424":"A","1425":"K","1426":"V","1427":",","1428":"Q","1429":"A","1430":"E","1431":"n","1432":"E","1433":",","1434":"M","1435":"A","1436":"A","1437":"M","1438":"W","1439":",","1440":"M","1441":"A","1442":"A","1443":"Q","1444":"H","1445":",","1446":"a","1447":"A","1448":"A","1449":"a","1450":"E","1451":",","1452":"K","1453":"A","1454":"A","1455":"K","1456":",","1457":"C","1458":"A","1459":"A","1460":"C","1461":",","1462":"E","1463":"A","1464":"A","1465":"G","1466":"P","1467":",","1468":"i","1469":"B","1470":"A","1471":"C","1472":"p","1473":"C","1474":",","1475":"M","1476":"A","1477":"A","1478":"M","1479":"S","1480":",","1481":"I","1482":"A","1483":"A","1484":"M","1485":"N","1486":",","1487":"c","1488":"A","1489":"A","1490":"g","1491":"B","1492":",","1493":"E","1494":"A","1495":"A","1496":"I","1497":"E","1498":",","1499":"a","1500":"A","1501":"A","1502":"a","1503":"E","1504":",","1505":"K","1506":"A","1507":"A","1508":"K","1509":",","1510":"C","1511":"A","1512":"A","1513":"C","1514":",","1515":"C","1516":"A","1517":"A","1518":"C","1519":"J","1520":",","1521":"e","1522":"A","1523":"A","1524":"i","1525":"B","1526":",","1527":"G","1528":"A","1529":"E","1530":"r","1531":"E","1532":",","1533":"M","1534":"A","1535":"A","1536":"M","1537":"O","1538":",","1539":"O","1540":"A","1541":"A","1542":"S","1543":"b","1544":",","1545":"Q","1546":"A","1547":"A","1548":"Q","1549":"S","1550":",","1551":"U","1552":"A","1553":"A","1554":"U","1555":",","1556":"C","1557":"A","1558":"A","1559":"C","1560":",","1561":"M","1562":"A","1563":"A","1564":"Q","1565":",","1566":"K","1567":"A","1568":"A","1569":"O","1570":",","1571":"G","1572":"A","1573":"C","1574":"j","1575":"D","1576":",","1577":"M","1578":"A","1579":"A","1580":"O","1581":",","1582":"C","1583":"A","1584":"A","1585":"C","1586":",","1587":"E","1588":"A","1589":"A","1590":"E","1591":"I","1592":",","1593":"O","1594":"A","1595":"A","1596":"O","1597":",","1598":"E","1599":"A","1600":"A","1601":"E","1602":"F","1603":",","1604":"M","1605":"A","1606":"A","1607":"M","1608":",","1609":"G","1610":"A","1611":"A","1612":"G","1613":",","1614":"E","1615":"A","1616":"A","1617":"E","1618":"C","1619":",","1620":"I","1621":"A","1622":"A","1623":"I","1624":",","1625":"C","1626":"A","1627":"A","1628":"C","1629":",","1630":"A","1631":"A","1632":"C","1633":"v","1634":"C","1635":"\"","1636":"}"},"_coverageSchema":"1a1c01bbd47fc00a2c39e90264f33305004495a9","hash":"cc53119d4a4b2d9144f8aea9bffaa6934eb69805"}
}
