TN:
SF:src/utils/avatarGenerator.ts
FN:1,_export
FN:1,(anonymous_1)
FN:1,(anonymous_2)
FN:1,(anonymous_3)
FN:1,(anonymous_4)
FN:15,(anonymous_5)
FN:15,(anonymous_6)
FN:15,(anonymous_7)
FN:15,(anonymous_8)
FN:15,(anonymous_9)
FN:15,(anonymous_10)
FN:15,(anonymous_11)
FN:15,(anonymous_12)
FNF:13
FNH:12
FNDA:1,_export
FNDA:14,(anonymous_1)
FNDA:40,(anonymous_2)
FNDA:7,(anonymous_3)
FNDA:40,(anonymous_4)
FNDA:22,(anonymous_5)
FNDA:22,(anonymous_6)
FNDA:14,(anonymous_7)
FNDA:7,(anonymous_8)
FNDA:3,(anonymous_9)
FNDA:2,(anonymous_10)
FNDA:0,(anonymous_11)
FNDA:3,(anonymous_12)
DA:1,40
DA:15,22
LF:2
LH:2
BRDA:1,0,0,8
BRDA:1,0,1,32
BRDA:1,1,0,40
BRDA:1,1,1,33
BRDA:1,2,0,10
BRDA:1,2,1,22
BRDA:15,3,0,0
BRDA:15,3,1,22
BRDA:15,4,0,22
BRDA:15,4,1,22
BRDA:15,5,0,16
BRDA:15,5,1,6
BRDA:15,6,0,3
BRDA:15,6,1,19
BRDA:15,7,0,0
BRDA:15,7,1,22
BRDA:15,8,0,22
BRDA:15,8,1,22
BRDA:15,9,0,0
BRDA:15,9,1,22
BRDA:15,10,0,16
BRDA:15,10,1,6
BRDA:15,11,0,0
BRDA:15,11,1,22
BRDA:15,12,0,4
BRDA:15,12,1,10
BRDA:15,13,0,14
BRDA:15,13,1,10
BRDA:15,14,0,5
BRDA:15,14,1,5
BRDA:15,15,0,4
BRDA:15,15,1,3
BRDA:15,16,0,7
BRDA:15,16,1,4
BRF:34
BRH:30
end_of_record
TN:
SF:src/utils/index.ts
FN:1,(anonymous_0)
FN:1,(anonymous_1)
FNF:2
FNH:2
FNDA:1044,(anonymous_0)
FNDA:1044,(anonymous_1)
DA:1,1044
LF:1
LH:1
BRDA:1,0,0,1025
BRDA:1,1,0,1026
BRDA:1,2,0,3
BRDA:1,2,1,1041
BRDA:1,3,0,8
BRDA:1,3,1,1033
BRDA:1,4,0,1030
BRDA:1,4,1,3
BRDA:1,5,0,1029
BRDA:1,5,1,4
BRDA:1,6,0,1030
BRDA:1,6,1,3
BRF:12
BRH:12
end_of_record
