{
  "numFailedTestSuites": 0,
  "numFailedTests": 0,
  "numPassedTestSuites": 1,
  "numPassedTests": 38,
  "numPendingTestSuites": 0,
  "numPendingTests": 0,
  "numRuntimeErrorTestSuites": 0,
  "numTodoTests": 0,
  "numTotalTestSuites": 2,
  "numTotalTests": 38,
  "openHandles": [],
  "snapshot": {
    "added": 0,
    "didUpdate": false,
    "failure": false,
    "filesAdded": 0,
    "filesRemoved": 0,
    "filesRemovedList": [],
    "filesUnmatched": 0,
    "filesUpdated": 0,
    "matched": 0,
    "total": 0,
    "unchecked": 0,
    "uncheckedKeysByFile": [],
    "unmatched": 0,
    "updated": 0
  },
  "startTime": 1757785530030,
  "success": false,
  "testResults": [
    {
      "leaks": false,
      "numFailingTests": 0,
      "numPassingTests": 38,
      "numPendingTests": 0,
      "numTodoTests": 0,
      "openHandles": [],
      "perfStats": {
        "end": 1757785530309,
        "loadTestEnvironmentEnd": 1757785530161,
        "loadTestEnvironmentStart": 1757785530133,
        "runtime": 147,
        "setupAfterEnvEnd": 1757785530296,
        "setupAfterEnvStart": 1757785530292,
        "setupFilesEnd": 1757785530162,
        "setupFilesStart": 1757785530162,
        "slow": false,
        "start": 1757785530162
      },
      "skipped": false,
      "snapshot": {
        "added": 0,
        "fileDeleted": false,
        "matched": 0,
        "unchecked": 0,
        "uncheckedKeys": [],
        "unmatched": 0,
        "updated": 0
      },
      "testFilePath": "/media/jzq520cxm/32C4F0C5C4F08C7B/yidengschool/ai-spa/tests/unit/index.spec.ts",
      "testResults": [
        {
          "ancestorTitles": [
            "index 工具函数测试",
            "formatWalletAddress 函数测试",
            "基本功能测试"
          ],
          "duration": 4,
          "failing": false,
          "failureDetails": [],
          "failureMessages": [],
          "fullName": "index 工具函数测试 formatWalletAddress 函数测试 基本功能测试 应该正确格式化标准的以太坊地址（带0x前缀）",
          "invocations": 1,
          "location": null,
          "numPassingAsserts": 1,
          "retryReasons": [],
          "startAt": 1757785530298,
          "status": "passed",
          "title": "应该正确格式化标准的以太坊地址（带0x前缀）"
        },
        {
          "ancestorTitles": [
            "index 工具函数测试",
            "formatWalletAddress 函数测试",
            "基本功能测试"
          ],
          "duration": 0,
          "failing": false,
          "failureDetails": [],
          "failureMessages": [],
          "fullName": "index 工具函数测试 formatWalletAddress 函数测试 基本功能测试 应该正确格式化不带0x前缀的地址",
          "invocations": 1,
          "location": null,
          "numPassingAsserts": 1,
          "retryReasons": [],
          "startAt": 1757785530302,
          "status": "passed",
          "title": "应该正确格式化不带0x前缀的地址"
        },
        {
          "ancestorTitles": [
            "index 工具函数测试",
            "formatWalletAddress 函数测试",
            "基本功能测试"
          ],
          "duration": 0,
          "failing": false,
          "failureDetails": [],
          "failureMessages": [],
          "fullName": "index 工具函数测试 formatWalletAddress 函数测试 基本功能测试 应该使用默认参数（startLength=6, endLength=4）",
          "invocations": 1,
          "location": null,
          "numPassingAsserts": 1,
          "retryReasons": [],
          "startAt": 1757785530302,
          "status": "passed",
          "title": "应该使用默认参数（startLength=6, endLength=4）"
        },
        {
          "ancestorTitles": [
            "index 工具函数测试",
            "formatWalletAddress 函数测试",
            "自定义参数测试"
          ],
          "duration": 0,
          "failing": false,
          "failureDetails": [],
          "failureMessages": [],
          "fullName": "index 工具函数测试 formatWalletAddress 函数测试 自定义参数测试 应该支持自定义起始长度",
          "invocations": 1,
          "location": null,
          "numPassingAsserts": 1,
          "retryReasons": [],
          "startAt": 1757785530302,
          "status": "passed",
          "title": "应该支持自定义起始长度"
        },
        {
          "ancestorTitles": [
            "index 工具函数测试",
            "formatWalletAddress 函数测试",
            "自定义参数测试"
          ],
          "duration": 1,
          "failing": false,
          "failureDetails": [],
          "failureMessages": [],
          "fullName": "index 工具函数测试 formatWalletAddress 函数测试 自定义参数测试 应该支持自定义结尾长度",
          "invocations": 1,
          "location": null,
          "numPassingAsserts": 1,
          "retryReasons": [],
          "startAt": 1757785530302,
          "status": "passed",
          "title": "应该支持自定义结尾长度"
        },
        {
          "ancestorTitles": [
            "index 工具函数测试",
            "formatWalletAddress 函数测试",
            "自定义参数测试"
          ],
          "duration": 0,
          "failing": false,
          "failureDetails": [],
          "failureMessages": [],
          "fullName": "index 工具函数测试 formatWalletAddress 函数测试 自定义参数测试 应该支持同时自定义起始和结尾长度",
          "invocations": 1,
          "location": null,
          "numPassingAsserts": 1,
          "retryReasons": [],
          "startAt": 1757785530303,
          "status": "passed",
          "title": "应该支持同时自定义起始和结尾长度"
        },
        {
          "ancestorTitles": [
            "index 工具函数测试",
            "formatWalletAddress 函数测试",
            "自定义参数测试"
          ],
          "duration": 0,
          "failing": false,
          "failureDetails": [],
          "failureMessages": [],
          "fullName": "index 工具函数测试 formatWalletAddress 函数测试 自定义参数测试 应该支持较大的起始和结尾长度",
          "invocations": 1,
          "location": null,
          "numPassingAsserts": 1,
          "retryReasons": [],
          "startAt": 1757785530303,
          "status": "passed",
          "title": "应该支持较大的起始和结尾长度"
        },
        {
          "ancestorTitles": [
            "index 工具函数测试",
            "formatWalletAddress 函数测试",
            "自定义参数测试"
          ],
          "duration": 0,
          "failing": false,
          "failureDetails": [],
          "failureMessages": [],
          "fullName": "index 工具函数测试 formatWalletAddress 函数测试 自定义参数测试 应该支持起始长度为0",
          "invocations": 1,
          "location": null,
          "numPassingAsserts": 1,
          "retryReasons": [],
          "startAt": 1757785530303,
          "status": "passed",
          "title": "应该支持起始长度为0"
        },
        {
          "ancestorTitles": [
            "index 工具函数测试",
            "formatWalletAddress 函数测试",
            "自定义参数测试"
          ],
          "duration": 0,
          "failing": false,
          "failureDetails": [],
          "failureMessages": [],
          "fullName": "index 工具函数测试 formatWalletAddress 函数测试 自定义参数测试 应该支持结尾长度为0",
          "invocations": 1,
          "location": null,
          "numPassingAsserts": 1,
          "retryReasons": [],
          "startAt": 1757785530303,
          "status": "passed",
          "title": "应该支持结尾长度为0"
        },
        {
          "ancestorTitles": [
            "index 工具函数测试",
            "formatWalletAddress 函数测试",
            "自定义参数测试"
          ],
          "duration": 1,
          "failing": false,
          "failureDetails": [],
          "failureMessages": [],
          "fullName": "index 工具函数测试 formatWalletAddress 函数测试 自定义参数测试 起始和结尾长度都为0时应该只显示前缀和省略号",
          "invocations": 1,
          "location": null,
          "numPassingAsserts": 1,
          "retryReasons": [],
          "startAt": 1757785530303,
          "status": "passed",
          "title": "起始和结尾长度都为0时应该只显示前缀和省略号"
        },
        {
          "ancestorTitles": [
            "index 工具函数测试",
            "formatWalletAddress 函数测试",
            "边界情况测试"
          ],
          "duration": 0,
          "failing": false,
          "failureDetails": [],
          "failureMessages": [],
          "fullName": "index 工具函数测试 formatWalletAddress 函数测试 边界情况测试 空字符串应该返回空字符串",
          "invocations": 1,
          "location": null,
          "numPassingAsserts": 1,
          "retryReasons": [],
          "startAt": 1757785530304,
          "status": "passed",
          "title": "空字符串应该返回空字符串"
        },
        {
          "ancestorTitles": [
            "index 工具函数测试",
            "formatWalletAddress 函数测试",
            "边界情况测试"
          ],
          "duration": 0,
          "failing": false,
          "failureDetails": [],
          "failureMessages": [],
          "fullName": "index 工具函数测试 formatWalletAddress 函数测试 边界情况测试 null 应该返回空字符串",
          "invocations": 1,
          "location": null,
          "numPassingAsserts": 1,
          "retryReasons": [],
          "startAt": 1757785530304,
          "status": "passed",
          "title": "null 应该返回空字符串"
        },
        {
          "ancestorTitles": [
            "index 工具函数测试",
            "formatWalletAddress 函数测试",
            "边界情况测试"
          ],
          "duration": 0,
          "failing": false,
          "failureDetails": [],
          "failureMessages": [],
          "fullName": "index 工具函数测试 formatWalletAddress 函数测试 边界情况测试 undefined 应该返回空字符串",
          "invocations": 1,
          "location": null,
          "numPassingAsserts": 1,
          "retryReasons": [],
          "startAt": 1757785530304,
          "status": "passed",
          "title": "undefined 应该返回空字符串"
        },
        {
          "ancestorTitles": [
            "index 工具函数测试",
            "formatWalletAddress 函数测试",
            "边界情况测试"
          ],
          "duration": 0,
          "failing": false,
          "failureDetails": [],
          "failureMessages": [],
          "fullName": "index 工具函数测试 formatWalletAddress 函数测试 边界情况测试 地址长度小于等于 startLength + endLength 时应该返回原地址",
          "invocations": 1,
          "location": null,
          "numPassingAsserts": 3,
          "retryReasons": [],
          "startAt": 1757785530304,
          "status": "passed",
          "title": "地址长度小于等于 startLength + endLength 时应该返回原地址"
        },
        {
          "ancestorTitles": [
            "index 工具函数测试",
            "formatWalletAddress 函数测试",
            "边界情况测试"
          ],
          "duration": 0,
          "failing": false,
          "failureDetails": [],
          "failureMessages": [],
          "fullName": "index 工具函数测试 formatWalletAddress 函数测试 边界情况测试 刚好超过最小长度的地址应该被格式化",
          "invocations": 1,
          "location": null,
          "numPassingAsserts": 1,
          "retryReasons": [],
          "startAt": 1757785530304,
          "status": "passed",
          "title": "刚好超过最小长度的地址应该被格式化"
        },
        {
          "ancestorTitles": [
            "index 工具函数测试",
            "formatWalletAddress 函数测试",
            "边界情况测试"
          ],
          "duration": 0,
          "failing": false,
          "failureDetails": [],
          "failureMessages": [],
          "fullName": "index 工具函数测试 formatWalletAddress 函数测试 边界情况测试 地址长度正好等于 startLength + endLength 时返回原地址",
          "invocations": 1,
          "location": null,
          "numPassingAsserts": 1,
          "retryReasons": [],
          "startAt": 1757785530304,
          "status": "passed",
          "title": "地址长度正好等于 startLength + endLength 时返回原地址"
        },
        {
          "ancestorTitles": [
            "index 工具函数测试",
            "formatWalletAddress 函数测试",
            "前缀处理测试"
          ],
          "duration": 0,
          "failing": false,
          "failureDetails": [],
          "failureMessages": [],
          "fullName": "index 工具函数测试 formatWalletAddress 函数测试 前缀处理测试 应该保留原有的0x前缀",
          "invocations": 1,
          "location": null,
          "numPassingAsserts": 2,
          "retryReasons": [],
          "startAt": 1757785530304,
          "status": "passed",
          "title": "应该保留原有的0x前缀"
        },
        {
          "ancestorTitles": [
            "index 工具函数测试",
            "formatWalletAddress 函数测试",
            "前缀处理测试"
          ],
          "duration": 0,
          "failing": false,
          "failureDetails": [],
          "failureMessages": [],
          "fullName": "index 工具函数测试 formatWalletAddress 函数测试 前缀处理测试 没有0x前缀的地址不应该添加前缀",
          "invocations": 1,
          "location": null,
          "numPassingAsserts": 2,
          "retryReasons": [],
          "startAt": 1757785530305,
          "status": "passed",
          "title": "没有0x前缀的地址不应该添加前缀"
        },
        {
          "ancestorTitles": [
            "index 工具函数测试",
            "formatWalletAddress 函数测试",
            "前缀处理测试"
          ],
          "duration": 0,
          "failing": false,
          "failureDetails": [],
          "failureMessages": [],
          "fullName": "index 工具函数测试 formatWalletAddress 函数测试 前缀处理测试 0x前缀应该在格式化后保持在开头",
          "invocations": 1,
          "location": null,
          "numPassingAsserts": 1,
          "retryReasons": [],
          "startAt": 1757785530305,
          "status": "passed",
          "title": "0x前缀应该在格式化后保持在开头"
        },
        {
          "ancestorTitles": [
            "index 工具函数测试",
            "formatWalletAddress 函数测试",
            "特殊字符和格式测试"
          ],
          "duration": 0,
          "failing": false,
          "failureDetails": [],
          "failureMessages": [],
          "fullName": "index 工具函数测试 formatWalletAddress 函数测试 特殊字符和格式测试 应该正确处理大小写混合的地址",
          "invocations": 1,
          "location": null,
          "numPassingAsserts": 1,
          "retryReasons": [],
          "startAt": 1757785530305,
          "status": "passed",
          "title": "应该正确处理大小写混合的地址"
        },
        {
          "ancestorTitles": [
            "index 工具函数测试",
            "formatWalletAddress 函数测试",
            "特殊字符和格式测试"
          ],
          "duration": 0,
          "failing": false,
          "failureDetails": [],
          "failureMessages": [],
          "fullName": "index 工具函数测试 formatWalletAddress 函数测试 特殊字符和格式测试 应该正确处理全大写地址",
          "invocations": 1,
          "location": null,
          "numPassingAsserts": 1,
          "retryReasons": [],
          "startAt": 1757785530305,
          "status": "passed",
          "title": "应该正确处理全大写地址"
        },
        {
          "ancestorTitles": [
            "index 工具函数测试",
            "formatWalletAddress 函数测试",
            "特殊字符和格式测试"
          ],
          "duration": 0,
          "failing": false,
          "failureDetails": [],
          "failureMessages": [],
          "fullName": "index 工具函数测试 formatWalletAddress 函数测试 特殊字符和格式测试 应该正确处理全小写地址",
          "invocations": 1,
          "location": null,
          "numPassingAsserts": 1,
          "retryReasons": [],
          "startAt": 1757785530305,
          "status": "passed",
          "title": "应该正确处理全小写地址"
        },
        {
          "ancestorTitles": [
            "index 工具函数测试",
            "formatWalletAddress 函数测试",
            "特殊字符和格式测试"
          ],
          "duration": 0,
          "failing": false,
          "failureDetails": [],
          "failureMessages": [],
          "fullName": "index 工具函数测试 formatWalletAddress 函数测试 特殊字符和格式测试 应该处理包含特殊字符的字符串",
          "invocations": 1,
          "location": null,
          "numPassingAsserts": 1,
          "retryReasons": [],
          "startAt": 1757785530305,
          "status": "passed",
          "title": "应该处理包含特殊字符的字符串"
        },
        {
          "ancestorTitles": [
            "index 工具函数测试",
            "formatWalletAddress 函数测试",
            "参数验证测试"
          ],
          "duration": 0,
          "failing": false,
          "failureDetails": [],
          "failureMessages": [],
          "fullName": "index 工具函数测试 formatWalletAddress 函数测试 参数验证测试 负数起始长度应该被处理",
          "invocations": 1,
          "location": null,
          "numPassingAsserts": 1,
          "retryReasons": [],
          "startAt": 1757785530305,
          "status": "passed",
          "title": "负数起始长度应该被处理"
        },
        {
          "ancestorTitles": [
            "index 工具函数测试",
            "formatWalletAddress 函数测试",
            "参数验证测试"
          ],
          "duration": 0,
          "failing": false,
          "failureDetails": [],
          "failureMessages": [],
          "fullName": "index 工具函数测试 formatWalletAddress 函数测试 参数验证测试 负数结尾长度应该被处理",
          "invocations": 1,
          "location": null,
          "numPassingAsserts": 1,
          "retryReasons": [],
          "startAt": 1757785530305,
          "status": "passed",
          "title": "负数结尾长度应该被处理"
        },
        {
          "ancestorTitles": [
            "index 工具函数测试",
            "formatWalletAddress 函数测试",
            "参数验证测试"
          ],
          "duration": 1,
          "failing": false,
          "failureDetails": [],
          "failureMessages": [],
          "fullName": "index 工具函数测试 formatWalletAddress 函数测试 参数验证测试 起始和结尾长度都为负数时应该被处理",
          "invocations": 1,
          "location": null,
          "numPassingAsserts": 1,
          "retryReasons": [],
          "startAt": 1757785530305,
          "status": "passed",
          "title": "起始和结尾长度都为负数时应该被处理"
        },
        {
          "ancestorTitles": [
            "index 工具函数测试",
            "formatWalletAddress 函数测试",
            "参数验证测试"
          ],
          "duration": 0,
          "failing": false,
          "failureDetails": [],
          "failureMessages": [],
          "fullName": "index 工具函数测试 formatWalletAddress 函数测试 参数验证测试 非常大的起始长度应该正常工作",
          "invocations": 1,
          "location": null,
          "numPassingAsserts": 1,
          "retryReasons": [],
          "startAt": 1757785530306,
          "status": "passed",
          "title": "非常大的起始长度应该正常工作"
        },
        {
          "ancestorTitles": [
            "index 工具函数测试",
            "formatWalletAddress 函数测试",
            "参数验证测试"
          ],
          "duration": 0,
          "failing": false,
          "failureDetails": [],
          "failureMessages": [],
          "fullName": "index 工具函数测试 formatWalletAddress 函数测试 参数验证测试 非常大的结尾长度应该正常工作",
          "invocations": 1,
          "location": null,
          "numPassingAsserts": 1,
          "retryReasons": [],
          "startAt": 1757785530306,
          "status": "passed",
          "title": "非常大的结尾长度应该正常工作"
        },
        {
          "ancestorTitles": [
            "index 工具函数测试",
            "formatWalletAddress 函数测试",
            "参数验证测试"
          ],
          "duration": 0,
          "failing": false,
          "failureDetails": [],
          "failureMessages": [],
          "fullName": "index 工具函数测试 formatWalletAddress 函数测试 参数验证测试 起始和结尾长度之和超过地址长度时应该返回原地址",
          "invocations": 1,
          "location": null,
          "numPassingAsserts": 1,
          "retryReasons": [],
          "startAt": 1757785530306,
          "status": "passed",
          "title": "起始和结尾长度之和超过地址长度时应该返回原地址"
        },
        {
          "ancestorTitles": [
            "index 工具函数测试",
            "formatWalletAddress 函数测试",
            "性能和压力测试"
          ],
          "duration": 0,
          "failing": false,
          "failureDetails": [],
          "failureMessages": [],
          "fullName": "index 工具函数测试 formatWalletAddress 函数测试 性能和压力测试 应该能处理非常长的地址字符串",
          "invocations": 1,
          "location": null,
          "numPassingAsserts": 2,
          "retryReasons": [],
          "startAt": 1757785530306,
          "status": "passed",
          "title": "应该能处理非常长的地址字符串"
        },
        {
          "ancestorTitles": [
            "index 工具函数测试",
            "formatWalletAddress 函数测试",
            "性能和压力测试"
          ],
          "duration": 0,
          "failing": false,
          "failureDetails": [],
          "failureMessages": [],
          "fullName": "index 工具函数测试 formatWalletAddress 函数测试 性能和压力测试 应该能批量处理多个地址",
          "invocations": 1,
          "location": null,
          "numPassingAsserts": 1,
          "retryReasons": [],
          "startAt": 1757785530306,
          "status": "passed",
          "title": "应该能批量处理多个地址"
        },
        {
          "ancestorTitles": [
            "index 工具函数测试",
            "formatWalletAddress 函数测试",
            "性能和压力测试"
          ],
          "duration": 1,
          "failing": false,
          "failureDetails": [],
          "failureMessages": [],
          "fullName": "index 工具函数测试 formatWalletAddress 函数测试 性能和压力测试 大量调用时应该保持性能",
          "invocations": 1,
          "location": null,
          "numPassingAsserts": 1,
          "retryReasons": [],
          "startAt": 1757785530306,
          "status": "passed",
          "title": "大量调用时应该保持性能"
        },
        {
          "ancestorTitles": [
            "index 工具函数测试",
            "formatWalletAddress 函数测试",
            "边界值精确测试"
          ],
          "duration": 1,
          "failing": false,
          "failureDetails": [],
          "failureMessages": [],
          "fullName": "index 工具函数测试 formatWalletAddress 函数测试 边界值精确测试 测试各种精确的长度边界",
          "invocations": 1,
          "location": null,
          "numPassingAsserts": 2,
          "retryReasons": [],
          "startAt": 1757785530307,
          "status": "passed",
          "title": "测试各种精确的长度边界"
        },
        {
          "ancestorTitles": [
            "index 工具函数测试",
            "formatWalletAddress 函数测试",
            "边界值精确测试"
          ],
          "duration": 0,
          "failing": false,
          "failureDetails": [],
          "failureMessages": [],
          "fullName": "index 工具函数测试 formatWalletAddress 函数测试 边界值精确测试 测试自定义参数下的边界值",
          "invocations": 1,
          "location": null,
          "numPassingAsserts": 2,
          "retryReasons": [],
          "startAt": 1757785530308,
          "status": "passed",
          "title": "测试自定义参数下的边界值"
        },
        {
          "ancestorTitles": [
            "index 工具函数测试",
            "formatWalletAddress 函数测试",
            "实际使用场景测试"
          ],
          "duration": 0,
          "failing": false,
          "failureDetails": [],
          "failureMessages": [],
          "fullName": "index 工具函数测试 formatWalletAddress 函数测试 实际使用场景测试 以太坊主网地址格式化",
          "invocations": 1,
          "location": null,
          "numPassingAsserts": 1,
          "retryReasons": [],
          "startAt": 1757785530308,
          "status": "passed",
          "title": "以太坊主网地址格式化"
        },
        {
          "ancestorTitles": [
            "index 工具函数测试",
            "formatWalletAddress 函数测试",
            "实际使用场景测试"
          ],
          "duration": 0,
          "failing": false,
          "failureDetails": [],
          "failureMessages": [],
          "fullName": "index 工具函数测试 formatWalletAddress 函数测试 实际使用场景测试 BSC地址格式化",
          "invocations": 1,
          "location": null,
          "numPassingAsserts": 1,
          "retryReasons": [],
          "startAt": 1757785530308,
          "status": "passed",
          "title": "BSC地址格式化"
        },
        {
          "ancestorTitles": [
            "index 工具函数测试",
            "formatWalletAddress 函数测试",
            "实际使用场景测试"
          ],
          "duration": 0,
          "failing": false,
          "failureDetails": [],
          "failureMessages": [],
          "fullName": "index 工具函数测试 formatWalletAddress 函数测试 实际使用场景测试 Polygon地址格式化",
          "invocations": 1,
          "location": null,
          "numPassingAsserts": 1,
          "retryReasons": [],
          "startAt": 1757785530308,
          "status": "passed",
          "title": "Polygon地址格式化"
        },
        {
          "ancestorTitles": [
            "index 工具函数测试",
            "formatWalletAddress 函数测试",
            "实际使用场景测试"
          ],
          "duration": 0,
          "failing": false,
          "failureDetails": [],
          "failureMessages": [],
          "fullName": "index 工具函数测试 formatWalletAddress 函数测试 实际使用场景测试 自定义显示长度的钱包地址",
          "invocations": 1,
          "location": null,
          "numPassingAsserts": 2,
          "retryReasons": [],
          "startAt": 1757785530308,
          "status": "passed",
          "title": "自定义显示长度的钱包地址"
        }
      ],
      "failureMessage": null,
      "coverage": {
        "/media/jzq520cxm/32C4F0C5C4F08C7B/yidengschool/ai-spa/src/utils/index.ts": {
          "path": "/media/jzq520cxm/32C4F0C5C4F08C7B/yidengschool/ai-spa/src/utils/index.ts",
          "statementMap": {
            "0": {
              "start": {
                "line": 1,
                "column": 13
              },
              "end": {
                "line": 1,
                "column": 70
              }
            },
            "1": {
              "start": {
                "line": 1,
                "column": 70
              },
              "end": {
                "line": 1,
                "column": 184
              }
            },
            "2": {
              "start": {
                "line": 1,
                "column": 154
              },
              "end": {
                "line": 1,
                "column": 180
              }
            },
            "3": {
              "start": {
                "line": 1,
                "column": 210
              },
              "end": {
                "line": 1,
                "column": 686
              }
            },
            "4": {
              "start": {
                "line": 1,
                "column": 248
              },
              "end": {
                "line": 1,
                "column": 269
              }
            },
            "5": {
              "start": {
                "line": 1,
                "column": 260
              },
              "end": {
                "line": 1,
                "column": 269
              }
            },
            "6": {
              "start": {
                "line": 1,
                "column": 291
              },
              "end": {
                "line": 1,
                "column": 314
              }
            },
            "7": {
              "start": {
                "line": 1,
                "column": 335
              },
              "end": {
                "line": 1,
                "column": 356
              }
            },
            "8": {
              "start": {
                "line": 1,
                "column": 357
              },
              "end": {
                "line": 1,
                "column": 422
              }
            },
            "9": {
              "start": {
                "line": 1,
                "column": 407
              },
              "end": {
                "line": 1,
                "column": 421
              }
            },
            "10": {
              "start": {
                "line": 1,
                "column": 441
              },
              "end": {
                "line": 1,
                "column": 490
              }
            },
            "11": {
              "start": {
                "line": 1,
                "column": 503
              },
              "end": {
                "line": 1,
                "column": 540
              }
            },
            "12": {
              "start": {
                "line": 1,
                "column": 551
              },
              "end": {
                "line": 1,
                "column": 604
              }
            },
            "13": {
              "start": {
                "line": 1,
                "column": 618
              },
              "end": {
                "line": 1,
                "column": 650
              }
            },
            "14": {
              "start": {
                "line": 1,
                "column": 651
              },
              "end": {
                "line": 1,
                "column": 685
              }
            }
          },
          "fnMap": {
            "0": {
              "name": "(anonymous_0)",
              "decl": {
                "start": {
                  "line": 1,
                  "column": 143
                },
                "end": {
                  "line": 1,
                  "column": 144
                }
              },
              "loc": {
                "start": {
                  "line": 1,
                  "column": 153
                },
                "end": {
                  "line": 1,
                  "column": 181
                }
              },
              "line": 1
            },
            "1": {
              "name": "(anonymous_1)",
              "decl": {
                "start": {
                  "line": 1,
                  "column": 210
                },
                "end": {
                  "line": 1,
                  "column": 211
                }
              },
              "loc": {
                "start": {
                  "line": 1,
                  "column": 247
                },
                "end": {
                  "line": 1,
                  "column": 686
                }
              },
              "line": 1
            }
          },
          "branchMap": {
            "0": {
              "loc": {
                "start": {
                  "line": 1,
                  "column": 219
                },
                "end": {
                  "line": 1,
                  "column": 232
                }
              },
              "type": "default-arg",
              "locations": [
                {
                  "start": {
                    "line": 1,
                    "column": 231
                  },
                  "end": {
                    "line": 1,
                    "column": 232
                  }
                }
              ],
              "line": 1
            },
            "1": {
              "loc": {
                "start": {
                  "line": 1,
                  "column": 233
                },
                "end": {
                  "line": 1,
                  "column": 244
                }
              },
              "type": "default-arg",
              "locations": [
                {
                  "start": {
                    "line": 1,
                    "column": 243
                  },
                  "end": {
                    "line": 1,
                    "column": 244
                  }
                }
              ],
              "line": 1
            },
            "2": {
              "loc": {
                "start": {
                  "line": 1,
                  "column": 248
                },
                "end": {
                  "line": 1,
                  "column": 269
                }
              },
              "type": "if",
              "locations": [
                {
                  "start": {
                    "line": 1,
                    "column": 248
                  },
                  "end": {
                    "line": 1,
                    "column": 269
                  }
                },
                {
                  "start": {},
                  "end": {}
                }
              ],
              "line": 1
            },
            "3": {
              "loc": {
                "start": {
                  "line": 1,
                  "column": 357
                },
                "end": {
                  "line": 1,
                  "column": 422
                }
              },
              "type": "if",
              "locations": [
                {
                  "start": {
                    "line": 1,
                    "column": 357
                  },
                  "end": {
                    "line": 1,
                    "column": 422
                  }
                },
                {
                  "start": {},
                  "end": {}
                }
              ],
              "line": 1
            },
            "4": {
              "loc": {
                "start": {
                  "line": 1,
                  "column": 441
                },
                "end": {
                  "line": 1,
                  "column": 490
                }
              },
              "type": "cond-expr",
              "locations": [
                {
                  "start": {
                    "line": 1,
                    "column": 466
                  },
                  "end": {
                    "line": 1,
                    "column": 482
                  }
                },
                {
                  "start": {
                    "line": 1,
                    "column": 483
                  },
                  "end": {
                    "line": 1,
                    "column": 490
                  }
                }
              ],
              "line": 1
            },
            "5": {
              "loc": {
                "start": {
                  "line": 1,
                  "column": 551
                },
                "end": {
                  "line": 1,
                  "column": 604
                }
              },
              "type": "cond-expr",
              "locations": [
                {
                  "start": {
                    "line": 1,
                    "column": 567
                  },
                  "end": {
                    "line": 1,
                    "column": 601
                  }
                },
                {
                  "start": {
                    "line": 1,
                    "column": 602
                  },
                  "end": {
                    "line": 1,
                    "column": 604
                  }
                }
              ],
              "line": 1
            },
            "6": {
              "loc": {
                "start": {
                  "line": 1,
                  "column": 618
                },
                "end": {
                  "line": 1,
                  "column": 650
                }
              },
              "type": "cond-expr",
              "locations": [
                {
                  "start": {
                    "line": 1,
                    "column": 643
                  },
                  "end": {
                    "line": 1,
                    "column": 647
                  }
                },
                {
                  "start": {
                    "line": 1,
                    "column": 648
                  },
                  "end": {
                    "line": 1,
                    "column": 650
                  }
                }
              ],
              "line": 1
            }
          },
          "s": {
            "0": 1,
            "1": 1,
            "2": 1044,
            "3": 1,
            "4": 1044,
            "5": 3,
            "6": 1041,
            "7": 1041,
            "8": 1041,
            "9": 8,
            "10": 1033,
            "11": 1033,
            "12": 1033,
            "13": 1033,
            "14": 1033
          },
          "f": {
            "0": 1044,
            "1": 1044
          },
          "b": {
            "0": [
              1025
            ],
            "1": [
              1026
            ],
            "2": [
              3,
              1041
            ],
            "3": [
              8,
              1033
            ],
            "4": [
              1030,
              3
            ],
            "5": [
              1029,
              4
            ],
            "6": [
              1030,
              3
            ]
          },
          "inputSourceMap": {
            "0": "{",
            "1": "\"",
            "2": "v",
            "3": "e",
            "4": "r",
            "5": "s",
            "6": "i",
            "7": "o",
            "8": "n",
            "9": "\"",
            "10": ":",
            "11": "3",
            "12": ",",
            "13": "\"",
            "14": "s",
            "15": "o",
            "16": "u",
            "17": "r",
            "18": "c",
            "19": "e",
            "20": "s",
            "21": "\"",
            "22": ":",
            "23": "[",
            "24": "\"",
            "25": "/",
            "26": "m",
            "27": "e",
            "28": "d",
            "29": "i",
            "30": "a",
            "31": "/",
            "32": "j",
            "33": "z",
            "34": "q",
            "35": "5",
            "36": "2",
            "37": "0",
            "38": "c",
            "39": "x",
            "40": "m",
            "41": "/",
            "42": "3",
            "43": "2",
            "44": "C",
            "45": "4",
            "46": "F",
            "47": "0",
            "48": "C",
            "49": "5",
            "50": "C",
            "51": "4",
            "52": "F",
            "53": "0",
            "54": "8",
            "55": "C",
            "56": "7",
            "57": "B",
            "58": "/",
            "59": "y",
            "60": "i",
            "61": "d",
            "62": "e",
            "63": "n",
            "64": "g",
            "65": "s",
            "66": "c",
            "67": "h",
            "68": "o",
            "69": "o",
            "70": "l",
            "71": "/",
            "72": "a",
            "73": "i",
            "74": "-",
            "75": "s",
            "76": "p",
            "77": "a",
            "78": "/",
            "79": "s",
            "80": "r",
            "81": "c",
            "82": "/",
            "83": "u",
            "84": "t",
            "85": "i",
            "86": "l",
            "87": "s",
            "88": "/",
            "89": "i",
            "90": "n",
            "91": "d",
            "92": "e",
            "93": "x",
            "94": ".",
            "95": "t",
            "96": "s",
            "97": "\"",
            "98": "]",
            "99": ",",
            "100": "\"",
            "101": "s",
            "102": "o",
            "103": "u",
            "104": "r",
            "105": "c",
            "106": "e",
            "107": "s",
            "108": "C",
            "109": "o",
            "110": "n",
            "111": "t",
            "112": "e",
            "113": "n",
            "114": "t",
            "115": "\"",
            "116": ":",
            "117": "[",
            "118": "\"",
            "119": "/",
            "120": "/",
            "121": " ",
            "122": "W",
            "123": "e",
            "124": "b",
            "125": "3",
            "126": " ",
            "127": "E",
            "128": "V",
            "129": "M",
            "130": " ",
            "131": "钱",
            "132": "包",
            "133": "地",
            "134": "址",
            "135": "格",
            "136": "式",
            "137": "化",
            "138": "函",
            "139": "数",
            "140": "\\",
            "141": "n",
            "142": "e",
            "143": "x",
            "144": "p",
            "145": "o",
            "146": "r",
            "147": "t",
            "148": " ",
            "149": "c",
            "150": "o",
            "151": "n",
            "152": "s",
            "153": "t",
            "154": " ",
            "155": "f",
            "156": "o",
            "157": "r",
            "158": "m",
            "159": "a",
            "160": "t",
            "161": "W",
            "162": "a",
            "163": "l",
            "164": "l",
            "165": "e",
            "166": "t",
            "167": "A",
            "168": "d",
            "169": "d",
            "170": "r",
            "171": "e",
            "172": "s",
            "173": "s",
            "174": " ",
            "175": "=",
            "176": " ",
            "177": "(",
            "178": "\\",
            "179": "n",
            "180": " ",
            "181": " ",
            "182": " ",
            "183": " ",
            "184": "a",
            "185": "d",
            "186": "d",
            "187": "r",
            "188": "e",
            "189": "s",
            "190": "s",
            "191": ":",
            "192": " ",
            "193": "s",
            "194": "t",
            "195": "r",
            "196": "i",
            "197": "n",
            "198": "g",
            "199": ",",
            "200": "\\",
            "201": "n",
            "202": " ",
            "203": " ",
            "204": " ",
            "205": " ",
            "206": "s",
            "207": "t",
            "208": "a",
            "209": "r",
            "210": "t",
            "211": "L",
            "212": "e",
            "213": "n",
            "214": "g",
            "215": "t",
            "216": "h",
            "217": ":",
            "218": " ",
            "219": "n",
            "220": "u",
            "221": "m",
            "222": "b",
            "223": "e",
            "224": "r",
            "225": " ",
            "226": "=",
            "227": " ",
            "228": "6",
            "229": ",",
            "230": "\\",
            "231": "n",
            "232": " ",
            "233": " ",
            "234": " ",
            "235": " ",
            "236": "e",
            "237": "n",
            "238": "d",
            "239": "L",
            "240": "e",
            "241": "n",
            "242": "g",
            "243": "t",
            "244": "h",
            "245": ":",
            "246": " ",
            "247": "n",
            "248": "u",
            "249": "m",
            "250": "b",
            "251": "e",
            "252": "r",
            "253": " ",
            "254": "=",
            "255": " ",
            "256": "4",
            "257": ",",
            "258": "\\",
            "259": "n",
            "260": ")",
            "261": ":",
            "262": " ",
            "263": "s",
            "264": "t",
            "265": "r",
            "266": "i",
            "267": "n",
            "268": "g",
            "269": " ",
            "270": "=",
            "271": ">",
            "272": " ",
            "273": "{",
            "274": "\\",
            "275": "n",
            "276": " ",
            "277": " ",
            "278": " ",
            "279": " ",
            "280": "i",
            "281": "f",
            "282": " ",
            "283": "(",
            "284": "!",
            "285": "a",
            "286": "d",
            "287": "d",
            "288": "r",
            "289": "e",
            "290": "s",
            "291": "s",
            "292": ")",
            "293": " ",
            "294": "r",
            "295": "e",
            "296": "t",
            "297": "u",
            "298": "r",
            "299": "n",
            "300": " ",
            "301": "'",
            "302": "'",
            "303": ";",
            "304": "\\",
            "305": "n",
            "306": " ",
            "307": " ",
            "308": " ",
            "309": " ",
            "310": "/",
            "311": "/",
            "312": " ",
            "313": "处",
            "314": "理",
            "315": "负",
            "316": "数",
            "317": "参",
            "318": "数",
            "319": "\\",
            "320": "n",
            "321": " ",
            "322": " ",
            "323": " ",
            "324": " ",
            "325": "c",
            "326": "o",
            "327": "n",
            "328": "s",
            "329": "t",
            "330": " ",
            "331": "s",
            "332": "a",
            "333": "f",
            "334": "e",
            "335": "S",
            "336": "t",
            "337": "a",
            "338": "r",
            "339": "t",
            "340": "L",
            "341": "e",
            "342": "n",
            "343": "g",
            "344": "t",
            "345": "h",
            "346": " ",
            "347": "=",
            "348": " ",
            "349": "M",
            "350": "a",
            "351": "t",
            "352": "h",
            "353": ".",
            "354": "m",
            "355": "a",
            "356": "x",
            "357": "(",
            "358": "0",
            "359": ",",
            "360": " ",
            "361": "s",
            "362": "t",
            "363": "a",
            "364": "r",
            "365": "t",
            "366": "L",
            "367": "e",
            "368": "n",
            "369": "g",
            "370": "t",
            "371": "h",
            "372": ")",
            "373": ";",
            "374": "\\",
            "375": "n",
            "376": " ",
            "377": " ",
            "378": " ",
            "379": " ",
            "380": "c",
            "381": "o",
            "382": "n",
            "383": "s",
            "384": "t",
            "385": " ",
            "386": "s",
            "387": "a",
            "388": "f",
            "389": "e",
            "390": "E",
            "391": "n",
            "392": "d",
            "393": "L",
            "394": "e",
            "395": "n",
            "396": "g",
            "397": "t",
            "398": "h",
            "399": " ",
            "400": "=",
            "401": " ",
            "402": "M",
            "403": "a",
            "404": "t",
            "405": "h",
            "406": ".",
            "407": "m",
            "408": "a",
            "409": "x",
            "410": "(",
            "411": "0",
            "412": ",",
            "413": " ",
            "414": "e",
            "415": "n",
            "416": "d",
            "417": "L",
            "418": "e",
            "419": "n",
            "420": "g",
            "421": "t",
            "422": "h",
            "423": ")",
            "424": ";",
            "425": "\\",
            "426": "n",
            "427": " ",
            "428": " ",
            "429": " ",
            "430": " ",
            "431": "/",
            "432": "/",
            "433": " ",
            "434": "检",
            "435": "查",
            "436": "地",
            "437": "址",
            "438": "长",
            "439": "度",
            "440": "是",
            "441": "否",
            "442": "足",
            "443": "够",
            "444": "进",
            "445": "行",
            "446": "格",
            "447": "式",
            "448": "化",
            "449": "\\",
            "450": "n",
            "451": " ",
            "452": " ",
            "453": " ",
            "454": " ",
            "455": "i",
            "456": "f",
            "457": " ",
            "458": "(",
            "459": "a",
            "460": "d",
            "461": "d",
            "462": "r",
            "463": "e",
            "464": "s",
            "465": "s",
            "466": ".",
            "467": "l",
            "468": "e",
            "469": "n",
            "470": "g",
            "471": "t",
            "472": "h",
            "473": " ",
            "474": "<",
            "475": "=",
            "476": " ",
            "477": "s",
            "478": "a",
            "479": "f",
            "480": "e",
            "481": "S",
            "482": "t",
            "483": "a",
            "484": "r",
            "485": "t",
            "486": "L",
            "487": "e",
            "488": "n",
            "489": "g",
            "490": "t",
            "491": "h",
            "492": " ",
            "493": "+",
            "494": " ",
            "495": "s",
            "496": "a",
            "497": "f",
            "498": "e",
            "499": "E",
            "500": "n",
            "501": "d",
            "502": "L",
            "503": "e",
            "504": "n",
            "505": "g",
            "506": "t",
            "507": "h",
            "508": ")",
            "509": " ",
            "510": "{",
            "511": "\\",
            "512": "n",
            "513": " ",
            "514": " ",
            "515": " ",
            "516": " ",
            "517": " ",
            "518": " ",
            "519": " ",
            "520": " ",
            "521": "r",
            "522": "e",
            "523": "t",
            "524": "u",
            "525": "r",
            "526": "n",
            "527": " ",
            "528": "a",
            "529": "d",
            "530": "d",
            "531": "r",
            "532": "e",
            "533": "s",
            "534": "s",
            "535": ";",
            "536": "\\",
            "537": "n",
            "538": " ",
            "539": " ",
            "540": " ",
            "541": " ",
            "542": "}",
            "543": "\\",
            "544": "n",
            "545": " ",
            "546": " ",
            "547": " ",
            "548": " ",
            "549": "/",
            "550": "/",
            "551": " ",
            "552": "移",
            "553": "除",
            "554": "可",
            "555": "能",
            "556": "的",
            "557": "前",
            "558": "缀",
            "559": "\\",
            "560": "n",
            "561": " ",
            "562": " ",
            "563": " ",
            "564": " ",
            "565": "c",
            "566": "o",
            "567": "n",
            "568": "s",
            "569": "t",
            "570": " ",
            "571": "c",
            "572": "l",
            "573": "e",
            "574": "a",
            "575": "n",
            "576": "A",
            "577": "d",
            "578": "d",
            "579": "r",
            "580": "e",
            "581": "s",
            "582": "s",
            "583": " ",
            "584": "=",
            "585": " ",
            "586": "a",
            "587": "d",
            "588": "d",
            "589": "r",
            "590": "e",
            "591": "s",
            "592": "s",
            "593": ".",
            "594": "s",
            "595": "t",
            "596": "a",
            "597": "r",
            "598": "t",
            "599": "s",
            "600": "W",
            "601": "i",
            "602": "t",
            "603": "h",
            "604": "(",
            "605": "'",
            "606": "0",
            "607": "x",
            "608": "'",
            "609": ")",
            "610": " ",
            "611": "?",
            "612": " ",
            "613": "a",
            "614": "d",
            "615": "d",
            "616": "r",
            "617": "e",
            "618": "s",
            "619": "s",
            "620": ".",
            "621": "s",
            "622": "l",
            "623": "i",
            "624": "c",
            "625": "e",
            "626": "(",
            "627": "2",
            "628": ")",
            "629": " ",
            "630": ":",
            "631": " ",
            "632": "a",
            "633": "d",
            "634": "d",
            "635": "r",
            "636": "e",
            "637": "s",
            "638": "s",
            "639": ";",
            "640": "\\",
            "641": "n",
            "642": " ",
            "643": " ",
            "644": " ",
            "645": " ",
            "646": "/",
            "647": "/",
            "648": " ",
            "649": "获",
            "650": "取",
            "651": "起",
            "652": "始",
            "653": "和",
            "654": "结",
            "655": "束",
            "656": "部",
            "657": "分",
            "658": "\\",
            "659": "n",
            "660": " ",
            "661": " ",
            "662": " ",
            "663": " ",
            "664": "c",
            "665": "o",
            "666": "n",
            "667": "s",
            "668": "t",
            "669": " ",
            "670": "s",
            "671": "t",
            "672": "a",
            "673": "r",
            "674": "t",
            "675": " ",
            "676": "=",
            "677": " ",
            "678": "c",
            "679": "l",
            "680": "e",
            "681": "a",
            "682": "n",
            "683": "A",
            "684": "d",
            "685": "d",
            "686": "r",
            "687": "e",
            "688": "s",
            "689": "s",
            "690": ".",
            "691": "s",
            "692": "l",
            "693": "i",
            "694": "c",
            "695": "e",
            "696": "(",
            "697": "0",
            "698": ",",
            "699": " ",
            "700": "s",
            "701": "a",
            "702": "f",
            "703": "e",
            "704": "S",
            "705": "t",
            "706": "a",
            "707": "r",
            "708": "t",
            "709": "L",
            "710": "e",
            "711": "n",
            "712": "g",
            "713": "t",
            "714": "h",
            "715": ")",
            "716": ";",
            "717": "\\",
            "718": "n",
            "719": " ",
            "720": " ",
            "721": " ",
            "722": " ",
            "723": "c",
            "724": "o",
            "725": "n",
            "726": "s",
            "727": "t",
            "728": " ",
            "729": "e",
            "730": "n",
            "731": "d",
            "732": " ",
            "733": "=",
            "734": " ",
            "735": "s",
            "736": "a",
            "737": "f",
            "738": "e",
            "739": "E",
            "740": "n",
            "741": "d",
            "742": "L",
            "743": "e",
            "744": "n",
            "745": "g",
            "746": "t",
            "747": "h",
            "748": " ",
            "749": ">",
            "750": " ",
            "751": "0",
            "752": " ",
            "753": "?",
            "754": " ",
            "755": "c",
            "756": "l",
            "757": "e",
            "758": "a",
            "759": "n",
            "760": "A",
            "761": "d",
            "762": "d",
            "763": "r",
            "764": "e",
            "765": "s",
            "766": "s",
            "767": ".",
            "768": "s",
            "769": "l",
            "770": "i",
            "771": "c",
            "772": "e",
            "773": "(",
            "774": "-",
            "775": "s",
            "776": "a",
            "777": "f",
            "778": "e",
            "779": "E",
            "780": "n",
            "781": "d",
            "782": "L",
            "783": "e",
            "784": "n",
            "785": "g",
            "786": "t",
            "787": "h",
            "788": ")",
            "789": " ",
            "790": ":",
            "791": " ",
            "792": "'",
            "793": "'",
            "794": ";",
            "795": "\\",
            "796": "n",
            "797": " ",
            "798": " ",
            "799": " ",
            "800": " ",
            "801": "/",
            "802": "/",
            "803": " ",
            "804": "如",
            "805": "果",
            "806": "原",
            "807": "地",
            "808": "址",
            "809": "有",
            "810": "0",
            "811": "x",
            "812": "前",
            "813": "缀",
            "814": "，",
            "815": "添",
            "816": "加",
            "817": "回",
            "818": "去",
            "819": "\\",
            "820": "n",
            "821": " ",
            "822": " ",
            "823": " ",
            "824": " ",
            "825": "c",
            "826": "o",
            "827": "n",
            "828": "s",
            "829": "t",
            "830": " ",
            "831": "p",
            "832": "r",
            "833": "e",
            "834": "f",
            "835": "i",
            "836": "x",
            "837": " ",
            "838": "=",
            "839": " ",
            "840": "a",
            "841": "d",
            "842": "d",
            "843": "r",
            "844": "e",
            "845": "s",
            "846": "s",
            "847": ".",
            "848": "s",
            "849": "t",
            "850": "a",
            "851": "r",
            "852": "t",
            "853": "s",
            "854": "W",
            "855": "i",
            "856": "t",
            "857": "h",
            "858": "(",
            "859": "'",
            "860": "0",
            "861": "x",
            "862": "'",
            "863": ")",
            "864": " ",
            "865": "?",
            "866": " ",
            "867": "'",
            "868": "0",
            "869": "x",
            "870": "'",
            "871": " ",
            "872": ":",
            "873": " ",
            "874": "'",
            "875": "'",
            "876": ";",
            "877": "\\",
            "878": "n",
            "879": " ",
            "880": " ",
            "881": " ",
            "882": " ",
            "883": "r",
            "884": "e",
            "885": "t",
            "886": "u",
            "887": "r",
            "888": "n",
            "889": " ",
            "890": "`",
            "891": "$",
            "892": "{",
            "893": "p",
            "894": "r",
            "895": "e",
            "896": "f",
            "897": "i",
            "898": "x",
            "899": "}",
            "900": "$",
            "901": "{",
            "902": "s",
            "903": "t",
            "904": "a",
            "905": "r",
            "906": "t",
            "907": "}",
            "908": ".",
            "909": ".",
            "910": ".",
            "911": "$",
            "912": "{",
            "913": "e",
            "914": "n",
            "915": "d",
            "916": "}",
            "917": "`",
            "918": ";",
            "919": "\\",
            "920": "n",
            "921": "}",
            "922": ";",
            "923": "\\",
            "924": "n",
            "925": "\"",
            "926": "]",
            "927": ",",
            "928": "\"",
            "929": "n",
            "930": "a",
            "931": "m",
            "932": "e",
            "933": "s",
            "934": "\"",
            "935": ":",
            "936": "[",
            "937": "\"",
            "938": "f",
            "939": "o",
            "940": "r",
            "941": "m",
            "942": "a",
            "943": "t",
            "944": "W",
            "945": "a",
            "946": "l",
            "947": "l",
            "948": "e",
            "949": "t",
            "950": "A",
            "951": "d",
            "952": "d",
            "953": "r",
            "954": "e",
            "955": "s",
            "956": "s",
            "957": "\"",
            "958": ",",
            "959": "\"",
            "960": "a",
            "961": "d",
            "962": "d",
            "963": "r",
            "964": "e",
            "965": "s",
            "966": "s",
            "967": "\"",
            "968": ",",
            "969": "\"",
            "970": "s",
            "971": "t",
            "972": "a",
            "973": "r",
            "974": "t",
            "975": "L",
            "976": "e",
            "977": "n",
            "978": "g",
            "979": "t",
            "980": "h",
            "981": "\"",
            "982": ",",
            "983": "\"",
            "984": "e",
            "985": "n",
            "986": "d",
            "987": "L",
            "988": "e",
            "989": "n",
            "990": "g",
            "991": "t",
            "992": "h",
            "993": "\"",
            "994": ",",
            "995": "\"",
            "996": "s",
            "997": "a",
            "998": "f",
            "999": "e",
            "1000": "S",
            "1001": "t",
            "1002": "a",
            "1003": "r",
            "1004": "t",
            "1005": "L",
            "1006": "e",
            "1007": "n",
            "1008": "g",
            "1009": "t",
            "1010": "h",
            "1011": "\"",
            "1012": ",",
            "1013": "\"",
            "1014": "M",
            "1015": "a",
            "1016": "t",
            "1017": "h",
            "1018": "\"",
            "1019": ",",
            "1020": "\"",
            "1021": "m",
            "1022": "a",
            "1023": "x",
            "1024": "\"",
            "1025": ",",
            "1026": "\"",
            "1027": "s",
            "1028": "a",
            "1029": "f",
            "1030": "e",
            "1031": "E",
            "1032": "n",
            "1033": "d",
            "1034": "L",
            "1035": "e",
            "1036": "n",
            "1037": "g",
            "1038": "t",
            "1039": "h",
            "1040": "\"",
            "1041": ",",
            "1042": "\"",
            "1043": "l",
            "1044": "e",
            "1045": "n",
            "1046": "g",
            "1047": "t",
            "1048": "h",
            "1049": "\"",
            "1050": ",",
            "1051": "\"",
            "1052": "c",
            "1053": "l",
            "1054": "e",
            "1055": "a",
            "1056": "n",
            "1057": "A",
            "1058": "d",
            "1059": "d",
            "1060": "r",
            "1061": "e",
            "1062": "s",
            "1063": "s",
            "1064": "\"",
            "1065": ",",
            "1066": "\"",
            "1067": "s",
            "1068": "t",
            "1069": "a",
            "1070": "r",
            "1071": "t",
            "1072": "s",
            "1073": "W",
            "1074": "i",
            "1075": "t",
            "1076": "h",
            "1077": "\"",
            "1078": ",",
            "1079": "\"",
            "1080": "s",
            "1081": "l",
            "1082": "i",
            "1083": "c",
            "1084": "e",
            "1085": "\"",
            "1086": ",",
            "1087": "\"",
            "1088": "s",
            "1089": "t",
            "1090": "a",
            "1091": "r",
            "1092": "t",
            "1093": "\"",
            "1094": ",",
            "1095": "\"",
            "1096": "e",
            "1097": "n",
            "1098": "d",
            "1099": "\"",
            "1100": ",",
            "1101": "\"",
            "1102": "p",
            "1103": "r",
            "1104": "e",
            "1105": "f",
            "1106": "i",
            "1107": "x",
            "1108": "\"",
            "1109": "]",
            "1110": ",",
            "1111": "\"",
            "1112": "m",
            "1113": "a",
            "1114": "p",
            "1115": "p",
            "1116": "i",
            "1117": "n",
            "1118": "g",
            "1119": "s",
            "1120": "\"",
            "1121": ":",
            "1122": "\"",
            "1123": "o",
            "1124": "G",
            "1125": "A",
            "1126": "C",
            "1127": "a",
            "1128": "A",
            "1129": ",",
            "1130": "6",
            "1131": "D",
            "1132": "A",
            "1133": "A",
            "1134": "A",
            "1135": "A",
            "1136": ",",
            "1137": "u",
            "1138": "B",
            "1139": "A",
            "1140": "A",
            "1141": "N",
            "1142": ",",
            "1143": "M",
            "1144": "A",
            "1145": "A",
            "1146": "M",
            "1147": "A",
            "1148": ",",
            "1149": "o",
            "1150": "B",
            "1151": "A",
            "1152": "A",
            "1153": "s",
            "1154": "B",
            "1155": ",",
            "1156": "C",
            "1157": "A",
            "1158": "C",
            "1159": "/",
            "1160": "B",
            "1161": "C",
            "1162": ",",
            "1163": "Q",
            "1164": "A",
            "1165": "C",
            "1166": "A",
            "1167": "C",
            "1168": ",",
            "1169": "Y",
            "1170": "A",
            "1171": "A",
            "1172": "s",
            "1173": "B",
            "1174": ",",
            "1175": "C",
            "1176": "A",
            "1177": "A",
            "1178": "C",
            "1179": ",",
            "1180": "C",
            "1181": "A",
            "1182": "C",
            "1183": "v",
            "1184": "B",
            "1185": "C",
            "1186": ",",
            "1187": "U",
            "1188": "A",
            "1189": "A",
            "1190": "o",
            "1191": "B",
            "1192": ",",
            "1193": "C",
            "1194": "A",
            "1195": "A",
            "1196": "C",
            "1197": ",",
            "1198": "I",
            "1199": "A",
            "1200": "E",
            "1201": "r",
            "1202": "B",
            "1203": ",",
            "1204": "G",
            "1205": "A",
            "1206": "A",
            "1207": "I",
            "1208": ",",
            "1209": "C",
            "1210": "A",
            "1211": "A",
            "1212": "C",
            "1213": "F",
            "1214": ",",
            "1215": "Q",
            "1216": "A",
            "1217": "A",
            "1218": "S",
            "1219": ",",
            "1220": "M",
            "1221": "A",
            "1222": "A",
            "1223": "O",
            "1224": ",",
            "1225": "G",
            "1226": "A",
            "1227": "E",
            "1228": "r",
            "1229": "B",
            "1230": ",",
            "1231": "M",
            "1232": "A",
            "1233": "A",
            "1234": "M",
            "1235": "G",
            "1236": ",",
            "1237": "g",
            "1238": "B",
            "1239": "A",
            "1240": "A",
            "1241": "k",
            "1242": "B",
            "1243": "C",
            "1244": ",",
            "1245": "K",
            "1246": "A",
            "1247": "A",
            "1248": "K",
            "1249": "C",
            "1250": ",",
            "1251": "G",
            "1252": "A",
            "1253": "A",
            "1254": "G",
            "1255": ",",
            "1256": "C",
            "1257": "A",
            "1258": "A",
            "1259": "C",
            "1260": ",",
            "1261": "E",
            "1262": "A",
            "1263": "A",
            "1264": "G",
            "1265": "J",
            "1266": ",",
            "1267": "a",
            "1268": "A",
            "1269": "C",
            "1270": "p",
            "1271": "C",
            "1272": ",",
            "1273": "M",
            "1274": "A",
            "1275": "A",
            "1276": "M",
            "1277": "K",
            "1278": ",",
            "1279": "c",
            "1280": "A",
            "1281": "A",
            "1282": "g",
            "1283": "B",
            "1284": "F",
            "1285": ",",
            "1286": "K",
            "1287": "A",
            "1288": "A",
            "1289": "K",
            "1290": "C",
            "1291": ",",
            "1292": "G",
            "1293": "A",
            "1294": "A",
            "1295": "G",
            "1296": ",",
            "1297": "C",
            "1298": "A",
            "1299": "A",
            "1300": "C",
            "1301": ",",
            "1302": "E",
            "1303": "A",
            "1304": "A",
            "1305": "G",
            "1306": "H",
            "1307": ",",
            "1308": "W",
            "1309": "A",
            "1310": "E",
            "1311": "l",
            "1312": "C",
            "1313": ",",
            "1314": "G",
            "1315": "A",
            "1316": "A",
            "1317": "I",
            "1318": "F",
            "1319": ",",
            "1320": "Q",
            "1321": "A",
            "1322": "A",
            "1323": "Q",
            "1324": "O",
            "1325": ",",
            "1326": "M",
            "1327": "A",
            "1328": "A",
            "1329": "M",
            "1330": ",",
            "1331": "E",
            "1332": "A",
            "1333": "A",
            "1334": "I",
            "1335": "J",
            "1336": ",",
            "1337": "g",
            "1338": "B",
            "1339": "A",
            "1340": "A",
            "1341": "k",
            "1342": "B",
            "1343": "G",
            "1344": ",",
            "1345": "c",
            "1346": "A",
            "1347": "A",
            "1348": "e",
            "1349": ",",
            "1350": "C",
            "1351": "A",
            "1352": "C",
            "1353": "n",
            "1354": "D",
            "1355": ",",
            "1356": "O",
            "1357": "A",
            "1358": "A",
            "1359": "O",
            "1360": "N",
            "1361": ",",
            "1362": "O",
            "1363": "A",
            "1364": "C",
            "1365": "X",
            "1366": ",",
            "1367": "C",
            "1368": "A",
            "1369": "E",
            "1370": "A",
            "1371": ",",
            "1372": "M",
            "1373": "A",
            "1374": "A",
            "1375": "M",
            "1376": "Q",
            "1377": ",",
            "1378": "a",
            "1379": "A",
            "1380": "A",
            "1381": "e",
            "1382": "R",
            "1383": ",",
            "1384": "Q",
            "1385": "A",
            "1386": "A",
            "1387": "Q",
            "1388": "S",
            "1389": ",",
            "1390": "U",
            "1391": "A",
            "1392": "A",
            "1393": "U",
            "1394": ",",
            "1395": "C",
            "1396": "A",
            "1397": "A",
            "1398": "C",
            "1399": ",",
            "1400": "M",
            "1401": "A",
            "1402": "A",
            "1403": "Q",
            "1404": "T",
            "1405": ",",
            "1406": "Q",
            "1407": "A",
            "1408": "A",
            "1409": "Q",
            "1410": "U",
            "1411": ",",
            "1412": "K",
            "1413": "A",
            "1414": "A",
            "1415": "K",
            "1416": ",",
            "1417": "C",
            "1418": "A",
            "1419": "A",
            "1420": "C",
            "1421": ",",
            "1422": "G",
            "1423": "A",
            "1424": "A",
            "1425": "K",
            "1426": "V",
            "1427": ",",
            "1428": "Q",
            "1429": "A",
            "1430": "E",
            "1431": "n",
            "1432": "E",
            "1433": ",",
            "1434": "M",
            "1435": "A",
            "1436": "A",
            "1437": "M",
            "1438": "W",
            "1439": ",",
            "1440": "M",
            "1441": "A",
            "1442": "A",
            "1443": "Q",
            "1444": "H",
            "1445": ",",
            "1446": "a",
            "1447": "A",
            "1448": "A",
            "1449": "a",
            "1450": "E",
            "1451": ",",
            "1452": "K",
            "1453": "A",
            "1454": "A",
            "1455": "K",
            "1456": ",",
            "1457": "C",
            "1458": "A",
            "1459": "A",
            "1460": "C",
            "1461": ",",
            "1462": "E",
            "1463": "A",
            "1464": "A",
            "1465": "G",
            "1466": "P",
            "1467": ",",
            "1468": "i",
            "1469": "B",
            "1470": "A",
            "1471": "C",
            "1472": "p",
            "1473": "C",
            "1474": ",",
            "1475": "M",
            "1476": "A",
            "1477": "A",
            "1478": "M",
            "1479": "S",
            "1480": ",",
            "1481": "I",
            "1482": "A",
            "1483": "A",
            "1484": "M",
            "1485": "N",
            "1486": ",",
            "1487": "c",
            "1488": "A",
            "1489": "A",
            "1490": "g",
            "1491": "B",
            "1492": ",",
            "1493": "E",
            "1494": "A",
            "1495": "A",
            "1496": "I",
            "1497": "E",
            "1498": ",",
            "1499": "a",
            "1500": "A",
            "1501": "A",
            "1502": "a",
            "1503": "E",
            "1504": ",",
            "1505": "K",
            "1506": "A",
            "1507": "A",
            "1508": "K",
            "1509": ",",
            "1510": "C",
            "1511": "A",
            "1512": "A",
            "1513": "C",
            "1514": ",",
            "1515": "C",
            "1516": "A",
            "1517": "A",
            "1518": "C",
            "1519": "J",
            "1520": ",",
            "1521": "e",
            "1522": "A",
            "1523": "A",
            "1524": "i",
            "1525": "B",
            "1526": ",",
            "1527": "G",
            "1528": "A",
            "1529": "E",
            "1530": "r",
            "1531": "E",
            "1532": ",",
            "1533": "M",
            "1534": "A",
            "1535": "A",
            "1536": "M",
            "1537": "O",
            "1538": ",",
            "1539": "O",
            "1540": "A",
            "1541": "A",
            "1542": "S",
            "1543": "b",
            "1544": ",",
            "1545": "Q",
            "1546": "A",
            "1547": "A",
            "1548": "Q",
            "1549": "S",
            "1550": ",",
            "1551": "U",
            "1552": "A",
            "1553": "A",
            "1554": "U",
            "1555": ",",
            "1556": "C",
            "1557": "A",
            "1558": "A",
            "1559": "C",
            "1560": ",",
            "1561": "M",
            "1562": "A",
            "1563": "A",
            "1564": "Q",
            "1565": ",",
            "1566": "K",
            "1567": "A",
            "1568": "A",
            "1569": "O",
            "1570": ",",
            "1571": "G",
            "1572": "A",
            "1573": "C",
            "1574": "j",
            "1575": "D",
            "1576": ",",
            "1577": "M",
            "1578": "A",
            "1579": "A",
            "1580": "O",
            "1581": ",",
            "1582": "C",
            "1583": "A",
            "1584": "A",
            "1585": "C",
            "1586": ",",
            "1587": "E",
            "1588": "A",
            "1589": "A",
            "1590": "E",
            "1591": "I",
            "1592": ",",
            "1593": "O",
            "1594": "A",
            "1595": "A",
            "1596": "O",
            "1597": ",",
            "1598": "E",
            "1599": "A",
            "1600": "A",
            "1601": "E",
            "1602": "F",
            "1603": ",",
            "1604": "M",
            "1605": "A",
            "1606": "A",
            "1607": "M",
            "1608": ",",
            "1609": "G",
            "1610": "A",
            "1611": "A",
            "1612": "G",
            "1613": ",",
            "1614": "E",
            "1615": "A",
            "1616": "A",
            "1617": "E",
            "1618": "C",
            "1619": ",",
            "1620": "I",
            "1621": "A",
            "1622": "A",
            "1623": "I",
            "1624": ",",
            "1625": "C",
            "1626": "A",
            "1627": "A",
            "1628": "C",
            "1629": ",",
            "1630": "A",
            "1631": "A",
            "1632": "C",
            "1633": "v",
            "1634": "C",
            "1635": "\"",
            "1636": "}"
          },
          "_coverageSchema": "1a1c01bbd47fc00a2c39e90264f33305004495a9",
          "hash": "cc53119d4a4b2d9144f8aea9bffaa6934eb69805"
        }
      }
    }
  ],
  "wasInterrupted": false
}