{
  "numFailedTestSuites": 1,
  "numFailedTests": 20,
  "numPassedTestSuites": 1,
  "numPassedTests": 1,
  "numPendingTestSuites": 0,
  "numPendingTests": 0,
  "numRuntimeErrorTestSuites": 0,
  "numTodoTests": 0,
  "numTotalTestSuites": 2,
  "numTotalTests": 21,
  "openHandles": [],
  "snapshot": {
    "added": 0,
    "didUpdate": false,
    "failure": false,
    "filesAdded": 0,
    "filesRemoved": 0,
    "filesRemovedList": [],
    "filesUnmatched": 0,
    "filesUpdated": 0,
    "matched": 0,
    "total": 0,
    "unchecked": 0,
    "uncheckedKeysByFile": [],
    "unmatched": 0,
    "updated": 0
  },
  "startTime": 1757668604539,
  "success": false,
  "testResults": [
    {
      "leaks": false,
      "numFailingTests": 20,
      "numPassingTests": 0,
      "numPendingTests": 0,
      "numTodoTests": 0,
      "openHandles": [],
      "perfStats": {
        "end": 1757668604739,
        "loadTestEnvironmentEnd": 1757668604592,
        "loadTestEnvironmentStart": 1757668604568,
        "runtime": 147,
        "setupAfterEnvEnd": 1757668604669,
        "setupAfterEnvStart": 1757668604667,
        "setupFilesEnd": 1757668604592,
        "setupFilesStart": 1757668604592,
        "slow": false,
        "start": 1757668604592
      },
      "skipped": false,
      "snapshot": {
        "added": 0,
        "fileDeleted": false,
        "matched": 0,
        "unchecked": 0,
        "uncheckedKeys": [],
        "unmatched": 0,
        "updated": 0
      },
      "testFilePath": "/media/test/7B2F59427DA77DE4/xx/webpack-ai-spa/tests/unit/formatwallet.spec.ts",
      "testResults": [
        {
          "ancestorTitles": [
            "formatWalletAddress 函数测试",
            "基本功能测试"
          ],
          "duration": 1,
          "failing": false,
          "failureDetails": [
            {
              "code": "MODULE_NOT_FOUND",
              "hint": "",
              "siblingWithSimilarExtensionFound": false,
              "moduleName": "@/utils/index.ts",
              "_originalMessage": "Cannot find module '@/utils/index.ts' from 'tests/unit/formatwallet.spec.ts'"
            }
          ],
          "failureMessages": [
            "Error: Cannot find module '@/utils/index.ts' from 'tests/unit/formatwallet.spec.ts'\n    at Resolver._throwModNotFoundError (/media/test/7B2F59427DA77DE4/xx/webpack-ai-spa/node_modules/jest-resolve/build/index.js:863:11)\n    at Resolver.resolveModule (/media/test/7B2F59427DA77DE4/xx/webpack-ai-spa/node_modules/jest-resolve/build/index.js:810:10)\n    at Resolver._getVirtualMockPath (/media/test/7B2F59427DA77DE4/xx/webpack-ai-spa/node_modules/jest-resolve/build/index.js:1004:84)\n    at Resolver._getAbsolutePath (/media/test/7B2F59427DA77DE4/xx/webpack-ai-spa/node_modules/jest-resolve/build/index.js:984:98)\n    at Resolver.getModuleID (/media/test/7B2F59427DA77DE4/xx/webpack-ai-spa/node_modules/jest-resolve/build/index.js:949:31)\n    at Runtime._shouldMockCjs (/media/test/7B2F59427DA77DE4/xx/webpack-ai-spa/node_modules/jest-runtime/build/index.js:1486:37)\n    at Runtime.requireModuleOrMock (/media/test/7B2F59427DA77DE4/xx/webpack-ai-spa/node_modules/jest-runtime/build/index.js:961:16)\n    at _indexts (/media/test/7B2F59427DA77DE4/xx/webpack-ai-spa/tests/unit/formatwallet.spec.ts:1:40)\n    at Object.<anonymous> (/media/test/7B2F59427DA77DE4/xx/webpack-ai-spa/tests/unit/formatwallet.spec.ts:10:12)\n    at Promise.finally.completed (/media/test/7B2F59427DA77DE4/xx/webpack-ai-spa/node_modules/jest-circus/build/jestAdapterInit.js:1556:28)\n    at new Promise (<anonymous>)\n    at callAsyncCircusFn (/media/test/7B2F59427DA77DE4/xx/webpack-ai-spa/node_modules/jest-circus/build/jestAdapterInit.js:1496:10)\n    at _callCircusTest (/media/test/7B2F59427DA77DE4/xx/webpack-ai-spa/node_modules/jest-circus/build/jestAdapterInit.js:1006:40)\n    at processTicksAndRejections (node:internal/process/task_queues:105:5)\n    at _runTest (/media/test/7B2F59427DA77DE4/xx/webpack-ai-spa/node_modules/jest-circus/build/jestAdapterInit.js:946:3)\n    at _runTestsForDescribeBlock (/media/test/7B2F59427DA77DE4/xx/webpack-ai-spa/node_modules/jest-circus/build/jestAdapterInit.js:839:13)\n    at _runTestsForDescribeBlock (/media/test/7B2F59427DA77DE4/xx/webpack-ai-spa/node_modules/jest-circus/build/jestAdapterInit.js:829:11)\n    at _runTestsForDescribeBlock (/media/test/7B2F59427DA77DE4/xx/webpack-ai-spa/node_modules/jest-circus/build/jestAdapterInit.js:829:11)\n    at run (/media/test/7B2F59427DA77DE4/xx/webpack-ai-spa/node_modules/jest-circus/build/jestAdapterInit.js:757:3)\n    at runAndTransformResultsToJestFormat (/media/test/7B2F59427DA77DE4/xx/webpack-ai-spa/node_modules/jest-circus/build/jestAdapterInit.js:1917:21)\n    at jestAdapter (/media/test/7B2F59427DA77DE4/xx/webpack-ai-spa/node_modules/jest-circus/build/runner.js:101:19)\n    at runTestInternal (/media/test/7B2F59427DA77DE4/xx/webpack-ai-spa/node_modules/jest-runner/build/index.js:275:16)\n    at runTest (/media/test/7B2F59427DA77DE4/xx/webpack-ai-spa/node_modules/jest-runner/build/index.js:343:7)"
          ],
          "fullName": "formatWalletAddress 函数测试 基本功能测试 应该正确格式化标准的以太坊地址（带0x前缀）",
          "invocations": 1,
          "location": null,
          "numPassingAsserts": 0,
          "retryReasons": [],
          "startAt": 1757668604680,
          "status": "failed",
          "title": "应该正确格式化标准的以太坊地址（带0x前缀）"
        },
        {
          "ancestorTitles": [
            "formatWalletAddress 函数测试",
            "基本功能测试"
          ],
          "duration": 0,
          "failing": false,
          "failureDetails": [
            {
              "code": "MODULE_NOT_FOUND",
              "hint": "",
              "siblingWithSimilarExtensionFound": false,
              "moduleName": "@/utils/index.ts",
              "_originalMessage": "Cannot find module '@/utils/index.ts' from 'tests/unit/formatwallet.spec.ts'"
            }
          ],
          "failureMessages": [
            "Error: Cannot find module '@/utils/index.ts' from 'tests/unit/formatwallet.spec.ts'\n    at Resolver._throwModNotFoundError (/media/test/7B2F59427DA77DE4/xx/webpack-ai-spa/node_modules/jest-resolve/build/index.js:863:11)\n    at Resolver.resolveModule (/media/test/7B2F59427DA77DE4/xx/webpack-ai-spa/node_modules/jest-resolve/build/index.js:810:10)\n    at Resolver._getVirtualMockPath (/media/test/7B2F59427DA77DE4/xx/webpack-ai-spa/node_modules/jest-resolve/build/index.js:1004:84)\n    at Resolver._getAbsolutePath (/media/test/7B2F59427DA77DE4/xx/webpack-ai-spa/node_modules/jest-resolve/build/index.js:984:98)\n    at Resolver.getModuleID (/media/test/7B2F59427DA77DE4/xx/webpack-ai-spa/node_modules/jest-resolve/build/index.js:949:31)\n    at Runtime._shouldMockCjs (/media/test/7B2F59427DA77DE4/xx/webpack-ai-spa/node_modules/jest-runtime/build/index.js:1486:37)\n    at Runtime.requireModuleOrMock (/media/test/7B2F59427DA77DE4/xx/webpack-ai-spa/node_modules/jest-runtime/build/index.js:961:16)\n    at _indexts (/media/test/7B2F59427DA77DE4/xx/webpack-ai-spa/tests/unit/formatwallet.spec.ts:1:40)\n    at Object.<anonymous> (/media/test/7B2F59427DA77DE4/xx/webpack-ai-spa/tests/unit/formatwallet.spec.ts:13:27)\n    at Promise.finally.completed (/media/test/7B2F59427DA77DE4/xx/webpack-ai-spa/node_modules/jest-circus/build/jestAdapterInit.js:1556:28)\n    at new Promise (<anonymous>)\n    at callAsyncCircusFn (/media/test/7B2F59427DA77DE4/xx/webpack-ai-spa/node_modules/jest-circus/build/jestAdapterInit.js:1496:10)\n    at _callCircusTest (/media/test/7B2F59427DA77DE4/xx/webpack-ai-spa/node_modules/jest-circus/build/jestAdapterInit.js:1006:40)\n    at processTicksAndRejections (node:internal/process/task_queues:105:5)\n    at _runTest (/media/test/7B2F59427DA77DE4/xx/webpack-ai-spa/node_modules/jest-circus/build/jestAdapterInit.js:946:3)\n    at _runTestsForDescribeBlock (/media/test/7B2F59427DA77DE4/xx/webpack-ai-spa/node_modules/jest-circus/build/jestAdapterInit.js:839:13)\n    at _runTestsForDescribeBlock (/media/test/7B2F59427DA77DE4/xx/webpack-ai-spa/node_modules/jest-circus/build/jestAdapterInit.js:829:11)\n    at _runTestsForDescribeBlock (/media/test/7B2F59427DA77DE4/xx/webpack-ai-spa/node_modules/jest-circus/build/jestAdapterInit.js:829:11)\n    at run (/media/test/7B2F59427DA77DE4/xx/webpack-ai-spa/node_modules/jest-circus/build/jestAdapterInit.js:757:3)\n    at runAndTransformResultsToJestFormat (/media/test/7B2F59427DA77DE4/xx/webpack-ai-spa/node_modules/jest-circus/build/jestAdapterInit.js:1917:21)\n    at jestAdapter (/media/test/7B2F59427DA77DE4/xx/webpack-ai-spa/node_modules/jest-circus/build/runner.js:101:19)\n    at runTestInternal (/media/test/7B2F59427DA77DE4/xx/webpack-ai-spa/node_modules/jest-runner/build/index.js:275:16)\n    at runTest (/media/test/7B2F59427DA77DE4/xx/webpack-ai-spa/node_modules/jest-runner/build/index.js:343:7)"
          ],
          "fullName": "formatWalletAddress 函数测试 基本功能测试 应该正确格式化不带0x前缀的地址",
          "invocations": 1,
          "location": null,
          "numPassingAsserts": 0,
          "retryReasons": [],
          "startAt": 1757668604687,
          "status": "failed",
          "title": "应该正确格式化不带0x前缀的地址"
        },
        {
          "ancestorTitles": [
            "formatWalletAddress 函数测试",
            "基本功能测试"
          ],
          "duration": 0,
          "failing": false,
          "failureDetails": [
            {
              "code": "MODULE_NOT_FOUND",
              "hint": "",
              "siblingWithSimilarExtensionFound": false,
              "moduleName": "@/utils/index.ts",
              "_originalMessage": "Cannot find module '@/utils/index.ts' from 'tests/unit/formatwallet.spec.ts'"
            }
          ],
          "failureMessages": [
            "Error: Cannot find module '@/utils/index.ts' from 'tests/unit/formatwallet.spec.ts'\n    at Resolver._throwModNotFoundError (/media/test/7B2F59427DA77DE4/xx/webpack-ai-spa/node_modules/jest-resolve/build/index.js:863:11)\n    at Resolver.resolveModule (/media/test/7B2F59427DA77DE4/xx/webpack-ai-spa/node_modules/jest-resolve/build/index.js:810:10)\n    at Resolver._getVirtualMockPath (/media/test/7B2F59427DA77DE4/xx/webpack-ai-spa/node_modules/jest-resolve/build/index.js:1004:84)\n    at Resolver._getAbsolutePath (/media/test/7B2F59427DA77DE4/xx/webpack-ai-spa/node_modules/jest-resolve/build/index.js:984:98)\n    at Resolver.getModuleID (/media/test/7B2F59427DA77DE4/xx/webpack-ai-spa/node_modules/jest-resolve/build/index.js:949:31)\n    at Runtime._shouldMockCjs (/media/test/7B2F59427DA77DE4/xx/webpack-ai-spa/node_modules/jest-runtime/build/index.js:1486:37)\n    at Runtime.requireModuleOrMock (/media/test/7B2F59427DA77DE4/xx/webpack-ai-spa/node_modules/jest-runtime/build/index.js:961:16)\n    at _indexts (/media/test/7B2F59427DA77DE4/xx/webpack-ai-spa/tests/unit/formatwallet.spec.ts:1:40)\n    at Object.test (/media/test/7B2F59427DA77DE4/xx/webpack-ai-spa/tests/unit/formatwallet.spec.ts:21:5)\n    at Promise.finally.completed (/media/test/7B2F59427DA77DE4/xx/webpack-ai-spa/node_modules/jest-circus/build/jestAdapterInit.js:1556:28)\n    at new Promise (<anonymous>)\n    at callAsyncCircusFn (/media/test/7B2F59427DA77DE4/xx/webpack-ai-spa/node_modules/jest-circus/build/jestAdapterInit.js:1496:10)\n    at _callCircusTest (/media/test/7B2F59427DA77DE4/xx/webpack-ai-spa/node_modules/jest-circus/build/jestAdapterInit.js:1006:40)\n    at processTicksAndRejections (node:internal/process/task_queues:105:5)\n    at _runTest (/media/test/7B2F59427DA77DE4/xx/webpack-ai-spa/node_modules/jest-circus/build/jestAdapterInit.js:946:3)\n    at _runTestsForDescribeBlock (/media/test/7B2F59427DA77DE4/xx/webpack-ai-spa/node_modules/jest-circus/build/jestAdapterInit.js:839:13)\n    at _runTestsForDescribeBlock (/media/test/7B2F59427DA77DE4/xx/webpack-ai-spa/node_modules/jest-circus/build/jestAdapterInit.js:829:11)\n    at _runTestsForDescribeBlock (/media/test/7B2F59427DA77DE4/xx/webpack-ai-spa/node_modules/jest-circus/build/jestAdapterInit.js:829:11)\n    at run (/media/test/7B2F59427DA77DE4/xx/webpack-ai-spa/node_modules/jest-circus/build/jestAdapterInit.js:757:3)\n    at runAndTransformResultsToJestFormat (/media/test/7B2F59427DA77DE4/xx/webpack-ai-spa/node_modules/jest-circus/build/jestAdapterInit.js:1917:21)\n    at jestAdapter (/media/test/7B2F59427DA77DE4/xx/webpack-ai-spa/node_modules/jest-circus/build/runner.js:101:19)\n    at runTestInternal (/media/test/7B2F59427DA77DE4/xx/webpack-ai-spa/node_modules/jest-runner/build/index.js:275:16)\n    at runTest (/media/test/7B2F59427DA77DE4/xx/webpack-ai-spa/node_modules/jest-runner/build/index.js:343:7)"
          ],
          "fullName": "formatWalletAddress 函数测试 基本功能测试 应该使用默认参数（startLength=6, endLength=4）",
          "invocations": 1,
          "location": null,
          "numPassingAsserts": 0,
          "retryReasons": [],
          "startAt": 1757668604688,
          "status": "failed",
          "title": "应该使用默认参数（startLength=6, endLength=4）"
        },
        {
          "ancestorTitles": [
            "formatWalletAddress 函数测试",
            "自定义参数测试"
          ],
          "duration": 1,
          "failing": false,
          "failureDetails": [
            {
              "code": "MODULE_NOT_FOUND",
              "hint": "",
              "siblingWithSimilarExtensionFound": false,
              "moduleName": "@/utils/index.ts",
              "_originalMessage": "Cannot find module '@/utils/index.ts' from 'tests/unit/formatwallet.spec.ts'"
            }
          ],
          "failureMessages": [
            "Error: Cannot find module '@/utils/index.ts' from 'tests/unit/formatwallet.spec.ts'\n    at Resolver._throwModNotFoundError (/media/test/7B2F59427DA77DE4/xx/webpack-ai-spa/node_modules/jest-resolve/build/index.js:863:11)\n    at Resolver.resolveModule (/media/test/7B2F59427DA77DE4/xx/webpack-ai-spa/node_modules/jest-resolve/build/index.js:810:10)\n    at Resolver._getVirtualMockPath (/media/test/7B2F59427DA77DE4/xx/webpack-ai-spa/node_modules/jest-resolve/build/index.js:1004:84)\n    at Resolver._getAbsolutePath (/media/test/7B2F59427DA77DE4/xx/webpack-ai-spa/node_modules/jest-resolve/build/index.js:984:98)\n    at Resolver.getModuleID (/media/test/7B2F59427DA77DE4/xx/webpack-ai-spa/node_modules/jest-resolve/build/index.js:949:31)\n    at Runtime._shouldMockCjs (/media/test/7B2F59427DA77DE4/xx/webpack-ai-spa/node_modules/jest-runtime/build/index.js:1486:37)\n    at Runtime.requireModuleOrMock (/media/test/7B2F59427DA77DE4/xx/webpack-ai-spa/node_modules/jest-runtime/build/index.js:961:16)\n    at _indexts (/media/test/7B2F59427DA77DE4/xx/webpack-ai-spa/tests/unit/formatwallet.spec.ts:1:40)\n    at Object.describe (/media/test/7B2F59427DA77DE4/xx/webpack-ai-spa/tests/unit/formatwallet.spec.ts:27:3)\n    at Promise.finally.completed (/media/test/7B2F59427DA77DE4/xx/webpack-ai-spa/node_modules/jest-circus/build/jestAdapterInit.js:1556:28)\n    at new Promise (<anonymous>)\n    at callAsyncCircusFn (/media/test/7B2F59427DA77DE4/xx/webpack-ai-spa/node_modules/jest-circus/build/jestAdapterInit.js:1496:10)\n    at _callCircusTest (/media/test/7B2F59427DA77DE4/xx/webpack-ai-spa/node_modules/jest-circus/build/jestAdapterInit.js:1006:40)\n    at processTicksAndRejections (node:internal/process/task_queues:105:5)\n    at _runTest (/media/test/7B2F59427DA77DE4/xx/webpack-ai-spa/node_modules/jest-circus/build/jestAdapterInit.js:946:3)\n    at _runTestsForDescribeBlock (/media/test/7B2F59427DA77DE4/xx/webpack-ai-spa/node_modules/jest-circus/build/jestAdapterInit.js:839:13)\n    at _runTestsForDescribeBlock (/media/test/7B2F59427DA77DE4/xx/webpack-ai-spa/node_modules/jest-circus/build/jestAdapterInit.js:829:11)\n    at _runTestsForDescribeBlock (/media/test/7B2F59427DA77DE4/xx/webpack-ai-spa/node_modules/jest-circus/build/jestAdapterInit.js:829:11)\n    at run (/media/test/7B2F59427DA77DE4/xx/webpack-ai-spa/node_modules/jest-circus/build/jestAdapterInit.js:757:3)\n    at runAndTransformResultsToJestFormat (/media/test/7B2F59427DA77DE4/xx/webpack-ai-spa/node_modules/jest-circus/build/jestAdapterInit.js:1917:21)\n    at jestAdapter (/media/test/7B2F59427DA77DE4/xx/webpack-ai-spa/node_modules/jest-circus/build/runner.js:101:19)\n    at runTestInternal (/media/test/7B2F59427DA77DE4/xx/webpack-ai-spa/node_modules/jest-runner/build/index.js:275:16)\n    at runTest (/media/test/7B2F59427DA77DE4/xx/webpack-ai-spa/node_modules/jest-runner/build/index.js:343:7)"
          ],
          "fullName": "formatWalletAddress 函数测试 自定义参数测试 应该支持同时自定义起始和结尾长度",
          "invocations": 1,
          "location": null,
          "numPassingAsserts": 0,
          "retryReasons": [],
          "startAt": 1757668604688,
          "status": "failed",
          "title": "应该支持同时自定义起始和结尾长度"
        },
        {
          "ancestorTitles": [
            "formatWalletAddress 函数测试",
            "自定义参数测试"
          ],
          "duration": 0,
          "failing": false,
          "failureDetails": [
            {
              "code": "MODULE_NOT_FOUND",
              "hint": "",
              "siblingWithSimilarExtensionFound": false,
              "moduleName": "@/utils/index.ts",
              "_originalMessage": "Cannot find module '@/utils/index.ts' from 'tests/unit/formatwallet.spec.ts'"
            }
          ],
          "failureMessages": [
            "Error: Cannot find module '@/utils/index.ts' from 'tests/unit/formatwallet.spec.ts'\n    at Resolver._throwModNotFoundError (/media/test/7B2F59427DA77DE4/xx/webpack-ai-spa/node_modules/jest-resolve/build/index.js:863:11)\n    at Resolver.resolveModule (/media/test/7B2F59427DA77DE4/xx/webpack-ai-spa/node_modules/jest-resolve/build/index.js:810:10)\n    at Resolver._getVirtualMockPath (/media/test/7B2F59427DA77DE4/xx/webpack-ai-spa/node_modules/jest-resolve/build/index.js:1004:84)\n    at Resolver._getAbsolutePath (/media/test/7B2F59427DA77DE4/xx/webpack-ai-spa/node_modules/jest-resolve/build/index.js:984:98)\n    at Resolver.getModuleID (/media/test/7B2F59427DA77DE4/xx/webpack-ai-spa/node_modules/jest-resolve/build/index.js:949:31)\n    at Runtime._shouldMockCjs (/media/test/7B2F59427DA77DE4/xx/webpack-ai-spa/node_modules/jest-runtime/build/index.js:1486:37)\n    at Runtime.requireModuleOrMock (/media/test/7B2F59427DA77DE4/xx/webpack-ai-spa/node_modules/jest-runtime/build/index.js:961:16)\n    at _indexts (/media/test/7B2F59427DA77DE4/xx/webpack-ai-spa/tests/unit/formatwallet.spec.ts:1:40)\n    at Object.<anonymous> (/media/test/7B2F59427DA77DE4/xx/webpack-ai-spa/tests/unit/formatwallet.spec.ts:30:27)\n    at Promise.finally.completed (/media/test/7B2F59427DA77DE4/xx/webpack-ai-spa/node_modules/jest-circus/build/jestAdapterInit.js:1556:28)\n    at new Promise (<anonymous>)\n    at callAsyncCircusFn (/media/test/7B2F59427DA77DE4/xx/webpack-ai-spa/node_modules/jest-circus/build/jestAdapterInit.js:1496:10)\n    at _callCircusTest (/media/test/7B2F59427DA77DE4/xx/webpack-ai-spa/node_modules/jest-circus/build/jestAdapterInit.js:1006:40)\n    at processTicksAndRejections (node:internal/process/task_queues:105:5)\n    at _runTest (/media/test/7B2F59427DA77DE4/xx/webpack-ai-spa/node_modules/jest-circus/build/jestAdapterInit.js:946:3)\n    at _runTestsForDescribeBlock (/media/test/7B2F59427DA77DE4/xx/webpack-ai-spa/node_modules/jest-circus/build/jestAdapterInit.js:839:13)\n    at _runTestsForDescribeBlock (/media/test/7B2F59427DA77DE4/xx/webpack-ai-spa/node_modules/jest-circus/build/jestAdapterInit.js:829:11)\n    at _runTestsForDescribeBlock (/media/test/7B2F59427DA77DE4/xx/webpack-ai-spa/node_modules/jest-circus/build/jestAdapterInit.js:829:11)\n    at run (/media/test/7B2F59427DA77DE4/xx/webpack-ai-spa/node_modules/jest-circus/build/jestAdapterInit.js:757:3)\n    at runAndTransformResultsToJestFormat (/media/test/7B2F59427DA77DE4/xx/webpack-ai-spa/node_modules/jest-circus/build/jestAdapterInit.js:1917:21)\n    at jestAdapter (/media/test/7B2F59427DA77DE4/xx/webpack-ai-spa/node_modules/jest-circus/build/runner.js:101:19)\n    at runTestInternal (/media/test/7B2F59427DA77DE4/xx/webpack-ai-spa/node_modules/jest-runner/build/index.js:275:16)\n    at runTest (/media/test/7B2F59427DA77DE4/xx/webpack-ai-spa/node_modules/jest-runner/build/index.js:343:7)"
          ],
          "fullName": "formatWalletAddress 函数测试 自定义参数测试 应该支持较大的起始和结尾长度",
          "invocations": 1,
          "location": null,
          "numPassingAsserts": 0,
          "retryReasons": [],
          "startAt": 1757668604689,
          "status": "failed",
          "title": "应该支持较大的起始和结尾长度"
        },
        {
          "ancestorTitles": [
            "formatWalletAddress 函数测试",
            "边界情况测试"
          ],
          "duration": 0,
          "failing": false,
          "failureDetails": [
            {
              "code": "MODULE_NOT_FOUND",
              "hint": "",
              "siblingWithSimilarExtensionFound": false,
              "moduleName": "@/utils/index.ts",
              "_originalMessage": "Cannot find module '@/utils/index.ts' from 'tests/unit/formatwallet.spec.ts'"
            }
          ],
          "failureMessages": [
            "Error: Cannot find module '@/utils/index.ts' from 'tests/unit/formatwallet.spec.ts'\n    at Resolver._throwModNotFoundError (/media/test/7B2F59427DA77DE4/xx/webpack-ai-spa/node_modules/jest-resolve/build/index.js:863:11)\n    at Resolver.resolveModule (/media/test/7B2F59427DA77DE4/xx/webpack-ai-spa/node_modules/jest-resolve/build/index.js:810:10)\n    at Resolver._getVirtualMockPath (/media/test/7B2F59427DA77DE4/xx/webpack-ai-spa/node_modules/jest-resolve/build/index.js:1004:84)\n    at Resolver._getAbsolutePath (/media/test/7B2F59427DA77DE4/xx/webpack-ai-spa/node_modules/jest-resolve/build/index.js:984:98)\n    at Resolver.getModuleID (/media/test/7B2F59427DA77DE4/xx/webpack-ai-spa/node_modules/jest-resolve/build/index.js:949:31)\n    at Runtime._shouldMockCjs (/media/test/7B2F59427DA77DE4/xx/webpack-ai-spa/node_modules/jest-runtime/build/index.js:1486:37)\n    at Runtime.requireModuleOrMock (/media/test/7B2F59427DA77DE4/xx/webpack-ai-spa/node_modules/jest-runtime/build/index.js:961:16)\n    at _indexts (/media/test/7B2F59427DA77DE4/xx/webpack-ai-spa/tests/unit/formatwallet.spec.ts:1:40)\n    at Object.describe (/media/test/7B2F59427DA77DE4/xx/webpack-ai-spa/tests/unit/formatwallet.spec.ts:39:3)\n    at Promise.finally.completed (/media/test/7B2F59427DA77DE4/xx/webpack-ai-spa/node_modules/jest-circus/build/jestAdapterInit.js:1556:28)\n    at new Promise (<anonymous>)\n    at callAsyncCircusFn (/media/test/7B2F59427DA77DE4/xx/webpack-ai-spa/node_modules/jest-circus/build/jestAdapterInit.js:1496:10)\n    at _callCircusTest (/media/test/7B2F59427DA77DE4/xx/webpack-ai-spa/node_modules/jest-circus/build/jestAdapterInit.js:1006:40)\n    at processTicksAndRejections (node:internal/process/task_queues:105:5)\n    at _runTest (/media/test/7B2F59427DA77DE4/xx/webpack-ai-spa/node_modules/jest-circus/build/jestAdapterInit.js:946:3)\n    at _runTestsForDescribeBlock (/media/test/7B2F59427DA77DE4/xx/webpack-ai-spa/node_modules/jest-circus/build/jestAdapterInit.js:839:13)\n    at _runTestsForDescribeBlock (/media/test/7B2F59427DA77DE4/xx/webpack-ai-spa/node_modules/jest-circus/build/jestAdapterInit.js:829:11)\n    at _runTestsForDescribeBlock (/media/test/7B2F59427DA77DE4/xx/webpack-ai-spa/node_modules/jest-circus/build/jestAdapterInit.js:829:11)\n    at run (/media/test/7B2F59427DA77DE4/xx/webpack-ai-spa/node_modules/jest-circus/build/jestAdapterInit.js:757:3)\n    at runAndTransformResultsToJestFormat (/media/test/7B2F59427DA77DE4/xx/webpack-ai-spa/node_modules/jest-circus/build/jestAdapterInit.js:1917:21)\n    at jestAdapter (/media/test/7B2F59427DA77DE4/xx/webpack-ai-spa/node_modules/jest-circus/build/runner.js:101:19)\n    at runTestInternal (/media/test/7B2F59427DA77DE4/xx/webpack-ai-spa/node_modules/jest-runner/build/index.js:275:16)\n    at runTest (/media/test/7B2F59427DA77DE4/xx/webpack-ai-spa/node_modules/jest-runner/build/index.js:343:7)"
          ],
          "fullName": "formatWalletAddress 函数测试 边界情况测试 空字符串应该返回空字符串",
          "invocations": 1,
          "location": null,
          "numPassingAsserts": 0,
          "retryReasons": [],
          "startAt": 1757668604690,
          "status": "failed",
          "title": "空字符串应该返回空字符串"
        },
        {
          "ancestorTitles": [
            "formatWalletAddress 函数测试",
            "边界情况测试"
          ],
          "duration": 1,
          "failing": false,
          "failureDetails": [
            {
              "code": "MODULE_NOT_FOUND",
              "hint": "",
              "siblingWithSimilarExtensionFound": false,
              "moduleName": "@/utils/index.ts",
              "_originalMessage": "Cannot find module '@/utils/index.ts' from 'tests/unit/formatwallet.spec.ts'"
            }
          ],
          "failureMessages": [
            "Error: Cannot find module '@/utils/index.ts' from 'tests/unit/formatwallet.spec.ts'\n    at Resolver._throwModNotFoundError (/media/test/7B2F59427DA77DE4/xx/webpack-ai-spa/node_modules/jest-resolve/build/index.js:863:11)\n    at Resolver.resolveModule (/media/test/7B2F59427DA77DE4/xx/webpack-ai-spa/node_modules/jest-resolve/build/index.js:810:10)\n    at Resolver._getVirtualMockPath (/media/test/7B2F59427DA77DE4/xx/webpack-ai-spa/node_modules/jest-resolve/build/index.js:1004:84)\n    at Resolver._getAbsolutePath (/media/test/7B2F59427DA77DE4/xx/webpack-ai-spa/node_modules/jest-resolve/build/index.js:984:98)\n    at Resolver.getModuleID (/media/test/7B2F59427DA77DE4/xx/webpack-ai-spa/node_modules/jest-resolve/build/index.js:949:31)\n    at Runtime._shouldMockCjs (/media/test/7B2F59427DA77DE4/xx/webpack-ai-spa/node_modules/jest-runtime/build/index.js:1486:37)\n    at Runtime.requireModuleOrMock (/media/test/7B2F59427DA77DE4/xx/webpack-ai-spa/node_modules/jest-runtime/build/index.js:961:16)\n    at _indexts (/media/test/7B2F59427DA77DE4/xx/webpack-ai-spa/tests/unit/formatwallet.spec.ts:1:40)\n    at Object.result (/media/test/7B2F59427DA77DE4/xx/webpack-ai-spa/tests/unit/formatwallet.spec.ts:42:14)\n    at Promise.finally.completed (/media/test/7B2F59427DA77DE4/xx/webpack-ai-spa/node_modules/jest-circus/build/jestAdapterInit.js:1556:28)\n    at new Promise (<anonymous>)\n    at callAsyncCircusFn (/media/test/7B2F59427DA77DE4/xx/webpack-ai-spa/node_modules/jest-circus/build/jestAdapterInit.js:1496:10)\n    at _callCircusTest (/media/test/7B2F59427DA77DE4/xx/webpack-ai-spa/node_modules/jest-circus/build/jestAdapterInit.js:1006:40)\n    at processTicksAndRejections (node:internal/process/task_queues:105:5)\n    at _runTest (/media/test/7B2F59427DA77DE4/xx/webpack-ai-spa/node_modules/jest-circus/build/jestAdapterInit.js:946:3)\n    at _runTestsForDescribeBlock (/media/test/7B2F59427DA77DE4/xx/webpack-ai-spa/node_modules/jest-circus/build/jestAdapterInit.js:839:13)\n    at _runTestsForDescribeBlock (/media/test/7B2F59427DA77DE4/xx/webpack-ai-spa/node_modules/jest-circus/build/jestAdapterInit.js:829:11)\n    at _runTestsForDescribeBlock (/media/test/7B2F59427DA77DE4/xx/webpack-ai-spa/node_modules/jest-circus/build/jestAdapterInit.js:829:11)\n    at run (/media/test/7B2F59427DA77DE4/xx/webpack-ai-spa/node_modules/jest-circus/build/jestAdapterInit.js:757:3)\n    at runAndTransformResultsToJestFormat (/media/test/7B2F59427DA77DE4/xx/webpack-ai-spa/node_modules/jest-circus/build/jestAdapterInit.js:1917:21)\n    at jestAdapter (/media/test/7B2F59427DA77DE4/xx/webpack-ai-spa/node_modules/jest-circus/build/runner.js:101:19)\n    at runTestInternal (/media/test/7B2F59427DA77DE4/xx/webpack-ai-spa/node_modules/jest-runner/build/index.js:275:16)\n    at runTest (/media/test/7B2F59427DA77DE4/xx/webpack-ai-spa/node_modules/jest-runner/build/index.js:343:7)"
          ],
          "fullName": "formatWalletAddress 函数测试 边界情况测试 null 或 undefined 应该返回空字符串",
          "invocations": 1,
          "location": null,
          "numPassingAsserts": 0,
          "retryReasons": [],
          "startAt": 1757668604690,
          "status": "failed",
          "title": "null 或 undefined 应该返回空字符串"
        },
        {
          "ancestorTitles": [
            "formatWalletAddress 函数测试",
            "边界情况测试"
          ],
          "duration": 0,
          "failing": false,
          "failureDetails": [
            {
              "code": "MODULE_NOT_FOUND",
              "hint": "",
              "siblingWithSimilarExtensionFound": false,
              "moduleName": "@/utils/index.ts",
              "_originalMessage": "Cannot find module '@/utils/index.ts' from 'tests/unit/formatwallet.spec.ts'"
            }
          ],
          "failureMessages": [
            "Error: Cannot find module '@/utils/index.ts' from 'tests/unit/formatwallet.spec.ts'\n    at Resolver._throwModNotFoundError (/media/test/7B2F59427DA77DE4/xx/webpack-ai-spa/node_modules/jest-resolve/build/index.js:863:11)\n    at Resolver.resolveModule (/media/test/7B2F59427DA77DE4/xx/webpack-ai-spa/node_modules/jest-resolve/build/index.js:810:10)\n    at Resolver._getVirtualMockPath (/media/test/7B2F59427DA77DE4/xx/webpack-ai-spa/node_modules/jest-resolve/build/index.js:1004:84)\n    at Resolver._getAbsolutePath (/media/test/7B2F59427DA77DE4/xx/webpack-ai-spa/node_modules/jest-resolve/build/index.js:984:98)\n    at Resolver.getModuleID (/media/test/7B2F59427DA77DE4/xx/webpack-ai-spa/node_modules/jest-resolve/build/index.js:949:31)\n    at Runtime._shouldMockCjs (/media/test/7B2F59427DA77DE4/xx/webpack-ai-spa/node_modules/jest-runtime/build/index.js:1486:37)\n    at Runtime.requireModuleOrMock (/media/test/7B2F59427DA77DE4/xx/webpack-ai-spa/node_modules/jest-runtime/build/index.js:961:16)\n    at _indexts (/media/test/7B2F59427DA77DE4/xx/webpack-ai-spa/tests/unit/formatwallet.spec.ts:1:40)\n    at Object.test (/media/test/7B2F59427DA77DE4/xx/webpack-ai-spa/tests/unit/formatwallet.spec.ts:50:5)\n    at Promise.finally.completed (/media/test/7B2F59427DA77DE4/xx/webpack-ai-spa/node_modules/jest-circus/build/jestAdapterInit.js:1556:28)\n    at new Promise (<anonymous>)\n    at callAsyncCircusFn (/media/test/7B2F59427DA77DE4/xx/webpack-ai-spa/node_modules/jest-circus/build/jestAdapterInit.js:1496:10)\n    at _callCircusTest (/media/test/7B2F59427DA77DE4/xx/webpack-ai-spa/node_modules/jest-circus/build/jestAdapterInit.js:1006:40)\n    at processTicksAndRejections (node:internal/process/task_queues:105:5)\n    at _runTest (/media/test/7B2F59427DA77DE4/xx/webpack-ai-spa/node_modules/jest-circus/build/jestAdapterInit.js:946:3)\n    at _runTestsForDescribeBlock (/media/test/7B2F59427DA77DE4/xx/webpack-ai-spa/node_modules/jest-circus/build/jestAdapterInit.js:839:13)\n    at _runTestsForDescribeBlock (/media/test/7B2F59427DA77DE4/xx/webpack-ai-spa/node_modules/jest-circus/build/jestAdapterInit.js:829:11)\n    at _runTestsForDescribeBlock (/media/test/7B2F59427DA77DE4/xx/webpack-ai-spa/node_modules/jest-circus/build/jestAdapterInit.js:829:11)\n    at run (/media/test/7B2F59427DA77DE4/xx/webpack-ai-spa/node_modules/jest-circus/build/jestAdapterInit.js:757:3)\n    at runAndTransformResultsToJestFormat (/media/test/7B2F59427DA77DE4/xx/webpack-ai-spa/node_modules/jest-circus/build/jestAdapterInit.js:1917:21)\n    at jestAdapter (/media/test/7B2F59427DA77DE4/xx/webpack-ai-spa/node_modules/jest-circus/build/runner.js:101:19)\n    at runTestInternal (/media/test/7B2F59427DA77DE4/xx/webpack-ai-spa/node_modules/jest-runner/build/index.js:275:16)\n    at runTest (/media/test/7B2F59427DA77DE4/xx/webpack-ai-spa/node_modules/jest-runner/build/index.js:343:7)"
          ],
          "fullName": "formatWalletAddress 函数测试 边界情况测试 地址长度小于等于 startLength + endLength 时应该返回原地址",
          "invocations": 1,
          "location": null,
          "numPassingAsserts": 0,
          "retryReasons": [],
          "startAt": 1757668604691,
          "status": "failed",
          "title": "地址长度小于等于 startLength + endLength 时应该返回原地址"
        },
        {
          "ancestorTitles": [
            "formatWalletAddress 函数测试",
            "边界情况测试"
          ],
          "duration": 0,
          "failing": false,
          "failureDetails": [
            {
              "code": "MODULE_NOT_FOUND",
              "hint": "",
              "siblingWithSimilarExtensionFound": false,
              "moduleName": "@/utils/index.ts",
              "_originalMessage": "Cannot find module '@/utils/index.ts' from 'tests/unit/formatwallet.spec.ts'"
            }
          ],
          "failureMessages": [
            "Error: Cannot find module '@/utils/index.ts' from 'tests/unit/formatwallet.spec.ts'\n    at Resolver._throwModNotFoundError (/media/test/7B2F59427DA77DE4/xx/webpack-ai-spa/node_modules/jest-resolve/build/index.js:863:11)\n    at Resolver.resolveModule (/media/test/7B2F59427DA77DE4/xx/webpack-ai-spa/node_modules/jest-resolve/build/index.js:810:10)\n    at Resolver._getVirtualMockPath (/media/test/7B2F59427DA77DE4/xx/webpack-ai-spa/node_modules/jest-resolve/build/index.js:1004:84)\n    at Resolver._getAbsolutePath (/media/test/7B2F59427DA77DE4/xx/webpack-ai-spa/node_modules/jest-resolve/build/index.js:984:98)\n    at Resolver.getModuleID (/media/test/7B2F59427DA77DE4/xx/webpack-ai-spa/node_modules/jest-resolve/build/index.js:949:31)\n    at Runtime._shouldMockCjs (/media/test/7B2F59427DA77DE4/xx/webpack-ai-spa/node_modules/jest-runtime/build/index.js:1486:37)\n    at Runtime.requireModuleOrMock (/media/test/7B2F59427DA77DE4/xx/webpack-ai-spa/node_modules/jest-runtime/build/index.js:961:16)\n    at _indexts (/media/test/7B2F59427DA77DE4/xx/webpack-ai-spa/tests/unit/formatwallet.spec.ts:1:40)\n    at Object.<anonymous> (/media/test/7B2F59427DA77DE4/xx/webpack-ai-spa/tests/unit/formatwallet.spec.ts:57:10)\n    at Promise.finally.completed (/media/test/7B2F59427DA77DE4/xx/webpack-ai-spa/node_modules/jest-circus/build/jestAdapterInit.js:1556:28)\n    at new Promise (<anonymous>)\n    at callAsyncCircusFn (/media/test/7B2F59427DA77DE4/xx/webpack-ai-spa/node_modules/jest-circus/build/jestAdapterInit.js:1496:10)\n    at _callCircusTest (/media/test/7B2F59427DA77DE4/xx/webpack-ai-spa/node_modules/jest-circus/build/jestAdapterInit.js:1006:40)\n    at processTicksAndRejections (node:internal/process/task_queues:105:5)\n    at _runTest (/media/test/7B2F59427DA77DE4/xx/webpack-ai-spa/node_modules/jest-circus/build/jestAdapterInit.js:946:3)\n    at _runTestsForDescribeBlock (/media/test/7B2F59427DA77DE4/xx/webpack-ai-spa/node_modules/jest-circus/build/jestAdapterInit.js:839:13)\n    at _runTestsForDescribeBlock (/media/test/7B2F59427DA77DE4/xx/webpack-ai-spa/node_modules/jest-circus/build/jestAdapterInit.js:829:11)\n    at _runTestsForDescribeBlock (/media/test/7B2F59427DA77DE4/xx/webpack-ai-spa/node_modules/jest-circus/build/jestAdapterInit.js:829:11)\n    at run (/media/test/7B2F59427DA77DE4/xx/webpack-ai-spa/node_modules/jest-circus/build/jestAdapterInit.js:757:3)\n    at runAndTransformResultsToJestFormat (/media/test/7B2F59427DA77DE4/xx/webpack-ai-spa/node_modules/jest-circus/build/jestAdapterInit.js:1917:21)\n    at jestAdapter (/media/test/7B2F59427DA77DE4/xx/webpack-ai-spa/node_modules/jest-circus/build/runner.js:101:19)\n    at runTestInternal (/media/test/7B2F59427DA77DE4/xx/webpack-ai-spa/node_modules/jest-runner/build/index.js:275:16)\n    at runTest (/media/test/7B2F59427DA77DE4/xx/webpack-ai-spa/node_modules/jest-runner/build/index.js:343:7)"
          ],
          "fullName": "formatWalletAddress 函数测试 边界情况测试 刚好超过最小长度的地址应该被格式化",
          "invocations": 1,
          "location": null,
          "numPassingAsserts": 0,
          "retryReasons": [],
          "startAt": 1757668604692,
          "status": "failed",
          "title": "刚好超过最小长度的地址应该被格式化"
        },
        {
          "ancestorTitles": [
            "formatWalletAddress 函数测试",
            "前缀处理测试"
          ],
          "duration": 1,
          "failing": false,
          "failureDetails": [
            {
              "code": "MODULE_NOT_FOUND",
              "hint": "",
              "siblingWithSimilarExtensionFound": false,
              "moduleName": "@/utils/index.ts",
              "_originalMessage": "Cannot find module '@/utils/index.ts' from 'tests/unit/formatwallet.spec.ts'"
            }
          ],
          "failureMessages": [
            "Error: Cannot find module '@/utils/index.ts' from 'tests/unit/formatwallet.spec.ts'\n    at Resolver._throwModNotFoundError (/media/test/7B2F59427DA77DE4/xx/webpack-ai-spa/node_modules/jest-resolve/build/index.js:863:11)\n    at Resolver.resolveModule (/media/test/7B2F59427DA77DE4/xx/webpack-ai-spa/node_modules/jest-resolve/build/index.js:810:10)\n    at Resolver._getVirtualMockPath (/media/test/7B2F59427DA77DE4/xx/webpack-ai-spa/node_modules/jest-resolve/build/index.js:1004:84)\n    at Resolver._getAbsolutePath (/media/test/7B2F59427DA77DE4/xx/webpack-ai-spa/node_modules/jest-resolve/build/index.js:984:98)\n    at Resolver.getModuleID (/media/test/7B2F59427DA77DE4/xx/webpack-ai-spa/node_modules/jest-resolve/build/index.js:949:31)\n    at Runtime._shouldMockCjs (/media/test/7B2F59427DA77DE4/xx/webpack-ai-spa/node_modules/jest-runtime/build/index.js:1486:37)\n    at Runtime.requireModuleOrMock (/media/test/7B2F59427DA77DE4/xx/webpack-ai-spa/node_modules/jest-runtime/build/index.js:961:16)\n    at _indexts (/media/test/7B2F59427DA77DE4/xx/webpack-ai-spa/tests/unit/formatwallet.spec.ts:1:40)\n    at Object.withPrefix (/media/test/7B2F59427DA77DE4/xx/webpack-ai-spa/tests/unit/formatwallet.spec.ts:66:13)\n    at Promise.finally.completed (/media/test/7B2F59427DA77DE4/xx/webpack-ai-spa/node_modules/jest-circus/build/jestAdapterInit.js:1556:28)\n    at new Promise (<anonymous>)\n    at callAsyncCircusFn (/media/test/7B2F59427DA77DE4/xx/webpack-ai-spa/node_modules/jest-circus/build/jestAdapterInit.js:1496:10)\n    at _callCircusTest (/media/test/7B2F59427DA77DE4/xx/webpack-ai-spa/node_modules/jest-circus/build/jestAdapterInit.js:1006:40)\n    at processTicksAndRejections (node:internal/process/task_queues:105:5)\n    at _runTest (/media/test/7B2F59427DA77DE4/xx/webpack-ai-spa/node_modules/jest-circus/build/jestAdapterInit.js:946:3)\n    at _runTestsForDescribeBlock (/media/test/7B2F59427DA77DE4/xx/webpack-ai-spa/node_modules/jest-circus/build/jestAdapterInit.js:839:13)\n    at _runTestsForDescribeBlock (/media/test/7B2F59427DA77DE4/xx/webpack-ai-spa/node_modules/jest-circus/build/jestAdapterInit.js:829:11)\n    at _runTestsForDescribeBlock (/media/test/7B2F59427DA77DE4/xx/webpack-ai-spa/node_modules/jest-circus/build/jestAdapterInit.js:829:11)\n    at run (/media/test/7B2F59427DA77DE4/xx/webpack-ai-spa/node_modules/jest-circus/build/jestAdapterInit.js:757:3)\n    at runAndTransformResultsToJestFormat (/media/test/7B2F59427DA77DE4/xx/webpack-ai-spa/node_modules/jest-circus/build/jestAdapterInit.js:1917:21)\n    at jestAdapter (/media/test/7B2F59427DA77DE4/xx/webpack-ai-spa/node_modules/jest-circus/build/runner.js:101:19)\n    at runTestInternal (/media/test/7B2F59427DA77DE4/xx/webpack-ai-spa/node_modules/jest-runner/build/index.js:275:16)\n    at runTest (/media/test/7B2F59427DA77DE4/xx/webpack-ai-spa/node_modules/jest-runner/build/index.js:343:7)"
          ],
          "fullName": "formatWalletAddress 函数测试 前缀处理测试 应该保留原有的0x前缀",
          "invocations": 1,
          "location": null,
          "numPassingAsserts": 0,
          "retryReasons": [],
          "startAt": 1757668604692,
          "status": "failed",
          "title": "应该保留原有的0x前缀"
        },
        {
          "ancestorTitles": [
            "formatWalletAddress 函数测试",
            "前缀处理测试"
          ],
          "duration": 0,
          "failing": false,
          "failureDetails": [
            {
              "code": "MODULE_NOT_FOUND",
              "hint": "",
              "siblingWithSimilarExtensionFound": false,
              "moduleName": "@/utils/index.ts",
              "_originalMessage": "Cannot find module '@/utils/index.ts' from 'tests/unit/formatwallet.spec.ts'"
            }
          ],
          "failureMessages": [
            "Error: Cannot find module '@/utils/index.ts' from 'tests/unit/formatwallet.spec.ts'\n    at Resolver._throwModNotFoundError (/media/test/7B2F59427DA77DE4/xx/webpack-ai-spa/node_modules/jest-resolve/build/index.js:863:11)\n    at Resolver.resolveModule (/media/test/7B2F59427DA77DE4/xx/webpack-ai-spa/node_modules/jest-resolve/build/index.js:810:10)\n    at Resolver._getVirtualMockPath (/media/test/7B2F59427DA77DE4/xx/webpack-ai-spa/node_modules/jest-resolve/build/index.js:1004:84)\n    at Resolver._getAbsolutePath (/media/test/7B2F59427DA77DE4/xx/webpack-ai-spa/node_modules/jest-resolve/build/index.js:984:98)\n    at Resolver.getModuleID (/media/test/7B2F59427DA77DE4/xx/webpack-ai-spa/node_modules/jest-resolve/build/index.js:949:31)\n    at Runtime._shouldMockCjs (/media/test/7B2F59427DA77DE4/xx/webpack-ai-spa/node_modules/jest-runtime/build/index.js:1486:37)\n    at Runtime.requireModuleOrMock (/media/test/7B2F59427DA77DE4/xx/webpack-ai-spa/node_modules/jest-runtime/build/index.js:961:16)\n    at _indexts (/media/test/7B2F59427DA77DE4/xx/webpack-ai-spa/tests/unit/formatwallet.spec.ts:1:40)\n    at Object.withoutPrefix (/media/test/7B2F59427DA77DE4/xx/webpack-ai-spa/tests/unit/formatwallet.spec.ts:73:13)\n    at Promise.finally.completed (/media/test/7B2F59427DA77DE4/xx/webpack-ai-spa/node_modules/jest-circus/build/jestAdapterInit.js:1556:28)\n    at new Promise (<anonymous>)\n    at callAsyncCircusFn (/media/test/7B2F59427DA77DE4/xx/webpack-ai-spa/node_modules/jest-circus/build/jestAdapterInit.js:1496:10)\n    at _callCircusTest (/media/test/7B2F59427DA77DE4/xx/webpack-ai-spa/node_modules/jest-circus/build/jestAdapterInit.js:1006:40)\n    at processTicksAndRejections (node:internal/process/task_queues:105:5)\n    at _runTest (/media/test/7B2F59427DA77DE4/xx/webpack-ai-spa/node_modules/jest-circus/build/jestAdapterInit.js:946:3)\n    at _runTestsForDescribeBlock (/media/test/7B2F59427DA77DE4/xx/webpack-ai-spa/node_modules/jest-circus/build/jestAdapterInit.js:839:13)\n    at _runTestsForDescribeBlock (/media/test/7B2F59427DA77DE4/xx/webpack-ai-spa/node_modules/jest-circus/build/jestAdapterInit.js:829:11)\n    at _runTestsForDescribeBlock (/media/test/7B2F59427DA77DE4/xx/webpack-ai-spa/node_modules/jest-circus/build/jestAdapterInit.js:829:11)\n    at run (/media/test/7B2F59427DA77DE4/xx/webpack-ai-spa/node_modules/jest-circus/build/jestAdapterInit.js:757:3)\n    at runAndTransformResultsToJestFormat (/media/test/7B2F59427DA77DE4/xx/webpack-ai-spa/node_modules/jest-circus/build/jestAdapterInit.js:1917:21)\n    at jestAdapter (/media/test/7B2F59427DA77DE4/xx/webpack-ai-spa/node_modules/jest-circus/build/runner.js:101:19)\n    at runTestInternal (/media/test/7B2F59427DA77DE4/xx/webpack-ai-spa/node_modules/jest-runner/build/index.js:275:16)\n    at runTest (/media/test/7B2F59427DA77DE4/xx/webpack-ai-spa/node_modules/jest-runner/build/index.js:343:7)"
          ],
          "fullName": "formatWalletAddress 函数测试 前缀处理测试 没有0x前缀的地址不应该添加前缀",
          "invocations": 1,
          "location": null,
          "numPassingAsserts": 0,
          "retryReasons": [],
          "startAt": 1757668604693,
          "status": "failed",
          "title": "没有0x前缀的地址不应该添加前缀"
        },
        {
          "ancestorTitles": [
            "formatWalletAddress 函数测试",
            "特殊字符和格式测试"
          ],
          "duration": 0,
          "failing": false,
          "failureDetails": [
            {
              "code": "MODULE_NOT_FOUND",
              "hint": "",
              "siblingWithSimilarExtensionFound": false,
              "moduleName": "@/utils/index.ts",
              "_originalMessage": "Cannot find module '@/utils/index.ts' from 'tests/unit/formatwallet.spec.ts'"
            }
          ],
          "failureMessages": [
            "Error: Cannot find module '@/utils/index.ts' from 'tests/unit/formatwallet.spec.ts'\n    at Resolver._throwModNotFoundError (/media/test/7B2F59427DA77DE4/xx/webpack-ai-spa/node_modules/jest-resolve/build/index.js:863:11)\n    at Resolver.resolveModule (/media/test/7B2F59427DA77DE4/xx/webpack-ai-spa/node_modules/jest-resolve/build/index.js:810:10)\n    at Resolver._getVirtualMockPath (/media/test/7B2F59427DA77DE4/xx/webpack-ai-spa/node_modules/jest-resolve/build/index.js:1004:84)\n    at Resolver._getAbsolutePath (/media/test/7B2F59427DA77DE4/xx/webpack-ai-spa/node_modules/jest-resolve/build/index.js:984:98)\n    at Resolver.getModuleID (/media/test/7B2F59427DA77DE4/xx/webpack-ai-spa/node_modules/jest-resolve/build/index.js:949:31)\n    at Runtime._shouldMockCjs (/media/test/7B2F59427DA77DE4/xx/webpack-ai-spa/node_modules/jest-runtime/build/index.js:1486:37)\n    at Runtime.requireModuleOrMock (/media/test/7B2F59427DA77DE4/xx/webpack-ai-spa/node_modules/jest-runtime/build/index.js:961:16)\n    at _indexts (/media/test/7B2F59427DA77DE4/xx/webpack-ai-spa/tests/unit/formatwallet.spec.ts:1:40)\n    at Object.mixedCaseAddress (/media/test/7B2F59427DA77DE4/xx/webpack-ai-spa/tests/unit/formatwallet.spec.ts:82:13)\n    at Promise.finally.completed (/media/test/7B2F59427DA77DE4/xx/webpack-ai-spa/node_modules/jest-circus/build/jestAdapterInit.js:1556:28)\n    at new Promise (<anonymous>)\n    at callAsyncCircusFn (/media/test/7B2F59427DA77DE4/xx/webpack-ai-spa/node_modules/jest-circus/build/jestAdapterInit.js:1496:10)\n    at _callCircusTest (/media/test/7B2F59427DA77DE4/xx/webpack-ai-spa/node_modules/jest-circus/build/jestAdapterInit.js:1006:40)\n    at processTicksAndRejections (node:internal/process/task_queues:105:5)\n    at _runTest (/media/test/7B2F59427DA77DE4/xx/webpack-ai-spa/node_modules/jest-circus/build/jestAdapterInit.js:946:3)\n    at _runTestsForDescribeBlock (/media/test/7B2F59427DA77DE4/xx/webpack-ai-spa/node_modules/jest-circus/build/jestAdapterInit.js:839:13)\n    at _runTestsForDescribeBlock (/media/test/7B2F59427DA77DE4/xx/webpack-ai-spa/node_modules/jest-circus/build/jestAdapterInit.js:829:11)\n    at _runTestsForDescribeBlock (/media/test/7B2F59427DA77DE4/xx/webpack-ai-spa/node_modules/jest-circus/build/jestAdapterInit.js:829:11)\n    at run (/media/test/7B2F59427DA77DE4/xx/webpack-ai-spa/node_modules/jest-circus/build/jestAdapterInit.js:757:3)\n    at runAndTransformResultsToJestFormat (/media/test/7B2F59427DA77DE4/xx/webpack-ai-spa/node_modules/jest-circus/build/jestAdapterInit.js:1917:21)\n    at jestAdapter (/media/test/7B2F59427DA77DE4/xx/webpack-ai-spa/node_modules/jest-circus/build/runner.js:101:19)\n    at runTestInternal (/media/test/7B2F59427DA77DE4/xx/webpack-ai-spa/node_modules/jest-runner/build/index.js:275:16)\n    at runTest (/media/test/7B2F59427DA77DE4/xx/webpack-ai-spa/node_modules/jest-runner/build/index.js:343:7)"
          ],
          "fullName": "formatWalletAddress 函数测试 特殊字符和格式测试 应该正确处理大小写混合的地址",
          "invocations": 1,
          "location": null,
          "numPassingAsserts": 0,
          "retryReasons": [],
          "startAt": 1757668604694,
          "status": "failed",
          "title": "应该正确处理大小写混合的地址"
        },
        {
          "ancestorTitles": [
            "formatWalletAddress 函数测试",
            "特殊字符和格式测试"
          ],
          "duration": 0,
          "failing": false,
          "failureDetails": [
            {
              "code": "MODULE_NOT_FOUND",
              "hint": "",
              "siblingWithSimilarExtensionFound": false,
              "moduleName": "@/utils/index.ts",
              "_originalMessage": "Cannot find module '@/utils/index.ts' from 'tests/unit/formatwallet.spec.ts'"
            }
          ],
          "failureMessages": [
            "Error: Cannot find module '@/utils/index.ts' from 'tests/unit/formatwallet.spec.ts'\n    at Resolver._throwModNotFoundError (/media/test/7B2F59427DA77DE4/xx/webpack-ai-spa/node_modules/jest-resolve/build/index.js:863:11)\n    at Resolver.resolveModule (/media/test/7B2F59427DA77DE4/xx/webpack-ai-spa/node_modules/jest-resolve/build/index.js:810:10)\n    at Resolver._getVirtualMockPath (/media/test/7B2F59427DA77DE4/xx/webpack-ai-spa/node_modules/jest-resolve/build/index.js:1004:84)\n    at Resolver._getAbsolutePath (/media/test/7B2F59427DA77DE4/xx/webpack-ai-spa/node_modules/jest-resolve/build/index.js:984:98)\n    at Resolver.getModuleID (/media/test/7B2F59427DA77DE4/xx/webpack-ai-spa/node_modules/jest-resolve/build/index.js:949:31)\n    at Runtime._shouldMockCjs (/media/test/7B2F59427DA77DE4/xx/webpack-ai-spa/node_modules/jest-runtime/build/index.js:1486:37)\n    at Runtime.requireModuleOrMock (/media/test/7B2F59427DA77DE4/xx/webpack-ai-spa/node_modules/jest-runtime/build/index.js:961:16)\n    at _indexts (/media/test/7B2F59427DA77DE4/xx/webpack-ai-spa/tests/unit/formatwallet.spec.ts:1:40)\n    at Object.upperCaseAddress (/media/test/7B2F59427DA77DE4/xx/webpack-ai-spa/tests/unit/formatwallet.spec.ts:88:13)\n    at Promise.finally.completed (/media/test/7B2F59427DA77DE4/xx/webpack-ai-spa/node_modules/jest-circus/build/jestAdapterInit.js:1556:28)\n    at new Promise (<anonymous>)\n    at callAsyncCircusFn (/media/test/7B2F59427DA77DE4/xx/webpack-ai-spa/node_modules/jest-circus/build/jestAdapterInit.js:1496:10)\n    at _callCircusTest (/media/test/7B2F59427DA77DE4/xx/webpack-ai-spa/node_modules/jest-circus/build/jestAdapterInit.js:1006:40)\n    at processTicksAndRejections (node:internal/process/task_queues:105:5)\n    at _runTest (/media/test/7B2F59427DA77DE4/xx/webpack-ai-spa/node_modules/jest-circus/build/jestAdapterInit.js:946:3)\n    at _runTestsForDescribeBlock (/media/test/7B2F59427DA77DE4/xx/webpack-ai-spa/node_modules/jest-circus/build/jestAdapterInit.js:839:13)\n    at _runTestsForDescribeBlock (/media/test/7B2F59427DA77DE4/xx/webpack-ai-spa/node_modules/jest-circus/build/jestAdapterInit.js:829:11)\n    at _runTestsForDescribeBlock (/media/test/7B2F59427DA77DE4/xx/webpack-ai-spa/node_modules/jest-circus/build/jestAdapterInit.js:829:11)\n    at run (/media/test/7B2F59427DA77DE4/xx/webpack-ai-spa/node_modules/jest-circus/build/jestAdapterInit.js:757:3)\n    at runAndTransformResultsToJestFormat (/media/test/7B2F59427DA77DE4/xx/webpack-ai-spa/node_modules/jest-circus/build/jestAdapterInit.js:1917:21)\n    at jestAdapter (/media/test/7B2F59427DA77DE4/xx/webpack-ai-spa/node_modules/jest-circus/build/runner.js:101:19)\n    at runTestInternal (/media/test/7B2F59427DA77DE4/xx/webpack-ai-spa/node_modules/jest-runner/build/index.js:275:16)\n    at runTest (/media/test/7B2F59427DA77DE4/xx/webpack-ai-spa/node_modules/jest-runner/build/index.js:343:7)"
          ],
          "fullName": "formatWalletAddress 函数测试 特殊字符和格式测试 应该正确处理全大写地址",
          "invocations": 1,
          "location": null,
          "numPassingAsserts": 0,
          "retryReasons": [],
          "startAt": 1757668604694,
          "status": "failed",
          "title": "应该正确处理全大写地址"
        },
        {
          "ancestorTitles": [
            "formatWalletAddress 函数测试",
            "特殊字符和格式测试"
          ],
          "duration": 0,
          "failing": false,
          "failureDetails": [
            {
              "code": "MODULE_NOT_FOUND",
              "hint": "",
              "siblingWithSimilarExtensionFound": false,
              "moduleName": "@/utils/index.ts",
              "_originalMessage": "Cannot find module '@/utils/index.ts' from 'tests/unit/formatwallet.spec.ts'"
            }
          ],
          "failureMessages": [
            "Error: Cannot find module '@/utils/index.ts' from 'tests/unit/formatwallet.spec.ts'\n    at Resolver._throwModNotFoundError (/media/test/7B2F59427DA77DE4/xx/webpack-ai-spa/node_modules/jest-resolve/build/index.js:863:11)\n    at Resolver.resolveModule (/media/test/7B2F59427DA77DE4/xx/webpack-ai-spa/node_modules/jest-resolve/build/index.js:810:10)\n    at Resolver._getVirtualMockPath (/media/test/7B2F59427DA77DE4/xx/webpack-ai-spa/node_modules/jest-resolve/build/index.js:1004:84)\n    at Resolver._getAbsolutePath (/media/test/7B2F59427DA77DE4/xx/webpack-ai-spa/node_modules/jest-resolve/build/index.js:984:98)\n    at Resolver.getModuleID (/media/test/7B2F59427DA77DE4/xx/webpack-ai-spa/node_modules/jest-resolve/build/index.js:949:31)\n    at Runtime._shouldMockCjs (/media/test/7B2F59427DA77DE4/xx/webpack-ai-spa/node_modules/jest-runtime/build/index.js:1486:37)\n    at Runtime.requireModuleOrMock (/media/test/7B2F59427DA77DE4/xx/webpack-ai-spa/node_modules/jest-runtime/build/index.js:961:16)\n    at _indexts (/media/test/7B2F59427DA77DE4/xx/webpack-ai-spa/tests/unit/formatwallet.spec.ts:1:40)\n    at Object.lowerCaseAddress (/media/test/7B2F59427DA77DE4/xx/webpack-ai-spa/tests/unit/formatwallet.spec.ts:94:13)\n    at Promise.finally.completed (/media/test/7B2F59427DA77DE4/xx/webpack-ai-spa/node_modules/jest-circus/build/jestAdapterInit.js:1556:28)\n    at new Promise (<anonymous>)\n    at callAsyncCircusFn (/media/test/7B2F59427DA77DE4/xx/webpack-ai-spa/node_modules/jest-circus/build/jestAdapterInit.js:1496:10)\n    at _callCircusTest (/media/test/7B2F59427DA77DE4/xx/webpack-ai-spa/node_modules/jest-circus/build/jestAdapterInit.js:1006:40)\n    at processTicksAndRejections (node:internal/process/task_queues:105:5)\n    at _runTest (/media/test/7B2F59427DA77DE4/xx/webpack-ai-spa/node_modules/jest-circus/build/jestAdapterInit.js:946:3)\n    at _runTestsForDescribeBlock (/media/test/7B2F59427DA77DE4/xx/webpack-ai-spa/node_modules/jest-circus/build/jestAdapterInit.js:839:13)\n    at _runTestsForDescribeBlock (/media/test/7B2F59427DA77DE4/xx/webpack-ai-spa/node_modules/jest-circus/build/jestAdapterInit.js:829:11)\n    at _runTestsForDescribeBlock (/media/test/7B2F59427DA77DE4/xx/webpack-ai-spa/node_modules/jest-circus/build/jestAdapterInit.js:829:11)\n    at run (/media/test/7B2F59427DA77DE4/xx/webpack-ai-spa/node_modules/jest-circus/build/jestAdapterInit.js:757:3)\n    at runAndTransformResultsToJestFormat (/media/test/7B2F59427DA77DE4/xx/webpack-ai-spa/node_modules/jest-circus/build/jestAdapterInit.js:1917:21)\n    at jestAdapter (/media/test/7B2F59427DA77DE4/xx/webpack-ai-spa/node_modules/jest-circus/build/runner.js:101:19)\n    at runTestInternal (/media/test/7B2F59427DA77DE4/xx/webpack-ai-spa/node_modules/jest-runner/build/index.js:275:16)\n    at runTest (/media/test/7B2F59427DA77DE4/xx/webpack-ai-spa/node_modules/jest-runner/build/index.js:343:7)"
          ],
          "fullName": "formatWalletAddress 函数测试 特殊字符和格式测试 应该正确处理全小写地址",
          "invocations": 1,
          "location": null,
          "numPassingAsserts": 0,
          "retryReasons": [],
          "startAt": 1757668604695,
          "status": "failed",
          "title": "应该正确处理全小写地址"
        },
        {
          "ancestorTitles": [
            "formatWalletAddress 函数测试",
            "参数验证测试"
          ],
          "duration": 0,
          "failing": false,
          "failureDetails": [
            {
              "code": "MODULE_NOT_FOUND",
              "hint": "",
              "siblingWithSimilarExtensionFound": false,
              "moduleName": "@/utils/index.ts",
              "_originalMessage": "Cannot find module '@/utils/index.ts' from 'tests/unit/formatwallet.spec.ts'"
            }
          ],
          "failureMessages": [
            "Error: Cannot find module '@/utils/index.ts' from 'tests/unit/formatwallet.spec.ts'\n    at Resolver._throwModNotFoundError (/media/test/7B2F59427DA77DE4/xx/webpack-ai-spa/node_modules/jest-resolve/build/index.js:863:11)\n    at Resolver.resolveModule (/media/test/7B2F59427DA77DE4/xx/webpack-ai-spa/node_modules/jest-resolve/build/index.js:810:10)\n    at Resolver._getVirtualMockPath (/media/test/7B2F59427DA77DE4/xx/webpack-ai-spa/node_modules/jest-resolve/build/index.js:1004:84)\n    at Resolver._getAbsolutePath (/media/test/7B2F59427DA77DE4/xx/webpack-ai-spa/node_modules/jest-resolve/build/index.js:984:98)\n    at Resolver.getModuleID (/media/test/7B2F59427DA77DE4/xx/webpack-ai-spa/node_modules/jest-resolve/build/index.js:949:31)\n    at Runtime._shouldMockCjs (/media/test/7B2F59427DA77DE4/xx/webpack-ai-spa/node_modules/jest-runtime/build/index.js:1486:37)\n    at Runtime.requireModuleOrMock (/media/test/7B2F59427DA77DE4/xx/webpack-ai-spa/node_modules/jest-runtime/build/index.js:961:16)\n    at _indexts (/media/test/7B2F59427DA77DE4/xx/webpack-ai-spa/tests/unit/formatwallet.spec.ts:1:40)\n    at Object.describe (/media/test/7B2F59427DA77DE4/xx/webpack-ai-spa/tests/unit/formatwallet.spec.ts:100:3)\n    at Promise.finally.completed (/media/test/7B2F59427DA77DE4/xx/webpack-ai-spa/node_modules/jest-circus/build/jestAdapterInit.js:1556:28)\n    at new Promise (<anonymous>)\n    at callAsyncCircusFn (/media/test/7B2F59427DA77DE4/xx/webpack-ai-spa/node_modules/jest-circus/build/jestAdapterInit.js:1496:10)\n    at _callCircusTest (/media/test/7B2F59427DA77DE4/xx/webpack-ai-spa/node_modules/jest-circus/build/jestAdapterInit.js:1006:40)\n    at processTicksAndRejections (node:internal/process/task_queues:105:5)\n    at _runTest (/media/test/7B2F59427DA77DE4/xx/webpack-ai-spa/node_modules/jest-circus/build/jestAdapterInit.js:946:3)\n    at _runTestsForDescribeBlock (/media/test/7B2F59427DA77DE4/xx/webpack-ai-spa/node_modules/jest-circus/build/jestAdapterInit.js:839:13)\n    at _runTestsForDescribeBlock (/media/test/7B2F59427DA77DE4/xx/webpack-ai-spa/node_modules/jest-circus/build/jestAdapterInit.js:829:11)\n    at _runTestsForDescribeBlock (/media/test/7B2F59427DA77DE4/xx/webpack-ai-spa/node_modules/jest-circus/build/jestAdapterInit.js:829:11)\n    at run (/media/test/7B2F59427DA77DE4/xx/webpack-ai-spa/node_modules/jest-circus/build/jestAdapterInit.js:757:3)\n    at runAndTransformResultsToJestFormat (/media/test/7B2F59427DA77DE4/xx/webpack-ai-spa/node_modules/jest-circus/build/jestAdapterInit.js:1917:21)\n    at jestAdapter (/media/test/7B2F59427DA77DE4/xx/webpack-ai-spa/node_modules/jest-circus/build/runner.js:101:19)\n    at runTestInternal (/media/test/7B2F59427DA77DE4/xx/webpack-ai-spa/node_modules/jest-runner/build/index.js:275:16)\n    at runTest (/media/test/7B2F59427DA77DE4/xx/webpack-ai-spa/node_modules/jest-runner/build/index.js:343:7)"
          ],
          "fullName": "formatWalletAddress 函数测试 参数验证测试 起始长度为0时应该正常工作",
          "invocations": 1,
          "location": null,
          "numPassingAsserts": 0,
          "retryReasons": [],
          "startAt": 1757668604695,
          "status": "failed",
          "title": "起始长度为0时应该正常工作"
        },
        {
          "ancestorTitles": [
            "formatWalletAddress 函数测试",
            "参数验证测试"
          ],
          "duration": 0,
          "failing": false,
          "failureDetails": [
            {
              "code": "MODULE_NOT_FOUND",
              "hint": "",
              "siblingWithSimilarExtensionFound": false,
              "moduleName": "@/utils/index.ts",
              "_originalMessage": "Cannot find module '@/utils/index.ts' from 'tests/unit/formatwallet.spec.ts'"
            }
          ],
          "failureMessages": [
            "Error: Cannot find module '@/utils/index.ts' from 'tests/unit/formatwallet.spec.ts'\n    at Resolver._throwModNotFoundError (/media/test/7B2F59427DA77DE4/xx/webpack-ai-spa/node_modules/jest-resolve/build/index.js:863:11)\n    at Resolver.resolveModule (/media/test/7B2F59427DA77DE4/xx/webpack-ai-spa/node_modules/jest-resolve/build/index.js:810:10)\n    at Resolver._getVirtualMockPath (/media/test/7B2F59427DA77DE4/xx/webpack-ai-spa/node_modules/jest-resolve/build/index.js:1004:84)\n    at Resolver._getAbsolutePath (/media/test/7B2F59427DA77DE4/xx/webpack-ai-spa/node_modules/jest-resolve/build/index.js:984:98)\n    at Resolver.getModuleID (/media/test/7B2F59427DA77DE4/xx/webpack-ai-spa/node_modules/jest-resolve/build/index.js:949:31)\n    at Runtime._shouldMockCjs (/media/test/7B2F59427DA77DE4/xx/webpack-ai-spa/node_modules/jest-runtime/build/index.js:1486:37)\n    at Runtime.requireModuleOrMock (/media/test/7B2F59427DA77DE4/xx/webpack-ai-spa/node_modules/jest-runtime/build/index.js:961:16)\n    at _indexts (/media/test/7B2F59427DA77DE4/xx/webpack-ai-spa/tests/unit/formatwallet.spec.ts:1:40)\n    at Object.toBe (/media/test/7B2F59427DA77DE4/xx/webpack-ai-spa/tests/unit/formatwallet.spec.ts:103:22)\n    at Promise.finally.completed (/media/test/7B2F59427DA77DE4/xx/webpack-ai-spa/node_modules/jest-circus/build/jestAdapterInit.js:1556:28)\n    at new Promise (<anonymous>)\n    at callAsyncCircusFn (/media/test/7B2F59427DA77DE4/xx/webpack-ai-spa/node_modules/jest-circus/build/jestAdapterInit.js:1496:10)\n    at _callCircusTest (/media/test/7B2F59427DA77DE4/xx/webpack-ai-spa/node_modules/jest-circus/build/jestAdapterInit.js:1006:40)\n    at processTicksAndRejections (node:internal/process/task_queues:105:5)\n    at _runTest (/media/test/7B2F59427DA77DE4/xx/webpack-ai-spa/node_modules/jest-circus/build/jestAdapterInit.js:946:3)\n    at _runTestsForDescribeBlock (/media/test/7B2F59427DA77DE4/xx/webpack-ai-spa/node_modules/jest-circus/build/jestAdapterInit.js:839:13)\n    at _runTestsForDescribeBlock (/media/test/7B2F59427DA77DE4/xx/webpack-ai-spa/node_modules/jest-circus/build/jestAdapterInit.js:829:11)\n    at _runTestsForDescribeBlock (/media/test/7B2F59427DA77DE4/xx/webpack-ai-spa/node_modules/jest-circus/build/jestAdapterInit.js:829:11)\n    at run (/media/test/7B2F59427DA77DE4/xx/webpack-ai-spa/node_modules/jest-circus/build/jestAdapterInit.js:757:3)\n    at runAndTransformResultsToJestFormat (/media/test/7B2F59427DA77DE4/xx/webpack-ai-spa/node_modules/jest-circus/build/jestAdapterInit.js:1917:21)\n    at jestAdapter (/media/test/7B2F59427DA77DE4/xx/webpack-ai-spa/node_modules/jest-circus/build/runner.js:101:19)\n    at runTestInternal (/media/test/7B2F59427DA77DE4/xx/webpack-ai-spa/node_modules/jest-runner/build/index.js:275:16)\n    at runTest (/media/test/7B2F59427DA77DE4/xx/webpack-ai-spa/node_modules/jest-runner/build/index.js:343:7)"
          ],
          "fullName": "formatWalletAddress 函数测试 参数验证测试 结尾长度为0时应该正常工作",
          "invocations": 1,
          "location": null,
          "numPassingAsserts": 0,
          "retryReasons": [],
          "startAt": 1757668604696,
          "status": "failed",
          "title": "结尾长度为0时应该正常工作"
        },
        {
          "ancestorTitles": [
            "formatWalletAddress 函数测试",
            "参数验证测试"
          ],
          "duration": 0,
          "failing": false,
          "failureDetails": [
            {
              "code": "MODULE_NOT_FOUND",
              "hint": "",
              "siblingWithSimilarExtensionFound": false,
              "moduleName": "@/utils/index.ts",
              "_originalMessage": "Cannot find module '@/utils/index.ts' from 'tests/unit/formatwallet.spec.ts'"
            }
          ],
          "failureMessages": [
            "Error: Cannot find module '@/utils/index.ts' from 'tests/unit/formatwallet.spec.ts'\n    at Resolver._throwModNotFoundError (/media/test/7B2F59427DA77DE4/xx/webpack-ai-spa/node_modules/jest-resolve/build/index.js:863:11)\n    at Resolver.resolveModule (/media/test/7B2F59427DA77DE4/xx/webpack-ai-spa/node_modules/jest-resolve/build/index.js:810:10)\n    at Resolver._getVirtualMockPath (/media/test/7B2F59427DA77DE4/xx/webpack-ai-spa/node_modules/jest-resolve/build/index.js:1004:84)\n    at Resolver._getAbsolutePath (/media/test/7B2F59427DA77DE4/xx/webpack-ai-spa/node_modules/jest-resolve/build/index.js:984:98)\n    at Resolver.getModuleID (/media/test/7B2F59427DA77DE4/xx/webpack-ai-spa/node_modules/jest-resolve/build/index.js:949:31)\n    at Runtime._shouldMockCjs (/media/test/7B2F59427DA77DE4/xx/webpack-ai-spa/node_modules/jest-runtime/build/index.js:1486:37)\n    at Runtime.requireModuleOrMock (/media/test/7B2F59427DA77DE4/xx/webpack-ai-spa/node_modules/jest-runtime/build/index.js:961:16)\n    at _indexts (/media/test/7B2F59427DA77DE4/xx/webpack-ai-spa/tests/unit/formatwallet.spec.ts:1:40)\n    at Object.<anonymous> (/media/test/7B2F59427DA77DE4/xx/webpack-ai-spa/tests/unit/formatwallet.spec.ts:108:27)\n    at Promise.finally.completed (/media/test/7B2F59427DA77DE4/xx/webpack-ai-spa/node_modules/jest-circus/build/jestAdapterInit.js:1556:28)\n    at new Promise (<anonymous>)\n    at callAsyncCircusFn (/media/test/7B2F59427DA77DE4/xx/webpack-ai-spa/node_modules/jest-circus/build/jestAdapterInit.js:1496:10)\n    at _callCircusTest (/media/test/7B2F59427DA77DE4/xx/webpack-ai-spa/node_modules/jest-circus/build/jestAdapterInit.js:1006:40)\n    at processTicksAndRejections (node:internal/process/task_queues:105:5)\n    at _runTest (/media/test/7B2F59427DA77DE4/xx/webpack-ai-spa/node_modules/jest-circus/build/jestAdapterInit.js:946:3)\n    at _runTestsForDescribeBlock (/media/test/7B2F59427DA77DE4/xx/webpack-ai-spa/node_modules/jest-circus/build/jestAdapterInit.js:839:13)\n    at _runTestsForDescribeBlock (/media/test/7B2F59427DA77DE4/xx/webpack-ai-spa/node_modules/jest-circus/build/jestAdapterInit.js:829:11)\n    at _runTestsForDescribeBlock (/media/test/7B2F59427DA77DE4/xx/webpack-ai-spa/node_modules/jest-circus/build/jestAdapterInit.js:829:11)\n    at run (/media/test/7B2F59427DA77DE4/xx/webpack-ai-spa/node_modules/jest-circus/build/jestAdapterInit.js:757:3)\n    at runAndTransformResultsToJestFormat (/media/test/7B2F59427DA77DE4/xx/webpack-ai-spa/node_modules/jest-circus/build/jestAdapterInit.js:1917:21)\n    at jestAdapter (/media/test/7B2F59427DA77DE4/xx/webpack-ai-spa/node_modules/jest-circus/build/runner.js:101:19)\n    at runTestInternal (/media/test/7B2F59427DA77DE4/xx/webpack-ai-spa/node_modules/jest-runner/build/index.js:275:16)\n    at runTest (/media/test/7B2F59427DA77DE4/xx/webpack-ai-spa/node_modules/jest-runner/build/index.js:343:7)"
          ],
          "fullName": "formatWalletAddress 函数测试 参数验证测试 起始和结尾长度都为0时应该只显示前缀和省略号",
          "invocations": 1,
          "location": null,
          "numPassingAsserts": 0,
          "retryReasons": [],
          "startAt": 1757668604696,
          "status": "failed",
          "title": "起始和结尾长度都为0时应该只显示前缀和省略号"
        },
        {
          "ancestorTitles": [
            "formatWalletAddress 函数测试",
            "参数验证测试"
          ],
          "duration": 0,
          "failing": false,
          "failureDetails": [
            {
              "code": "MODULE_NOT_FOUND",
              "hint": "",
              "siblingWithSimilarExtensionFound": false,
              "moduleName": "@/utils/index.ts",
              "_originalMessage": "Cannot find module '@/utils/index.ts' from 'tests/unit/formatwallet.spec.ts'"
            }
          ],
          "failureMessages": [
            "Error: Cannot find module '@/utils/index.ts' from 'tests/unit/formatwallet.spec.ts'\n    at Resolver._throwModNotFoundError (/media/test/7B2F59427DA77DE4/xx/webpack-ai-spa/node_modules/jest-resolve/build/index.js:863:11)\n    at Resolver.resolveModule (/media/test/7B2F59427DA77DE4/xx/webpack-ai-spa/node_modules/jest-resolve/build/index.js:810:10)\n    at Resolver._getVirtualMockPath (/media/test/7B2F59427DA77DE4/xx/webpack-ai-spa/node_modules/jest-resolve/build/index.js:1004:84)\n    at Resolver._getAbsolutePath (/media/test/7B2F59427DA77DE4/xx/webpack-ai-spa/node_modules/jest-resolve/build/index.js:984:98)\n    at Resolver.getModuleID (/media/test/7B2F59427DA77DE4/xx/webpack-ai-spa/node_modules/jest-resolve/build/index.js:949:31)\n    at Runtime._shouldMockCjs (/media/test/7B2F59427DA77DE4/xx/webpack-ai-spa/node_modules/jest-runtime/build/index.js:1486:37)\n    at Runtime.requireModuleOrMock (/media/test/7B2F59427DA77DE4/xx/webpack-ai-spa/node_modules/jest-runtime/build/index.js:961:16)\n    at _indexts (/media/test/7B2F59427DA77DE4/xx/webpack-ai-spa/tests/unit/formatwallet.spec.ts:1:40)\n    at Object.result (/media/test/7B2F59427DA77DE4/xx/webpack-ai-spa/tests/unit/formatwallet.spec.ts:113:14)\n    at Promise.finally.completed (/media/test/7B2F59427DA77DE4/xx/webpack-ai-spa/node_modules/jest-circus/build/jestAdapterInit.js:1556:28)\n    at new Promise (<anonymous>)\n    at callAsyncCircusFn (/media/test/7B2F59427DA77DE4/xx/webpack-ai-spa/node_modules/jest-circus/build/jestAdapterInit.js:1496:10)\n    at _callCircusTest (/media/test/7B2F59427DA77DE4/xx/webpack-ai-spa/node_modules/jest-circus/build/jestAdapterInit.js:1006:40)\n    at processTicksAndRejections (node:internal/process/task_queues:105:5)\n    at _runTest (/media/test/7B2F59427DA77DE4/xx/webpack-ai-spa/node_modules/jest-circus/build/jestAdapterInit.js:946:3)\n    at _runTestsForDescribeBlock (/media/test/7B2F59427DA77DE4/xx/webpack-ai-spa/node_modules/jest-circus/build/jestAdapterInit.js:839:13)\n    at _runTestsForDescribeBlock (/media/test/7B2F59427DA77DE4/xx/webpack-ai-spa/node_modules/jest-circus/build/jestAdapterInit.js:829:11)\n    at _runTestsForDescribeBlock (/media/test/7B2F59427DA77DE4/xx/webpack-ai-spa/node_modules/jest-circus/build/jestAdapterInit.js:829:11)\n    at run (/media/test/7B2F59427DA77DE4/xx/webpack-ai-spa/node_modules/jest-circus/build/jestAdapterInit.js:757:3)\n    at runAndTransformResultsToJestFormat (/media/test/7B2F59427DA77DE4/xx/webpack-ai-spa/node_modules/jest-circus/build/jestAdapterInit.js:1917:21)\n    at jestAdapter (/media/test/7B2F59427DA77DE4/xx/webpack-ai-spa/node_modules/jest-circus/build/runner.js:101:19)\n    at runTestInternal (/media/test/7B2F59427DA77DE4/xx/webpack-ai-spa/node_modules/jest-runner/build/index.js:275:16)\n    at runTest (/media/test/7B2F59427DA77DE4/xx/webpack-ai-spa/node_modules/jest-runner/build/index.js:343:7)"
          ],
          "fullName": "formatWalletAddress 函数测试 参数验证测试 负数参数应该被处理为0",
          "invocations": 1,
          "location": null,
          "numPassingAsserts": 0,
          "retryReasons": [],
          "startAt": 1757668604697,
          "status": "failed",
          "title": "负数参数应该被处理为0"
        },
        {
          "ancestorTitles": [
            "formatWalletAddress 函数测试",
            "性能和压力测试"
          ],
          "duration": 0,
          "failing": false,
          "failureDetails": [
            {
              "code": "MODULE_NOT_FOUND",
              "hint": "",
              "siblingWithSimilarExtensionFound": false,
              "moduleName": "@/utils/index.ts",
              "_originalMessage": "Cannot find module '@/utils/index.ts' from 'tests/unit/formatwallet.spec.ts'"
            }
          ],
          "failureMessages": [
            "Error: Cannot find module '@/utils/index.ts' from 'tests/unit/formatwallet.spec.ts'\n    at Resolver._throwModNotFoundError (/media/test/7B2F59427DA77DE4/xx/webpack-ai-spa/node_modules/jest-resolve/build/index.js:863:11)\n    at Resolver.resolveModule (/media/test/7B2F59427DA77DE4/xx/webpack-ai-spa/node_modules/jest-resolve/build/index.js:810:10)\n    at Resolver._getVirtualMockPath (/media/test/7B2F59427DA77DE4/xx/webpack-ai-spa/node_modules/jest-resolve/build/index.js:1004:84)\n    at Resolver._getAbsolutePath (/media/test/7B2F59427DA77DE4/xx/webpack-ai-spa/node_modules/jest-resolve/build/index.js:984:98)\n    at Resolver.getModuleID (/media/test/7B2F59427DA77DE4/xx/webpack-ai-spa/node_modules/jest-resolve/build/index.js:949:31)\n    at Runtime._shouldMockCjs (/media/test/7B2F59427DA77DE4/xx/webpack-ai-spa/node_modules/jest-runtime/build/index.js:1486:37)\n    at Runtime.requireModuleOrMock (/media/test/7B2F59427DA77DE4/xx/webpack-ai-spa/node_modules/jest-runtime/build/index.js:961:16)\n    at _indexts (/media/test/7B2F59427DA77DE4/xx/webpack-ai-spa/tests/unit/formatwallet.spec.ts:1:40)\n    at Object.<anonymous> (/media/test/7B2F59427DA77DE4/xx/webpack-ai-spa/tests/unit/formatwallet.spec.ts:126:10)\n    at Promise.finally.completed (/media/test/7B2F59427DA77DE4/xx/webpack-ai-spa/node_modules/jest-circus/build/jestAdapterInit.js:1556:28)\n    at new Promise (<anonymous>)\n    at callAsyncCircusFn (/media/test/7B2F59427DA77DE4/xx/webpack-ai-spa/node_modules/jest-circus/build/jestAdapterInit.js:1496:10)\n    at _callCircusTest (/media/test/7B2F59427DA77DE4/xx/webpack-ai-spa/node_modules/jest-circus/build/jestAdapterInit.js:1006:40)\n    at processTicksAndRejections (node:internal/process/task_queues:105:5)\n    at _runTest (/media/test/7B2F59427DA77DE4/xx/webpack-ai-spa/node_modules/jest-circus/build/jestAdapterInit.js:946:3)\n    at _runTestsForDescribeBlock (/media/test/7B2F59427DA77DE4/xx/webpack-ai-spa/node_modules/jest-circus/build/jestAdapterInit.js:839:13)\n    at _runTestsForDescribeBlock (/media/test/7B2F59427DA77DE4/xx/webpack-ai-spa/node_modules/jest-circus/build/jestAdapterInit.js:829:11)\n    at _runTestsForDescribeBlock (/media/test/7B2F59427DA77DE4/xx/webpack-ai-spa/node_modules/jest-circus/build/jestAdapterInit.js:829:11)\n    at run (/media/test/7B2F59427DA77DE4/xx/webpack-ai-spa/node_modules/jest-circus/build/jestAdapterInit.js:757:3)\n    at runAndTransformResultsToJestFormat (/media/test/7B2F59427DA77DE4/xx/webpack-ai-spa/node_modules/jest-circus/build/jestAdapterInit.js:1917:21)\n    at jestAdapter (/media/test/7B2F59427DA77DE4/xx/webpack-ai-spa/node_modules/jest-circus/build/runner.js:101:19)\n    at runTestInternal (/media/test/7B2F59427DA77DE4/xx/webpack-ai-spa/node_modules/jest-runner/build/index.js:275:16)\n    at runTest (/media/test/7B2F59427DA77DE4/xx/webpack-ai-spa/node_modules/jest-runner/build/index.js:343:7)"
          ],
          "fullName": "formatWalletAddress 函数测试 性能和压力测试 应该能处理非常长的地址字符串",
          "invocations": 1,
          "location": null,
          "numPassingAsserts": 0,
          "retryReasons": [],
          "startAt": 1757668604697,
          "status": "failed",
          "title": "应该能处理非常长的地址字符串"
        },
        {
          "ancestorTitles": [
            "formatWalletAddress 函数测试",
            "性能和压力测试"
          ],
          "duration": 0,
          "failing": false,
          "failureDetails": [
            {
              "code": "MODULE_NOT_FOUND",
              "hint": "",
              "siblingWithSimilarExtensionFound": false,
              "moduleName": "@/utils/index.ts",
              "_originalMessage": "Cannot find module '@/utils/index.ts' from 'tests/unit/formatwallet.spec.ts'"
            }
          ],
          "failureMessages": [
            "Error: Cannot find module '@/utils/index.ts' from 'tests/unit/formatwallet.spec.ts'\n    at Resolver._throwModNotFoundError (/media/test/7B2F59427DA77DE4/xx/webpack-ai-spa/node_modules/jest-resolve/build/index.js:863:11)\n    at Resolver.resolveModule (/media/test/7B2F59427DA77DE4/xx/webpack-ai-spa/node_modules/jest-resolve/build/index.js:810:10)\n    at Resolver._getVirtualMockPath (/media/test/7B2F59427DA77DE4/xx/webpack-ai-spa/node_modules/jest-resolve/build/index.js:1004:84)\n    at Resolver._getAbsolutePath (/media/test/7B2F59427DA77DE4/xx/webpack-ai-spa/node_modules/jest-resolve/build/index.js:984:98)\n    at Resolver.getModuleID (/media/test/7B2F59427DA77DE4/xx/webpack-ai-spa/node_modules/jest-resolve/build/index.js:949:31)\n    at Runtime._shouldMockCjs (/media/test/7B2F59427DA77DE4/xx/webpack-ai-spa/node_modules/jest-runtime/build/index.js:1486:37)\n    at Runtime.requireModuleOrMock (/media/test/7B2F59427DA77DE4/xx/webpack-ai-spa/node_modules/jest-runtime/build/index.js:961:16)\n    at _indexts (/media/test/7B2F59427DA77DE4/xx/webpack-ai-spa/tests/unit/formatwallet.spec.ts:1:40)\n    at /media/test/7B2F59427DA77DE4/xx/webpack-ai-spa/tests/unit/formatwallet.spec.ts:136:9\n    at Array.map (<anonymous>)\n    at Object.<anonymous> (/media/test/7B2F59427DA77DE4/xx/webpack-ai-spa/tests/unit/formatwallet.spec.ts:136:9)\n    at Promise.finally.completed (/media/test/7B2F59427DA77DE4/xx/webpack-ai-spa/node_modules/jest-circus/build/jestAdapterInit.js:1556:28)\n    at new Promise (<anonymous>)\n    at callAsyncCircusFn (/media/test/7B2F59427DA77DE4/xx/webpack-ai-spa/node_modules/jest-circus/build/jestAdapterInit.js:1496:10)\n    at _callCircusTest (/media/test/7B2F59427DA77DE4/xx/webpack-ai-spa/node_modules/jest-circus/build/jestAdapterInit.js:1006:40)\n    at processTicksAndRejections (node:internal/process/task_queues:105:5)\n    at _runTest (/media/test/7B2F59427DA77DE4/xx/webpack-ai-spa/node_modules/jest-circus/build/jestAdapterInit.js:946:3)\n    at _runTestsForDescribeBlock (/media/test/7B2F59427DA77DE4/xx/webpack-ai-spa/node_modules/jest-circus/build/jestAdapterInit.js:839:13)\n    at _runTestsForDescribeBlock (/media/test/7B2F59427DA77DE4/xx/webpack-ai-spa/node_modules/jest-circus/build/jestAdapterInit.js:829:11)\n    at _runTestsForDescribeBlock (/media/test/7B2F59427DA77DE4/xx/webpack-ai-spa/node_modules/jest-circus/build/jestAdapterInit.js:829:11)\n    at run (/media/test/7B2F59427DA77DE4/xx/webpack-ai-spa/node_modules/jest-circus/build/jestAdapterInit.js:757:3)\n    at runAndTransformResultsToJestFormat (/media/test/7B2F59427DA77DE4/xx/webpack-ai-spa/node_modules/jest-circus/build/jestAdapterInit.js:1917:21)\n    at jestAdapter (/media/test/7B2F59427DA77DE4/xx/webpack-ai-spa/node_modules/jest-circus/build/runner.js:101:19)\n    at runTestInternal (/media/test/7B2F59427DA77DE4/xx/webpack-ai-spa/node_modules/jest-runner/build/index.js:275:16)\n    at runTest (/media/test/7B2F59427DA77DE4/xx/webpack-ai-spa/node_modules/jest-runner/build/index.js:343:7)"
          ],
          "fullName": "formatWalletAddress 函数测试 性能和压力测试 应该能批量处理多个地址",
          "invocations": 1,
          "location": null,
          "numPassingAsserts": 0,
          "retryReasons": [],
          "startAt": 1757668604698,
          "status": "failed",
          "title": "应该能批量处理多个地址"
        }
      ],
      "failureMessage": "\u001b[1m\u001b[31m  \u001b[1m● \u001b[22m\u001b[1mformatWalletAddress 函数测试 › 基本功能测试 › 应该正确格式化标准的以太坊地址（带0x前缀）\u001b[39m\u001b[22m\n\n    Cannot find module '@/utils/index.ts' from 'tests/unit/formatwallet.spec.ts'\n\u001b[2m\u001b[22m\n\u001b[2m    \u001b[0m\u001b[31m\u001b[1m>\u001b[22m\u001b[2m\u001b[39m\u001b[90m 1 |\u001b[39m \u001b[36mimport\u001b[39m { formatWalletAddress } \u001b[36mfrom\u001b[39m \u001b[32m\"@/utils/index.ts\"\u001b[39m\u001b[33m;\u001b[39m\u001b[22m\n\u001b[2m     \u001b[90m   |\u001b[39m                                        \u001b[31m\u001b[1m^\u001b[22m\u001b[2m\u001b[39m\u001b[22m\n\u001b[2m     \u001b[90m 2 |\u001b[39m\u001b[22m\n\u001b[2m     \u001b[90m 3 |\u001b[39m describe(\u001b[32m'formatWalletAddress 函数测试'\u001b[39m\u001b[33m,\u001b[39m () \u001b[33m=>\u001b[39m {\u001b[22m\n\u001b[2m     \u001b[90m 4 |\u001b[39m   \u001b[90m// 测试数据\u001b[39m\u001b[0m\u001b[22m\n\u001b[2m\u001b[22m\n\u001b[2m      \u001b[2mat Resolver._throwModNotFoundError (\u001b[22m\u001b[2mnode_modules/jest-resolve/build/index.js\u001b[2m:863:11)\u001b[22m\u001b[2m\u001b[22m\n\u001b[2m      \u001b[2mat _indexts (\u001b[22m\u001b[2m\u001b[0m\u001b[36mtests/unit/formatwallet.spec.ts\u001b[39m\u001b[0m\u001b[2m:1:40)\u001b[22m\u001b[2m\u001b[22m\n\u001b[2m      \u001b[2mat Object.<anonymous> (\u001b[22m\u001b[2m\u001b[0m\u001b[36mtests/unit/formatwallet.spec.ts\u001b[39m\u001b[0m\u001b[2m:10:12)\u001b[22m\u001b[2m\u001b[22m\n\n\u001b[1m\u001b[31m  \u001b[1m● \u001b[22m\u001b[1mformatWalletAddress 函数测试 › 基本功能测试 › 应该正确格式化不带0x前缀的地址\u001b[39m\u001b[22m\n\n    Cannot find module '@/utils/index.ts' from 'tests/unit/formatwallet.spec.ts'\n\u001b[2m\u001b[22m\n\u001b[2m    \u001b[0m\u001b[31m\u001b[1m>\u001b[22m\u001b[2m\u001b[39m\u001b[90m 1 |\u001b[39m \u001b[36mimport\u001b[39m { formatWalletAddress } \u001b[36mfrom\u001b[39m \u001b[32m\"@/utils/index.ts\"\u001b[39m\u001b[33m;\u001b[39m\u001b[22m\n\u001b[2m     \u001b[90m   |\u001b[39m                                        \u001b[31m\u001b[1m^\u001b[22m\u001b[2m\u001b[39m\u001b[22m\n\u001b[2m     \u001b[90m 2 |\u001b[39m\u001b[22m\n\u001b[2m     \u001b[90m 3 |\u001b[39m describe(\u001b[32m'formatWalletAddress 函数测试'\u001b[39m\u001b[33m,\u001b[39m () \u001b[33m=>\u001b[39m {\u001b[22m\n\u001b[2m     \u001b[90m 4 |\u001b[39m   \u001b[90m// 测试数据\u001b[39m\u001b[0m\u001b[22m\n\u001b[2m\u001b[22m\n\u001b[2m      \u001b[2mat Resolver._throwModNotFoundError (\u001b[22m\u001b[2mnode_modules/jest-resolve/build/index.js\u001b[2m:863:11)\u001b[
[...]
b[39m                                        \u001b[31m\u001b[1m^\u001b[22m\u001b[2m\u001b[39m\u001b[22m\n\u001b[2m     \u001b[90m 2 |\u001b[39m\u001b[22m\n\u001b[2m     \u001b[90m 3 |\u001b[39m describe(\u001b[32m'formatWalletAddress 函数测试'\u001b[39m\u001b[33m,\u001b[39m () \u001b[33m=>\u001b[39m {\u001b[22m\n\u001b[2m     \u001b[90m 4 |\u001b[39m   \u001b[90m// 测试数据\u001b[39m\u001b[0m\u001b[22m\n\u001b[2m\u001b[22m\n\u001b[2m      \u001b[2mat Resolver._throwModNotFoundError (\u001b[22m\u001b[2mnode_modules/jest-resolve/build/index.js\u001b[2m:863:11)\u001b[22m\u001b[2m\u001b[22m\n\u001b[2m      \u001b[2mat _indexts (\u001b[22m\u001b[2m\u001b[0m\u001b[36mtests/unit/formatwallet.spec.ts\u001b[39m\u001b[0m\u001b[2m:1:40)\u001b[22m\u001b[2m\u001b[22m\n\u001b[2m      \u001b[2mat Object.test (\u001b[22m\u001b[2m\u001b[0m\u001b[36mtests/unit/formatwallet.spec.ts\u001b[39m\u001b[0m\u001b[2m:50:5)\u001b[22m\u001b[2m\u001b[22m\n\n\u001b[1m\u001b[31m  \u001b[1m● \u001b[22m\u001b[1mformatWalletAddress 函数测试 › 边界情况测试 › 刚好超过最小长度的地址应该被格式化\u001b[39m\u001b[22m\n\n    Cannot find module '@/utils/index.ts' from 'tests/unit/formatwallet.spec.ts'\n\u001b[2m\u001b[22m\n\u001b[2m    \u001b[0m\u001b[31m\u001b[1m>\u001b[22m\u001b[2m\u001b[39m\u001b[90m 1 |\u001b[39m \u001b[36mimport\u001b[39m { formatWalletAddress } \u001b[36mfrom\u001b[39m \u001b[32m\"@/utils/index.ts\"\u001b[39m\u001b[33m;\u001b[39m\u001b[22m\n\u001b[2m     \u001b[90m   |\u001b[39m                                        \u001b[31m\u001b[1m^\u001b[22m\u001b[2m\u001b[39m\u001b[22m\n\u001b[2m     \u001b[90m 2 |\u001b[39m\u001b[22m\n\u001b[2m     \u001b[90m 3 |\u001b[39m describe(\u001b[32m'formatWalletAddress 函数测试'\u001b[39m\u001b[33m,\u001b[39m () \u001b[33m=>\u001b[39m {\u001b[22m\n\u001b[2m     \u001b[90m 4 |\u001b[39m   \u001b[90m// 测试数据\u001b[39m\u001b[0m\u001b[22m\n\u001b[2m\u001b[22m\n\u001b[2m      \u001b[2mat Resolver._throwModNotFoundError (\u001b[22m\u001b[2mnode_modules/jest-resolve/build/index.js\u001b[2m:863:11)\u001b[22m\u001b[2m\u001b[22m\n\u001b[2m      \u001b[2mat _indexts (\u001b[22m\u001b[2m\u001b[0m\u001b[36mtests/unit/formatwallet.spec.ts\u001b[39m\u001b[0m\u001b[2m:1:40)\u001b[22m\u001b[2m\u001b[22m\n\u001b[2m      \u001b[2mat Object.<anonymous> (\u001b[22m\u001b[2m\u001b[0m\u001b[36mtests/unit/formatwallet.spec.ts\u001b[39m\u001b[0m\u001b[2m:57:10)\u001b[22m\u001b[2m\u001b[22m\n\n\u001b[1m\u001b[31m  \u001b[1m● \u001b[22m\u001b[1mformatWalletAddress 函数测试 › 前缀处理测试 › 应该保留原有的0x前缀\u001b[39m\u001b[22m\n\n    Cannot find module '@/utils/index.ts' from 'tests/unit/formatwallet.spec.ts'\n\u001b[2m\u001b[22m\n\u001b[2m    \u001b[0m\u001b[31m\u001b[1m>\u001b[22m\u001b[2m\u001b[39m\u001b[90m 1 |\u001b[39m \u001b[36mimport\u001b[39m { formatWalletAddress } \u001b[36mfrom\u001b[39m \u001b[32m\"@/utils/index.ts\"\u001b[39m\u001b[33m;\u001b[39m\u001b[22m\n\u001b[2m     \u001b[90m   |\u001b[39m                                        \u001b[31m\u001b[1m^\u001b[22m\u001b[2m\u001b[39m\u001b[22m\n\u001b[2m     \u001b[90m 2 |\u001b[39m\u001b[22m\n\u001b[2m     \u001b[90m 3 |\u001b[39m describe(\u001b[32m'formatWalletAddress 函数测试'\u001b[39m\u001b[33m,\u001b[39m () \u001b[33m=>\u001b[39m {\u001b[22m\n\u001b[2m     \u001b[90m 4 |\u001b[39m   \u001b[90m// 测试数据\u001b[39m\u001b[0m\u001b[22m\n\u001b[2m\u001b[22m\n\u001b[2m      \u001b[2mat Resolver._throwModNotFoundError (\u001b[22m\u001b[2mnode_modules/jest-resolve/build/index.js\u001b[2m:863:11)\u001b[22m\u001b[2m\u001b[22m\n\u001b[2m      \u001b[2mat _indexts (\u001b[22m\u001b[2m\u001b[0m\u001b[36mtests/unit/formatwallet.spec.ts\u001b[39m\u001b[0m\u001b[2m:1:40)\u001b[22m\u001b[2m\u001b[22m\n\u001b[2m      \u001b[2mat Object.withPrefix (\u001b[22m\u001b[2m\u001b[0m\u001b[36mtests/unit/formatwallet.spec.ts\u001b[39m\u001b[0m\u001b[2m:66:13)\u001b[22m\u001b[2m\u001b[22m\n\n\u001b[1m\u001b[31m  \u001b[1m● \u001b[22m\u001b[1mformatWalletAddress 函数测试 › 前缀处理测试 › 没有0x前缀的地址不应该添加前缀\u001b[39m\u001b[22m\n\n    Cannot find module '@/utils/index.ts' from 'tests/unit/formatwallet.spec.ts'\n\u001b[2m\u001b[22m\n\u001b[2m    \u001b[0m\u001b[31m\u001b[1m>\u001b[22m\u001b[2m\u001b[39m\u001b[90m 1 |\u001b[39m \u001b[36mimport\u001b[39m { formatWalletAddress } \u001b[36mfrom\u001b[39m \u001b[32m\"@/utils/index.ts\"\u001b[39m\u001b[33m;\u001b[39m\u001b[22m\n\u001b[2m     \u001b[90m   |\u001b[39m                                        \u001b[31m\u001b[1m^\u001b[22m\u001b[2m\u001b[39m\u001b[22m\n\u001b[2m     \u001b[90m 2 |\u001b[39m\u001b[22m\n\u001b[2m     \u001b[90m 3 |\u001b[39m describe(\u001b[32m'formatWalletAddress 函数测试'\u001b[39m\u001b[33m,\u001b[39m () \u001b[33m=>\u001b[39m {\u001b[22m\n\u001b[2m     \u001b[90m 4 |\u001b[39m   \u001b[90m// 测试数据\u001b[39m\u001b[0m\u001b[22m\n\u001b[2m\u001b[22m\n\u001b[2m      \u001b[2mat Resolver._throwModNotFoundError (\u001b[22m\u001b[2mnode_modules/jest-resolve/build/index.js\u001b[2m:863:11)\u001b[22m\u001b[2m\u001b[22m\n\u001b[2m      \u001b[2mat _indexts (\u001b[22m\u001b[2m\u001b[0m\u001b[36mtests/unit/formatwallet.spec.ts\u001b[39m\u001b[0m\u001b[2m:1:40)\u001b[22m\u001b[2m\u001b[22m\n\u001b[2m      \u001b[2mat Object.withoutPrefix (\u001b[22m\u001b[2m\u001b[0m\u001b[36mtests/unit/formatwallet.spec.ts\u001b[39m\u001b[0m\u001b[2m:73:13)\u001b[22m\u001b[2m\u001b[22m\n\n\u001b[1m\u001b[31m  \u001b[1m● \u001b[22m\u001b[1mformatWalletAddress 函数测试 › 特殊字符和格式测试 › 应该正确处理大小写混合的地址\u001b[39m\u001b[22m\n\n    Cannot find module '@/utils/index.ts' from 'tests/unit/formatwallet.spec.ts'\n\u001b[2m\u001b[22m\n\u001b[2m    \u001b[0m\u001b[31m\u001b[1m>\u001b[22m\u001b[2m\u001b[39m\u001b[90m 1 |\u001b[39m \u001b[36mimport\u001b[39m { formatWalletAddress } \u001b[36mfrom\u001b[39m \u001b[32m\"@/utils/index.ts\"\u001b[39m\u001b[33m;\u001b[39m\u001b[22m\n\u001b[2m     \u001b[90m   |\u001b[39m                                        \u001b[31m\u001b[1m^\u001b[22m\u001b[2m\u001b[39m\u001b[22m\n\u001b[2m     \u001b[90m 2 |\u001b[39m\u001b[22m\n\u001b[2m     \u001b[90m 3 |\u001b[39m describe(\u001b[32m'formatWalletAddress 函数测试'\u001b[39m\u001b[33m,\u001b[39m () \u001b[33m=>\u001b[39m {\u001b[22m\n\u001b[2m     \u001b[90m 4 |\u001b[39m   \u001b[90m// 测试数据\u001b[39m\u001b[0m\u001b[22m\n\u001b[2m\u001b[22m\n\u001b[2m      \u001b[2mat Resolver._throwModNotFoundError (\u001b[22m\u001b[2mnode_modules/jest-resolve/build/index.js\u001b[2m:863:11)\u001b[22m\u001b[2m\u001b[22m\n\u001b[2m      \u001b[2mat _indexts (\u001b[22m\u001b[2m\u001b[0m\u001b[36mtests/unit/formatwallet.spec.ts\u001b[39m\u001b[0m\u001b[2m:1:40)\u001b[22m\u001b[2m\u001b[22m\n\u001b[2m      \u001b[2mat Object.mixedCaseAddress (\u001b[22m\u001b[2m\u001b[0m\u001b[36mtests/unit/formatwallet.spec.ts\u001b[39m\u001b[0m\u001b[2m:82:13)\u001b[22m\u001b[2m\u001b[22m\n\n\u001b[1m\u001b[31m  \u001b[1m● \u001b[22m\u001b[1mformatWalletAddress 函数测试 › 特殊字符和格式测试 › 应该正确处理全大写地址\u001b[39m\u001b[22m\n\n    Cannot find module '@/utils/index.ts' from 'tests/unit/formatwallet.spec.ts'\n\u001b[2m\u001b[22m\n\u001b[2m    \u001b[0m\u001b[31m\u001b[1m>\u001b[22m\u001b[2m\u001b[39m\u001b[90m 1 |\u001b[39m \u001b[36mimport\u001b[39m { formatWalletAddress } \u001b[36mfrom\u001b[39m \u001b[32m\"@/utils/index.ts\"\u001b[39m\u001b[33m;\u001b[39m\u001b[22m\n\u001b[2m     \u001b[90m   |\u001b[39m                                        \u001b[31m\u001b[1m^\u001b[22m\u001b[2m\u001b[39m\u001b[22m\n\u001b[2m     \u001b[90m 2 |\u001b[39m\u001b[22m\n\u001b[2m     \u001b[90m 3 |\u001b[39m describe(\u001b[32m'formatWalletAddress 函数测试'\u001b[39m\u001b[33m,\u001b[39m () \u001b[33m=>\u001b[39m {\u001b[22m\n\u001b[2m     \u001b[90m 4 |\u001b[39m   \u001b[90m// 测试数据\u001b[39m\u001b[0m\u001b[22m\n\u001b[2m\u001b[22m\n\u001b[2m      \u001b[2mat Resolver._throwModNotFoundError (\u001b[22m\u001b[2mnode_modules/jest-resolve/build/index.js\u001b[2m:863:11)\u001b[22m\u001b[2m\u001b[22m\n\u001b[2m      \u001b[2mat _indexts (\u001b[22m\u001b[2m\u001b[0m\u001b[36mtests/unit/formatwallet.spec.ts\u001b[39m\u001b[0m\u001b[2m:1:40)\u001b[22m\u001b[2m\u001b[22m\n\u001b[2m      \u001b[2mat Object.upperCaseAddress (\u001b[22m\u001b[2m\u001b[0m\u001b[36mtests/unit/formatwallet.spec.ts\u001b[39m\u001b[0m\u001b[2m:88:13)\u001b[22m\u001b[2m\u001b[22m\n\n\u001b[1m\u001b[31m  \u001b[1m● \u001b[22m\u001b[1mformatWalletAddress 函数测试 › 特殊字符和格式测试 › 应该正确处理全小写地址\u001b[39m\u001b[22m\n\n    Cannot find module '@/utils/index.ts' from 'tests/unit/formatwallet.spec.ts'\n\u001b[2m\u001b[22m\n\u001b[2m    \u001b[0m\u001b[31m\u001b[1m>\u001b[22m\u001b[2m\u001b[39m\u001b[90m 1 |\u001b[39m \u001b[36mimport\u001b[39m { formatWalletAddress } \u001b[36mfrom\u001b[39m \u001b[32m\"@/utils/index.ts\"\u001b[39m\u001b[33m;\u001b[39m\u001b[22m\n\u001b[2m     \u001b[90m   |\u001b[39m                                        \u001b[31m\u001b[1m^\u001b[22m\u001b[2m\u001b[39m\u001b[22m\n\u001b[2m     \u001b[90m 2 |\u001b[39m\u001b[22m\n\u001b[2m     \u001b[90m 3 |\u001b[39m describe(\u001b[32m'formatWalletAddress 函数测试'\u001b[39m\u001b[33m,\u001b[39m () \u001b[33m=>\u001b[39m {\u001b[22m\n\u001b[2m     \u001b[90m 4 |\u001b[39m   \u001b[90m// 测试数据\u001b[39m\u001b[0m\u001b[22m\n\u001b[2m\u001b[22m\n\u001b[2m      \u001b[2mat Resolver._throwModNotFoundError (\u001b[22m\u001b[2mnode_modules/jest-resolve/build/index.js\u001b[2m:863:11)\u001b[22m\u001b[2m\u001b[22m\n\u001b[2m      \u001b[2mat _indexts (\u001b[22m\u001b[2m\u001b[0m\u001b[36mtests/unit/formatwallet.spec.ts\u001b[39m\u001b[0m\u001b[2m:1:40)\u001b[22m\u001b[2m\u001b[22m\n\u001b[2m      \u001b[2mat Object.lowerCaseAddress (\u001b[22m\u001b[2m\u001b[0m\u001b[36mtests/unit/formatwallet.spec.ts\u001b[39m\u001b[0m\u001b[2m:94:13)\u001b[22m\u001b[2m\u001b[22m\n\n\u001b[1m\u001b[31m  \u001b[1m● \u001b[22m\u001b[1mformatWalletAddress 函数测试 › 参数验证测试 › 起始长度为0时应该正常工作\u001b[39m\u001b[22m\n\n    Cannot find module '@/utils/index.ts' from 'tests/unit/formatwallet.spec.ts'\n\u001b[2m\u001b[22m\n\u001b[2m    \u001b[0m\u001b[31m\u001b[1m>\u001b[22m\u001b[2m\u001b[39m\u001b[90m 1 |\u001b[39m \u001b[36mimport\u001b[39m { formatWalletAddress } \u001b[36mfrom\u001b[39m \u001b[32m\"@/utils/index.ts\"\u001b[39m\u001b[33m;\u001b[39m\u001b[22m\n\u001b[2m     \u001b[90m   |\u001b[39m                                        \u001b[31m\u001b[1m^\u001b[22m\u001b[2m\u001b[39m\u001b[22m\n\u001b[2m     \u001b[90m 2 |\u001b[39m\u001b[22m\n\u001b[2m     \u001b[90m 3 |\u001b[39m describe(\u001b[32m'formatWalletAddress 函数测试'\u001b[39m\u001b[33m,\u001b[39m () \u001b[33m=>\u001b[39m {\u001b[22m\n\u001b[2m     \u001b[90m 4 |\u001b[39m   \u001b[90m// 测试数据\u001b[39m\u001b[0m\u001b[22m\n\u001b[2m\u001b[22m\n\u001b[2m      \u001b[2mat Resolver._throwModNotFoundError (\u001b[22m\u001b[2mnode_modules/jest-resolve/build/index.js\u001b[2m:863:11)\u001b[22m\u001b[2m\u001b[22m\n\u001b[2m      \u001b[2mat _indexts (\u001b[22m\u001b[2m\u001b[0m\u001b[36mtests/unit/formatwallet.spec.ts\u001b[39m\u001b[0m\u001b[2m:1:40)\u001b[22m\u001b[2m\u001b[22m\n\u001b[2m      \u001b[2mat Object.describe (\u001b[22m\u001b[2m\u001b[0m\u001b[36mtests/unit/formatwallet.spec.ts\u001b[39m\u001b[0m\u001b[2m:100:3)\u001b[22m\u001b[2m\u001b[22m\n\n\u001b[1m\u001b[31m  \u001b[1m● \u001b[22m\u001b[1mformatWalletAddress 函数测试 › 参数验证测试 › 结尾长度为0时应该正常工作\u001b[39m\u001b[22m\n\n    Cannot find module '@/utils/index.ts' from 'tests/unit/formatwallet.spec.ts'\n\u001b[2m\u001b[22m\n\u001b[2m    \u001b[0m\u001b[31m\u001b[1m>\u001b[22m\u001b[2m\u001b[39m\u001b[90m 1 |\u001b[39m \u001b[36mimport\u001b[39m { formatWalletAddress } \u001b[36mfrom\u001b[39m \u001b[32m\"@/utils/index.ts\"\u001b[39m\u001b[33m;\u001b[39m\u001b[22m\n\u001b[2m     \u001b[90m   |\u001b[39m                                        \u001b[31m\u001b[1m^\u001b[22m\u001b[2m\u001b[39m\u001b[22m\n\u001b[2m     \u001b[90m 2 |\u001b[39m\u001b[22m\n\u001b[2m     \u001b[90m 3 |\u001b[39m describe(\u001b[32m'formatWalletAddress 函数测试'\u001b[39m\u001b[33m,\u001b[39m () \u001b[33m=>\u001b[39m {\u001b[22m\n\u001b[2m     \u001b[90m 4 |\u001b[39m   \u001b[90m// 测试数据\u001b[39m\u001b[0m\u001b[22m\n\u001b[2m\u001b[22m\n\u001b[2m      \u001b[2mat Resolver._throwModNotFoundError (\u001b[22m\u001b[2mnode_modules/jest-resolve/build/index.js\u001b[2m:863:11)\u001b[22m\u001b[2m\u001b[22m\n\u001b[2m      \u001b[2mat _indexts (\u001b[22m\u001b[2m\u001b[0m\u001b[36mtests/unit/formatwallet.spec.ts\u001b[39m\u001b[0m\u001b[2m:1:40)\u001b[22m\u001b[2m\u001b[22m\n\u001b[2m      \u001b[2mat Object.toBe (\u001b[22m\u001b[2m\u001b[0m\u001b[36mtests/unit/formatwallet.spec.ts\u001b[39m\u001b[0m\u001b[2m:103:22)\u001b[22m\u001b[2m\u001b[22m\n\n\u001b[1m\u001b[31m  \u001b[1m● \u001b[22m\u001b[1mformatWalletAddress 函数测试 › 参数验证测试 › 起始和结尾长度都为0时应该只显示前缀和省略号\u001b[39m\u001b[22m\n\n    Cannot find module '@/utils/index.ts' from 'tests/unit/formatwallet.spec.ts'\n\u001b[2m\u001b[22m\n\u001b[2m    \u001b[0m\u001b[31m\u001b[1m>\u001b[22m\u001b[2m\u001b[39m\u001b[90m 1 |\u001b[39m \u001b[36mimport\u001b[39m { formatWalletAddress } \u001b[36mfrom\u001b[39m \u001b[32m\"@/utils/index.ts\"\u001b[39m\u001b[33m;\u001b[39m\u001b[22m\n\u001b[2m     \u001b[90m   |\u001b[39m                                        \u001b[31m\u001b[1m^\u001b[22m\u001b[2m\u001b[39m\u001b[22m\n\u001b[2m     \u001b[90m 2 |\u001b[39m\u001b[22m\n\u001b[2m     \u001b[90m 3 |\u001b[39m describe(\u001b[32m'formatWalletAddress 函数测试'\u001b[39m\u001b[33m,\u001b[39m () \u001b[33m=>\u001b[39m {\u001b[22m\n\u001b[2m     \u001b[90m 4 |\u001b[39m   \u001b[90m// 测试数据\u001b[39m\u001b[0m\u001b[22m\n\u001b[2m\u001b[22m\n\u001b[2m      \u001b[2mat Resolver._throwModNotFoundError (\u001b[22m\u001b[2mnode_modules/jest-resolve/build/index.js\u001b[2m:863:11)\u001b[22m\u001b[2m\u001b[22m\n\u001b[2m      \u001b[2mat _indexts (\u001b[22m\u001b[2m\u001b[0m\u001b[36mtests/unit/formatwallet.spec.ts\u001b[39m\u001b[0m\u001b[2m:1:40)\u001b[22m\u001b[2m\u001b[22m\n\u001b[2m      \u001b[2mat Object.<anonymous> (\u001b[22m\u001b[2m\u001b[0m\u001b[36mtests/unit/formatwallet.spec.ts\u001b[39m\u001b[0m\u001b[2m:108:27)\u001b[22m\u001b[2m\u001b[22m\n\n\u001b[1m\u001b[31m  \u001b[1m● \u001b[22m\u001b[1mformatWalletAddress 函数测试 › 参数验证测试 › 负数参数应该被处理为0\u001b[39m\u001b[22m\n\n    Cannot find module '@/utils/index.ts' from 'tests/unit/formatwallet.spec.ts'\n\u001b[2m\u001b[22m\n\u001b[2m    \u001b[0m\u001b[31m\u001b[1m>\u001b[22m\u001b[2m\u001b[39m\u001b[90m 1 |\u001b[39m \u001b[36mimport\u001b[39m { formatWalletAddress } \u001b[36mfrom\u001b[39m \u001b[32m\"@/utils/index.ts\"\u001b[39m\u001b[33m;\u001b[39m\u001b[22m\n\u001b[2m     \u001b[90m   |\u001b[39m                                        \u001b[31m\u001b[1m^\u001b[22m\u001b[2m\u001b[39m\u001b[22m\n\u001b[2m     \u001b[90m 2 |\u001b[39m\u001b[22m\n\u001b[2m     \u001b[90m 3 |\u001b[39m describe(\u001b[32m'formatWalletAddress 函数测试'\u001b[39m\u001b[33m,\u001b[39m () \u001b[33m=>\u001b[39m {\u001b[22m\n\u001b[2m     \u001b[90m 4 |\u001b[39m   \u001b[90m// 测试数据\u001b[39m\u001b[0m\u001b[22m\n\u001b[2m\u001b[22m\n\u001b[2m      \u001b[2mat Resolver._throwModNotFoundError (\u001b[22m\u001b[2mnode_modules/jest-resolve/build/index.js\u001b[2m:863:11)\u001b[22m\u001b[2m\u001b[22m\n\u001b[2m      \u001b[2mat _indexts (\u001b[22m\u001b[2m\u001b[0m\u001b[36mtests/unit/formatwallet.spec.ts\u001b[39m\u001b[0m\u001b[2m:1:40)\u001b[22m\u001b[2m\u001b[22m\n\u001b[2m      \u001b[2mat Object.result (\u001b[22m\u001b[2m\u001b[0m\u001b[36mtests/unit/formatwallet.spec.ts\u001b[39m\u001b[0m\u001b[2m:113:14)\u001b[22m\u001b[2m\u001b[22m\n\n\u001b[1m\u001b[31m  \u001b[1m● \u001b[22m\u001b[1mformatWalletAddress 函数测试 › 性能和压力测试 › 应该能处理非常长的地址字符串\u001b[39m\u001b[22m\n\n    Cannot find module '@/utils/index.ts' from 'tests/unit/formatwallet.spec.ts'\n\u001b[2m\u001b[22m\n\u001b[2m    \u001b[0m\u001b[31m\u001b[1m>\u001b[22m\u001b[2m\u001b[39m\u001b[90m 1 |\u001b[39m \u001b[36mimport\u001b[39m { formatWalletAddress } \u001b[36mfrom\u001b[39m \u001b[32m\"@/utils/index.ts\"\u001b[39m\u001b[33m;\u001b[39m\u001b[22m\n\u001b[2m     \u001b[90m   |\u001b[39m                                        \u001b[31m\u001b[1m^\u001b[22m\u001b[2m\u001b[39m\u001b[22m\n\u001b[2m     \u001b[90m 2 |\u001b[39m\u001b[22m\n\u001b[2m     \u001b[90m 3 |\u001b[39m describe(\u001b[32m'formatWalletAddress 函数测试'\u001b[39m\u001b[33m,\u001b[39m () \u001b[33m=>\u001b[39m {\u001b[22m\n\u001b[2m     \u001b[90m 4 |\u001b[39m   \u001b[90m// 测试数据\u001b[39m\u001b[0m\u001b[22m\n\u001b[2m\u001b[22m\n\u001b[2m      \u001b[2mat Resolver._throwModNotFoundError (\u001b[22m\u001b[2mnode_modules/jest-resolve/build/index.js\u001b[2m:863:11)\u001b[22m\u001b[2m\u001b[22m\n\u001b[2m      \u001b[2mat _indexts (\u001b[22m\u001b[2m\u001b[0m\u001b[36mtests/unit/formatwallet.spec.ts\u001b[39m\u001b[0m\u001b[2m:1:40)\u001b[22m\u001b[2m\u001b[22m\n\u001b[2m      \u001b[2mat Object.<anonymous> (\u001b[22m\u001b[2m\u001b[0m\u001b[36mtests/unit/formatwallet.spec.ts\u001b[39m\u001b[0m\u001b[2m:126:10)\u001b[22m\u001b[2m\u001b[22m\n\n\u001b[1m\u001b[31m  \u001b[1m● \u001b[22m\u001b[1mformatWalletAddress 函数测试 › 性能和压力测试 › 应该能批量处理多个地址\u001b[39m\u001b[22m\n\n    Cannot find module '@/utils/index.ts' from 'tests/unit/formatwallet.spec.ts'\n\u001b[2m\u001b[22m\n\u001b[2m    \u001b[0m\u001b[31m\u001b[1m>\u001b[22m\u001b[2m\u001b[39m\u001b[90m 1 |\u001b[39m \u001b[36mimport\u001b[39m { formatWalletAddress } \u001b[36mfrom\u001b[39m \u001b[32m\"@/utils/index.ts\"\u001b[39m\u001b[33m;\u001b[39m\u001b[22m\n\u001b[2m     \u001b[90m   |\u001b[39m                                        \u001b[31m\u001b[1m^\u001b[22m\u001b[2m\u001b[39m\u001b[22m\n\u001b[2m     \u001b[90m 2 |\u001b[39m\u001b[22m\n\u001b[2m     \u001b[90m 3 |\u001b[39m describe(\u001b[32m'formatWalletAddress 函数测试'\u001b[39m\u001b[33m,\u001b[39m () \u001b[33m=>\u001b[39m {\u001b[22m\n\u001b[2m     \u001b[90m 4 |\u001b[39m   \u001b[90m// 测试数据\u001b[39m\u001b[0m\u001b[22m\n\u001b[2m\u001b[22m\n\u001b[2m      \u001b[2mat Resolver._throwModNotFoundError (\u001b[22m\u001b[2mnode_modules/jest-resolve/build/index.js\u001b[2m:863:11)\u001b[22m\u001b[2m\u001b[22m\n\u001b[2m      \u001b[2mat _indexts (\u001b[22m\u001b[2m\u001b[0m\u001b[36mtests/unit/formatwallet.spec.ts\u001b[39m\u001b[0m\u001b[2m:1:40)\u001b[22m\u001b[2m\u001b[22m\n\u001b[2m      \u001b[2mat \u001b[22m\u001b[2m\u001b[0m\u001b[36mtests/unit/formatwallet.spec.ts\u001b[39m\u001b[0m\u001b[2m:136:9\u001b[22m\u001b[2m\u001b[22m\n\u001b[2m          at Array.map (<anonymous>)\u001b[22m\n\u001b[2m      \u001b[2mat Object.<anonymous> (\u001b[22m\u001b[2m\u001b[0m\u001b[36mtests/unit/formatwallet.spec.ts\u001b[39m\u001b[0m\u001b[2m:136:9)\u001b[22m\u001b[2m\u001b[22m\n"
    },
    {
      "leaks": false,
      "numFailingTests": 0,
      "numPassingTests": 1,
      "numPendingTests": 0,
      "numTodoTests": 0,
      "openHandles": [],
      "perfStats": {
        "end": 1757668604773,
        "loadTestEnvironmentEnd": 1757668604753,
        "loadTestEnvironmentStart": 1757668604750,
        "runtime": 20,
        "setupAfterEnvEnd": 1757668604771,
        "setupAfterEnvStart": 1757668604771,
        "setupFilesEnd": 1757668604753,
        "setupFilesStart": 1757668604753,
        "slow": false,
        "start": 1757668604753
      },
      "skipped": false,
      "snapshot": {
        "added": 0,
        "fileDeleted": false,
        "matched": 0,
        "unchecked": 0,
        "uncheckedKeys": [],
        "unmatched": 0,
        "updated": 0
      },
      "testFilePath": "/media/test/7B2F59427DA77DE4/xx/webpack-ai-spa/tests/unit/test.spec.ts",
      "testResults": [
        {
          "ancestorTitles": [
            "综合性的测试"
          ],
          "duration": 1,
          "failing": false,
          "failureDetails": [],
          "failureMessages": [],
          "fullName": "综合性的测试 简单的测试",
          "invocations": 1,
          "location": null,
          "numPassingAsserts": 1,
          "retryReasons": [],
          "startAt": 1757668604772,
          "status": "passed",
          "title": "简单的测试"
        }
      ],
      "failureMessage": null
    }
  ],
  "wasInterrupted": false
}